

----------------------------------------------------------
Testing session ID: fbc1
----------------------------------------------------------
============================= test session starts ==============================
platform darwin -- Python 3.9.5, pytest-6.2.1, py-1.10.0, pluggy-0.13.1 -- /Users/abhinavtuli/miniconda3/bin/python3
cachedir: .pytest_cache
rootdir: /Users/abhinavtuli/Documents/Activeloop/Hub, configfile: setup.cfg
plugins: timeout-2.0.2, cases-3.6.4
timeout: 300.0s
timeout method: signal
timeout func_only: False
collecting ... collected 548 items

api/tests/test_agreement.py::test_agreement_logged_out SKIPPED (<Ski...)
api/tests/test_agreement.py::test_agreement_logged_in SKIPPED (<Skip...)
api/tests/test_agreement.py::test_not_agreement_logged_in SKIPPED (<...)
api/tests/test_api.py::test_persist[local_ds_generator] PASSED
api/tests/test_api.py::test_persist[s3_ds_generator] SKIPPED (<Skipp...)
api/tests/test_api.py::test_persist[hub_cloud_ds_generator] SKIPPED
api/tests/test_api.py::test_persist_with[local_ds_generator] PASSED
api/tests/test_api.py::test_persist_with[s3_ds_generator] SKIPPED (<...)
api/tests/test_api.py::test_persist_with[gcs_ds_generator] SKIPPED (...)
api/tests/test_api.py::test_persist_clear_cache[local_ds_generator] PASSED
api/tests/test_api.py::test_persist_clear_cache[s3_ds_generator] SKIPPED
api/tests/test_api.py::test_persist_clear_cache[gcs_ds_generator] SKIPPED
api/tests/test_api.py::test_populate_dataset[memory_ds] PASSED
api/tests/test_api.py::test_populate_dataset[local_ds] PASSED
api/tests/test_api.py::test_populate_dataset[s3_ds] SKIPPED (<Skippe...)
api/tests/test_api.py::test_populate_dataset[gcs_ds] SKIPPED (<Skipp...)
api/tests/test_api.py::test_larger_data_memory PASSED
api/tests/test_api.py::test_stringify PASSED
api/tests/test_api.py::test_stringify_with_path PASSED
api/tests/test_api.py::test_compute_fixed_tensor[memory_ds] PASSED
api/tests/test_api.py::test_compute_fixed_tensor[local_ds] PASSED
api/tests/test_api.py::test_compute_fixed_tensor[s3_ds] SKIPPED (<Sk...)
api/tests/test_api.py::test_compute_dynamic_tensor[memory_ds] PASSED
api/tests/test_api.py::test_compute_dynamic_tensor[local_ds] PASSED
api/tests/test_api.py::test_compute_dynamic_tensor[s3_ds] SKIPPED (<...)
api/tests/test_api.py::test_empty_samples[memory_ds] PASSED
api/tests/test_api.py::test_empty_samples[local_ds] PASSED
api/tests/test_api.py::test_empty_samples[s3_ds] SKIPPED (<Skipped i...)
api/tests/test_api.py::test_empty_samples[gcs_ds] SKIPPED (<Skipped ...)
api/tests/test_api.py::test_safe_downcasting[memory_ds] PASSED
api/tests/test_api.py::test_safe_downcasting[local_ds] PASSED
api/tests/test_api.py::test_safe_downcasting[s3_ds] SKIPPED (<Skippe...)
api/tests/test_api.py::test_scalar_samples[memory_ds] PASSED
api/tests/test_api.py::test_scalar_samples[local_ds] PASSED
api/tests/test_api.py::test_scalar_samples[s3_ds] SKIPPED (<Skipped ...)
api/tests/test_api.py::test_scalar_samples[gcs_ds] SKIPPED (<Skipped...)
api/tests/test_api.py::test_sequence_samples[memory_ds] PASSED
api/tests/test_api.py::test_sequence_samples[local_ds] PASSED
api/tests/test_api.py::test_sequence_samples[s3_ds] SKIPPED (<Skippe...)
api/tests/test_api.py::test_sequence_samples[gcs_ds] SKIPPED (<Skipp...)
api/tests/test_api.py::test_iterate_dataset[memory_ds] PASSED
api/tests/test_api.py::test_iterate_dataset[local_ds] PASSED
api/tests/test_api.py::test_iterate_dataset[s3_ds] SKIPPED (<Skipped...)
api/tests/test_api.py::test_iterate_dataset[gcs_ds] SKIPPED (<Skippe...)
api/tests/test_api.py::test_compute_slices PASSED
api/tests/test_api.py::test_length_slices PASSED
api/tests/test_api.py::test_shape_property PASSED
api/tests/test_api.py::test_htype PASSED
api/tests/test_api.py::test_dtype PASSED
api/tests/test_api.py::test_fails_on_wrong_tensor_syntax XFAIL
api/tests/test_api.py::test_array_interface PASSED
api/tests/test_api.py::test_hub_dataset_suffix_bug SKIPPED (<Skipped...)
api/tests/test_api.py::test_index_range PASSED
api/tests/test_api.py::test_empty_dataset PASSED
api/tests/test_api.py::test_like PASSED
api/tests/test_api.py::test_tensor_creation_fail_recovery PASSED
api/tests/test_api.py::test_dataset_delete PASSED
api/tests/test_api.py::test_cloud_delete_doesnt_exist SKIPPED (<Skip...)
api/tests/test_api.py::test_invalid_tensor_name PASSED
api/tests/test_api.py::test_compressions_list PASSED
api/tests/test_api.py::test_htypes_list PASSED
api/tests/test_api.py::test_groups PASSED
api/tests/test_api.py::test_tensor_delete PASSED
api/tests/test_api.py::test_vc_bug PASSED
api/tests/test_api.py::test_tobytes PASSED
api/tests/test_api.py::test_ds_append[5-y_args0-x_args0] PASSED
api/tests/test_api.py::test_ds_append[5-y_args0-x_args1] PASSED
api/tests/test_api.py::test_ds_append[5-y_args0-x_args2] PASSED
api/tests/test_api.py::test_ds_append[5-y_args1-x_args0] PASSED
api/tests/test_api.py::test_ds_append[5-y_args1-x_args1] PASSED
api/tests/test_api.py::test_ds_append[5-y_args1-x_args2] PASSED
api/tests/test_api.py::test_ds_append[5-y_args2-x_args0] PASSED
api/tests/test_api.py::test_ds_append[5-y_args2-x_args1] PASSED
api/tests/test_api.py::test_ds_append[5-y_args2-x_args2] PASSED
api/tests/test_api.py::test_ds_append[160000-y_args0-x_args0] PASSED
api/tests/test_api.py::test_ds_append[160000-y_args0-x_args1] PASSED
api/tests/test_api.py::test_ds_append[160000-y_args0-x_args2] PASSED
api/tests/test_api.py::test_ds_append[160000-y_args1-x_args0] PASSED
api/tests/test_api.py::test_ds_append[160000-y_args1-x_args1] PASSED
api/tests/test_api.py::test_ds_append[160000-y_args1-x_args2] PASSED
api/tests/test_api.py::test_ds_append[160000-y_args2-x_args0] PASSED
api/tests/test_api.py::test_ds_append[160000-y_args2-x_args1] PASSED
api/tests/test_api.py::test_ds_append[160000-y_args2-x_args2] PASSED
api/tests/test_api.py::test_append_with_tensor[size0-dest_args0-src_args0] PASSED
api/tests/test_api.py::test_append_with_tensor[size0-dest_args0-src_args1] PASSED
api/tests/test_api.py::test_append_with_tensor[size0-dest_args0-src_args2] PASSED
api/tests/test_api.py::test_append_with_tensor[size0-dest_args1-src_args0] PASSED
api/tests/test_api.py::test_append_with_tensor[size0-dest_args1-src_args1] PASSED
api/tests/test_api.py::test_append_with_tensor[size0-dest_args1-src_args2] PASSED
api/tests/test_api.py::test_append_with_tensor[size0-dest_args2-src_args0] PASSED
api/tests/test_api.py::test_append_with_tensor[size0-dest_args2-src_args1] PASSED
api/tests/test_api.py::test_append_with_tensor[size0-dest_args2-src_args2] PASSED
api/tests/test_api.py::test_append_with_tensor[size1-dest_args0-src_args0] PASSED
api/tests/test_api.py::test_append_with_tensor[size1-dest_args0-src_args1] PASSED
api/tests/test_api.py::test_append_with_tensor[size1-dest_args0-src_args2] PASSED
api/tests/test_api.py::test_append_with_tensor[size1-dest_args1-src_args0] PASSED
api/tests/test_api.py::test_append_with_tensor[size1-dest_args1-src_args1] PASSED
api/tests/test_api.py::test_append_with_tensor[size1-dest_args1-src_args2] PASSED
api/tests/test_api.py::test_append_with_tensor[size1-dest_args2-src_args0] PASSED
api/tests/test_api.py::test_append_with_tensor[size1-dest_args2-src_args1] PASSED
api/tests/test_api.py::test_append_with_tensor[size1-dest_args2-src_args2] PASSED
api/tests/test_api.py::test_empty_extend PASSED
api/tests/test_api.py::test_auto_htype PASSED
api/tests/test_api.py::test_sample_shape PASSED
api/tests/test_api_tiling.py::test_simple PASSED
api/tests/test_api_tiling.py::test_mixed_small_large[compression0] PASSED
api/tests/test_api_tiling.py::test_mixed_small_large[compression1] PASSED
api/tests/test_api_tiling.py::test_mixed_small_large[compression2] PASSED
api/tests/test_api_tiling.py::test_mixed_small_large[compression3] PASSED
api/tests/test_api_tiling.py::test_mixed_small_large[compression4] PASSED
api/tests/test_api_tiling.py::test_updates[compression0] PASSED
api/tests/test_api_tiling.py::test_updates[compression1] PASSED
api/tests/test_api_tiling.py::test_updates[compression2] PASSED
api/tests/test_api_tiling.py::test_updates[compression3] PASSED
api/tests/test_api_tiling.py::test_updates[compression4] PASSED
api/tests/test_api_tiling.py::test_cachable_overflow PASSED
api/tests/test_api_tiling.py::test_empty_array[compression0] PASSED
api/tests/test_api_tiling.py::test_empty_array[compression1] PASSED
api/tests/test_api_tiling.py::test_empty_array[compression2] PASSED
api/tests/test_api_tiling.py::test_empty_array[compression3] PASSED
api/tests/test_api_tiling.py::test_empty_array[compression4] PASSED
api/tests/test_api_with_compression.py::test_populate_compressed_samples[memory_ds] PASSED
api/tests/test_api_with_compression.py::test_populate_compressed_samples[local_ds] PASSED
api/tests/test_api_with_compression.py::test_populate_compressed_samples[s3_ds] SKIPPED
api/tests/test_api_with_compression.py::test_populate_compressed_samples[gcs_ds] SKIPPED
api/tests/test_api_with_compression.py::test_iterate_compressed_samples[memory_ds] PASSED
api/tests/test_api_with_compression.py::test_iterate_compressed_samples[local_ds] PASSED
api/tests/test_api_with_compression.py::test_iterate_compressed_samples[s3_ds] SKIPPED
api/tests/test_api_with_compression.py::test_iterate_compressed_samples[gcs_ds] SKIPPED
api/tests/test_api_with_compression.py::test_uncompressed[memory_ds] PASSED
api/tests/test_api_with_compression.py::test_uncompressed[local_ds] PASSED
api/tests/test_api_with_compression.py::test_uncompressed[s3_ds] SKIPPED
api/tests/test_api_with_compression.py::test_uncompressed[gcs_ds] SKIPPED
api/tests/test_api_with_compression.py::test_byte_sample_compression PASSED
api/tests/test_api_with_compression.py::test_jpeg_bad_shapes[bad_shape0] XFAIL
api/tests/test_api_with_compression.py::test_jpeg_bad_shapes[bad_shape1] XFAIL
api/tests/test_api_with_compression.py::test_compression_aliases PASSED
api/tests/test_api_with_compression.py::test_unsupported_compression XFAIL
api/tests/test_api_with_compression.py::test_missing_sample_compression_for_image XFAIL
api/tests/test_api_with_compression.py::test_sample_chunk_compression_mutually_exclusive XFAIL
api/tests/test_api_with_compression.py::test_chunkwise_compression PASSED
api/tests/test_api_with_compression.py::test_audio[mp3-memory_ds] PASSED
api/tests/test_api_with_compression.py::test_audio[mp3-local_ds] PASSED
api/tests/test_api_with_compression.py::test_audio[mp3-s3_ds] SKIPPED
api/tests/test_api_with_compression.py::test_audio[mp3-gcs_ds] SKIPPED
api/tests/test_api_with_compression.py::test_audio[flac-memory_ds] PASSED
api/tests/test_api_with_compression.py::test_audio[flac-local_ds] PASSED
api/tests/test_api_with_compression.py::test_audio[flac-s3_ds] SKIPPED
api/tests/test_api_with_compression.py::test_audio[flac-gcs_ds] SKIPPED
api/tests/test_api_with_compression.py::test_audio[wav-memory_ds] PASSED
api/tests/test_api_with_compression.py::test_audio[wav-local_ds] PASSED
api/tests/test_api_with_compression.py::test_audio[wav-s3_ds] SKIPPED
api/tests/test_api_with_compression.py::test_audio[wav-gcs_ds] SKIPPED
api/tests/test_chunk_sizes.py::test_append PASSED
api/tests/test_chunk_sizes.py::test_extend PASSED
api/tests/test_chunk_sizes.py::test_extend_and_append PASSED
api/tests/test_dataset.py::test_new_dataset PASSED
api/tests/test_dataset.py::test_dataset_empty_load PASSED
api/tests/test_dataset.py::test_update_privacy SKIPPED (<Skipped ins...)
api/tests/test_dataset.py::test_persistence_bug PASSED
api/tests/test_events.py::test_commit_checkout_event SKIPPED (<Skipp...)
api/tests/test_events.py::test_query_progress_event SKIPPED (<Skippe...)
api/tests/test_events.py::test_compute_progress_event SKIPPED (<Skip...)
api/tests/test_events.py::test_pytorch_progress_event SKIPPED (<Skip...)
api/tests/test_grayscale.py::test_append_grayscale_second[jpeg] PASSED
api/tests/test_grayscale.py::test_append_grayscale_second_many[jpeg] PASSED
api/tests/test_grayscale.py::test_extend_grayscale_second[jpeg] PASSED
api/tests/test_grayscale.py::test_append_grayscale_first[jpeg] XFAIL
api/tests/test_grayscale.py::test_append_grayscale_second_generic_ds[jpeg] PASSED
api/tests/test_grayscale.py::test_append_grayscale_second_generic_ds_unspecified_comp[jpeg] XFAIL
api/tests/test_grayscale.py::test_append_two_grayscale[jpeg] PASSED
api/tests/test_grayscale.py::test_append_many_grayscale[jpeg] PASSED
api/tests/test_hosted_datasets.py::test_mnist Opening dataset in read-only mode as you don't have write permissions.
PASSED
api/tests/test_info.py::test_dataset PASSED
api/tests/test_info.py::test_tensor PASSED
api/tests/test_info.py::test_update_reference_manually PASSED
api/tests/test_info.py::test_class_label PASSED
api/tests/test_json.py::test_json_basic PASSED
api/tests/test_json.py::test_json_with_numpy PASSED
api/tests/test_json.py::test_json_with_hub_sample PASSED
api/tests/test_json.py::test_json_list_basic PASSED
api/tests/test_json.py::test_list_with_numpy PASSED
api/tests/test_json.py::test_list_with_hub_sample PASSED
api/tests/test_json.py::test_json_with_schema PASSED
api/tests/test_json.py::test_json_transform[lz4-memory_ds] PASSED
api/tests/test_json.py::test_json_transform[lz4-local_ds] PASSED
api/tests/test_json.py::test_json_transform[lz4-s3_ds] SKIPPED (<Ski...)
api/tests/test_json.py::test_json_transform[None-memory_ds] PASSED
api/tests/test_json.py::test_json_transform[None-local_ds] PASSED
api/tests/test_json.py::test_json_transform[None-s3_ds] SKIPPED (<Sk...)
api/tests/test_json.py::test_list_transform[lz4-memory_ds] PASSED
api/tests/test_json.py::test_list_transform[lz4-local_ds] PASSED
api/tests/test_json.py::test_list_transform[lz4-s3_ds] SKIPPED (<Ski...)
api/tests/test_json.py::test_list_transform[None-memory_ds] PASSED
api/tests/test_json.py::test_list_transform[None-local_ds] PASSED
api/tests/test_json.py::test_list_transform[None-s3_ds] SKIPPED (<Sk...)
api/tests/test_meta.py::test_version PASSED
api/tests/test_meta.py::test_subsequent_updates PASSED
api/tests/test_pickle.py::test_dataset[memory_ds] PASSED
api/tests/test_pickle.py::test_dataset[local_ds] PASSED
api/tests/test_pickle.py::test_dataset[s3_ds] SKIPPED (<Skipped inst...)
api/tests/test_pickle.py::test_dataset[gcs_ds] SKIPPED (<Skipped ins...)
api/tests/test_pickle.py::test_dataset[hub_cloud_ds] SKIPPED (<Skipp...)
api/tests/test_readonly.py::test_readonly PASSED
api/tests/test_readonly.py::test_readonly_doesnt_exist XFAIL
api/tests/test_text.py::test_text PASSED
api/tests/test_text.py::test_text_transform[memory_ds] PASSED
api/tests/test_text.py::test_text_transform[local_ds] PASSED
api/tests/test_text.py::test_text_transform[s3_ds] SKIPPED (<Skipped...)
api/tests/test_update_samples.py::test[compression0] PASSED
api/tests/test_update_samples.py::test[compression1] PASSED
api/tests/test_update_samples.py::test[compression2] PASSED
api/tests/test_update_samples.py::test[compression3] PASSED
api/tests/test_update_samples.py::test[compression4] PASSED
api/tests/test_update_samples.py::test[compression5] PASSED
api/tests/test_update_samples.py::test[compression6] PASSED
api/tests/test_update_samples.py::test_hub_read[None] PASSED
api/tests/test_update_samples.py::test_hub_read[png] PASSED
api/tests/test_update_samples.py::test_pre_indexed_tensor PASSED
api/tests/test_update_samples.py::test_failures PASSED
api/tests/test_update_samples.py::test_warnings PASSED
api/tests/test_update_samples.py::test_inplace_updates[compression0] PASSED
api/tests/test_update_samples.py::test_inplace_updates[compression1] PASSED
api/tests/test_update_samples.py::test_inplace_updates[compression2] PASSED
api/tests/test_update_samples.py::test_inplace_updates[compression3] PASSED
api/tests/test_update_samples.py::test_inplace_updates[compression4] PASSED
api/tests/test_video.py::test_video[mp4-memory_ds] FAILED
api/tests/test_video.py::test_video[mp4-local_ds] FAILED
api/tests/test_video.py::test_video[mp4-s3_ds] SKIPPED (<Skipped ins...)
api/tests/test_video.py::test_video[mp4-gcs_ds] SKIPPED (<Skipped in...)
api/tests/test_video.py::test_video[mkv-memory_ds] FAILED
api/tests/test_video.py::test_video[mkv-local_ds] FAILED
api/tests/test_video.py::test_video[mkv-s3_ds] SKIPPED (<Skipped ins...)
api/tests/test_video.py::test_video[mkv-gcs_ds] SKIPPED (<Skipped in...)
api/tests/test_video.py::test_video[avi-memory_ds] FAILED
api/tests/test_video.py::test_video[avi-local_ds] FAILED
api/tests/test_video.py::test_video[avi-s3_ds] SKIPPED (<Skipped ins...)
api/tests/test_video.py::test_video[avi-gcs_ds] SKIPPED (<Skipped in...)
auto/tests/test_ingestion.py::test_ingestion_simple PASSED
auto/tests/test_ingestion.py::test_image_classification_sets PASSED
auto/tests/test_ingestion.py::test_ingestion_exception PASSED
auto/tests/test_ingestion.py::test_overwrite PASSED
auto/tests/test_kaggle.py::test_ingestion_simple SKIPPED (<Skipped i...)
auto/tests/test_kaggle.py::test_ingestion_sets SKIPPED (<Skipped ins...)
auto/tests/test_kaggle.py::test_kaggle_exception SKIPPED (<Skipped i...)
cli/test_cli.py::test_cli_auth SKIPPED (<Skipped instance>)
cli/test_cli.py::test_get_datasets SKIPPED (<Skipped instance>)
client/test_client.py::test_client_requests SKIPPED (<Skipped instance>)
client/test_client.py::test_client_utils PASSED
client/test_client.py::test_client_workspace_organizations SKIPPED (...)
core/test_serialize.py::test_numpy_and_base_types PASSED
core/test_serialize.py::test_sample_img_compression PASSED
core/test_serialize.py::test_sample_byte_compression PASSED
core/test_serialize.py::test_sample_no_compression PASSED
core/chunk/test_chunk_compressed.py::test_read_write_sequence[lz4] PASSED
core/chunk/test_chunk_compressed.py::test_read_write_sequence[png] PASSED
core/chunk/test_chunk_compressed.py::test_read_write_sequence_big[True-lz4] PASSED
core/chunk/test_chunk_compressed.py::test_read_write_sequence_big[True-png] PASSED
core/chunk/test_chunk_compressed.py::test_read_write_sequence_big[False-lz4] PASSED
core/chunk/test_chunk_compressed.py::test_read_write_sequence_big[False-png] PASSED
core/chunk/test_chunk_compressed.py::test_update[lz4] PASSED
core/chunk/test_chunk_compressed.py::test_update[png] PASSED
core/chunk/test_sample_compressed.py::test_read_write_sequence[lz4] PASSED
core/chunk/test_sample_compressed.py::test_read_write_sequence_big[lz4] PASSED
core/chunk/test_sample_compressed.py::test_update[lz4] PASSED
core/chunk/test_uncompressed.py::test_read_write_sequence PASSED
core/chunk/test_uncompressed.py::test_read_write_sequence_big PASSED
core/chunk/test_uncompressed.py::test_read_write_numpy PASSED
core/chunk/test_uncompressed.py::test_read_write_numpy_big PASSED
core/chunk/test_uncompressed.py::test_update PASSED
core/index/tests/test_index.py::test_merge_slices[first_longer] PASSED
core/index/tests/test_index.py::test_merge_slices[second_longer] PASSED
core/index/tests/test_index.py::test_merge_slices[start_none] PASSED
core/index/tests/test_index.py::test_merge_slices[stop_first_none] PASSED
core/index/tests/test_index.py::test_merge_slices[stop_second_none] PASSED
core/index/tests/test_index.py::test_merge_slices[stop_both_none] PASSED
core/index/tests/test_index.py::test_merge_slices[irregular_steps] PASSED
core/index/tests/test_index.py::test_merge_slices[negative_step] PASSED
core/meta/encode/tests/test_byte_positions_encoder.py::test_trivial PASSED
core/meta/encode/tests/test_byte_positions_encoder.py::test_non_uniform PASSED
core/meta/encode/tests/test_byte_positions_encoder.py::test_failures PASSED
core/meta/encode/tests/test_byte_positions_encoder_updates.py::test_update_no_change PASSED
core/meta/encode/tests/test_byte_positions_encoder_updates.py::test_update_squeeze_trivial PASSED
core/meta/encode/tests/test_byte_positions_encoder_updates.py::test_update_squeeze_complex PASSED
core/meta/encode/tests/test_chunk_id_encoder.py::test_trivial PASSED
core/meta/encode/tests/test_chunk_id_encoder.py::test_failures PASSED
core/meta/encode/tests/test_chunk_id_encoder.py::test_ids PASSED
core/meta/encode/tests/test_shape_encoder.py::test_trivial PASSED
core/meta/encode/tests/test_shape_encoder.py::test_fixed PASSED
core/meta/encode/tests/test_shape_encoder.py::test_dynamic PASSED
core/meta/encode/tests/test_shape_encoder.py::test_empty PASSED
core/meta/encode/tests/test_shape_encoder.py::test_scalars PASSED
core/meta/encode/tests/test_shape_encoder.py::test_failures PASSED
core/meta/encode/tests/test_shape_encoder_updates.py::test_update_no_change PASSED
core/meta/encode/tests/test_shape_encoder_updates.py::test_update_squeeze_trivial PASSED
core/meta/encode/tests/test_shape_encoder_updates.py::test_update_squeeze_complex PASSED
core/meta/encode/tests/test_shape_encoder_updates.py::test_update_squeeze_up PASSED
core/meta/encode/tests/test_shape_encoder_updates.py::test_update_squeeze_down PASSED
core/meta/encode/tests/test_shape_encoder_updates.py::test_update_move_up PASSED
core/meta/encode/tests/test_shape_encoder_updates.py::test_update_move_down PASSED
core/meta/encode/tests/test_shape_encoder_updates.py::test_update_replace PASSED
core/meta/encode/tests/test_shape_encoder_updates.py::test_update_split_up PASSED
core/meta/encode/tests/test_shape_encoder_updates.py::test_update_split_down PASSED
core/meta/encode/tests/test_shape_encoder_updates.py::test_update_split_middle PASSED
core/query/test/test_query.py::test_query[images.max == 3-results0] PASSED
core/query/test/test_query.py::test_query[images.min == 5-results1] PASSED
core/query/test/test_query.py::test_query[images[1] == 2-results2] PASSED
core/query/test/test_query.py::test_query[labels == 0-results3] PASSED
core/query/test/test_query.py::test_query[labels > 0 -results4] PASSED
core/query/test/test_query.py::test_query[labels in ['cat', 'dog']-results5] PASSED
core/query/test/test_query.py::test_query[labels < 0 -results6] PASSED
core/query/test/test_query.py::test_query[labels.contains(0)-results7] PASSED
core/query/test/test_query.py::test_different_size_ds_query PASSED
core/query/test/test_query.py::test_query_scheduler PASSED
core/query/test/test_query.py::test_group PASSED
core/storage/tests/test_readonly.py::test_readonly_del[memory_storage] XFAIL
core/storage/tests/test_readonly.py::test_readonly_del[local_storage] XFAIL
core/storage/tests/test_readonly.py::test_readonly_del[s3_storage] SKIPPED
core/storage/tests/test_readonly.py::test_readonly_del[gcs_storage] SKIPPED
core/storage/tests/test_readonly.py::test_readonly_set[memory_storage] XFAIL
core/storage/tests/test_readonly.py::test_readonly_set[local_storage] XFAIL
core/storage/tests/test_readonly.py::test_readonly_set[s3_storage] SKIPPED
core/storage/tests/test_readonly.py::test_readonly_set[gcs_storage] SKIPPED
core/storage/tests/test_readonly.py::test_readonly_clear[memory_storage] XFAIL
core/storage/tests/test_readonly.py::test_readonly_clear[local_storage] XFAIL
core/storage/tests/test_readonly.py::test_readonly_clear[s3_storage] SKIPPED
core/storage/tests/test_readonly.py::test_readonly_clear[gcs_storage] SKIPPED
core/storage/tests/test_readonly.py::test_readonly_flush[memory_storage] XFAIL
core/storage/tests/test_readonly.py::test_readonly_flush[local_storage] XFAIL
core/storage/tests/test_readonly.py::test_readonly_flush[s3_storage] SKIPPED
core/storage/tests/test_readonly.py::test_readonly_flush[gcs_storage] SKIPPED
core/storage/tests/test_storage_provider.py::test_storage_provider[memory_storage] PASSED
core/storage/tests/test_storage_provider.py::test_storage_provider[local_storage] PASSED
core/storage/tests/test_storage_provider.py::test_storage_provider[s3_storage] SKIPPED
core/storage/tests/test_storage_provider.py::test_storage_provider[gcs_storage] SKIPPED
core/storage/tests/test_storage_provider.py::test_cache[memory_storage,local_storage] PASSED
core/storage/tests/test_storage_provider.py::test_cache[memory_storage,s3_storage] SKIPPED
core/storage/tests/test_storage_provider.py::test_cache[memory_storage,hub_cloud_storage] SKIPPED
core/storage/tests/test_storage_provider.py::test_cache[local_storage,s3_storage] SKIPPED
core/storage/tests/test_storage_provider.py::test_cache[local_storage,hub_cloud_storage] SKIPPED
core/storage/tests/test_storage_provider.py::test_cache[memory_storage,local_storage,s3_storage] SKIPPED
core/storage/tests/test_storage_provider.py::test_cache[memory_storage,local_storage,hub_cloud_storage] SKIPPED
core/storage/tests/test_storage_provider.py::test_pickling[local_storage] PASSED
core/storage/tests/test_storage_provider.py::test_pickling[s3_storage] SKIPPED
core/storage/tests/test_storage_provider.py::test_pickling[gcs_storage] SKIPPED
core/tests/test_compression.py::test_array[bmp] PASSED
core/tests/test_compression.py::test_array[dib] PASSED
core/tests/test_compression.py::test_array[gif] PASSED
core/tests/test_compression.py::test_array[ico] PASSED
core/tests/test_compression.py::test_array[jpeg] PASSED
core/tests/test_compression.py::test_array[jpeg2000] PASSED
core/tests/test_compression.py::test_array[pcx] PASSED
core/tests/test_compression.py::test_array[png] PASSED
core/tests/test_compression.py::test_array[ppm] PASSED
core/tests/test_compression.py::test_array[sgi] PASSED
core/tests/test_compression.py::test_array[tga] PASSED
core/tests/test_compression.py::test_array[tiff] PASSED
core/tests/test_compression.py::test_array[webp] PASSED
core/tests/test_compression.py::test_array[xbm] PASSED
core/tests/test_compression.py::test_array[lz4] PASSED
core/tests/test_compression.py::test_multi_array[bmp] PASSED
core/tests/test_compression.py::test_multi_array[dib] PASSED
core/tests/test_compression.py::test_multi_array[gif] PASSED
core/tests/test_compression.py::test_multi_array[ico] PASSED
core/tests/test_compression.py::test_multi_array[jpeg] PASSED
core/tests/test_compression.py::test_multi_array[jpeg2000] PASSED
core/tests/test_compression.py::test_multi_array[pcx] PASSED
core/tests/test_compression.py::test_multi_array[png] PASSED
core/tests/test_compression.py::test_multi_array[ppm] PASSED
core/tests/test_compression.py::test_multi_array[sgi] PASSED
core/tests/test_compression.py::test_multi_array[tga] PASSED
core/tests/test_compression.py::test_multi_array[tiff] PASSED
core/tests/test_compression.py::test_multi_array[webp] PASSED
core/tests/test_compression.py::test_multi_array[xbm] PASSED
core/tests/test_compression.py::test_multi_array[lz4] PASSED
core/tests/test_compression.py::test_verify[bmp] PASSED
core/tests/test_compression.py::test_verify[dib] PASSED
core/tests/test_compression.py::test_verify[gif] PASSED
core/tests/test_compression.py::test_verify[ico] PASSED
core/tests/test_compression.py::test_verify[jpeg] PASSED
core/tests/test_compression.py::test_verify[jpeg2000] PASSED
core/tests/test_compression.py::test_verify[pcx] PASSED
core/tests/test_compression.py::test_verify[png] PASSED
core/tests/test_compression.py::test_verify[ppm] PASSED
core/tests/test_compression.py::test_verify[sgi] PASSED
core/tests/test_compression.py::test_verify[tga] PASSED
core/tests/test_compression.py::test_verify[tiff] PASSED
core/tests/test_compression.py::test_verify[webp] PASSED
core/tests/test_compression.py::test_verify[xbm] PASSED
core/tests/test_compression.py::test_lz4_bc PASSED
core/tests/test_compression.py::test_lz4_empty PASSED
core/tests/test_compression.py::test_audio[mp3] PASSED
core/tests/test_compression.py::test_audio[flac] PASSED
core/tests/test_compression.py::test_audio[wav] PASSED
core/tests/test_compression.py::test_video[mp4] FAILED
core/tests/test_compression.py::test_video[mkv] FAILED
core/tests/test_compression.py::test_video[avi] FAILED
core/tests/test_compression.py::test_apng PASSED
core/tests/test_compute.py::test_compute_with_progress_bar[threaded] PASSED
core/tests/test_compute.py::test_compute_with_progress_bar[processed] PASSED
core/tests/test_compute.py::test_compute_with_progress_bar[serial] PASSED
core/tests/test_io.py::test_sequential_scheduler PASSED
core/tests/test_locking.py::test_dataset_locking[s3_ds_generator] SKIPPED
core/tests/test_locking.py::test_dataset_locking[gcs_ds_generator] SKIPPED
core/tests/test_locking.py::test_vc_locking[s3_ds_generator] SKIPPED
core/tests/test_locking.py::test_vc_locking[gcs_ds_generator] SKIPPED
core/tests/test_serialize.py::test_chunk_serialize PASSED
core/tests/test_serialize.py::test_chunkids_serialize PASSED
core/tiling/test_optimizer.py::test_tile_shape PASSED
core/tiling/test_optimizer.py::test_tile_shape_compressed[jpeg] PASSED
core/tiling/test_optimizer.py::test_tile_shape_compressed[png] PASSED
core/tiling/test_optimizer.py::test_tile_shape_compressed[tiff] PASSED
core/tiling/test_optimizer.py::test_tile_shape_large_compressed[jpeg] PASSED
core/tiling/test_optimizer.py::test_tile_shape_large_compressed[png] PASSED
core/tiling/test_serialize.py::test_break_into_tiles PASSED
core/tiling/test_serialize.py::test_serialize_tiles PASSED
core/tiling/test_serialize.py::test_serialize_tiles_gzip PASSED
core/transform/test_transform.py::test_single_transform_hub_dataset[memory_ds-threaded] PASSED
core/transform/test_transform.py::test_single_transform_hub_dataset[memory_ds-processed] PASSED
core/transform/test_transform.py::test_single_transform_hub_dataset[local_ds-threaded] PASSED
core/transform/test_transform.py::test_single_transform_hub_dataset[local_ds-processed] PASSED
core/transform/test_transform.py::test_single_transform_hub_dataset[s3_ds-threaded] SKIPPED
core/transform/test_transform.py::test_single_transform_hub_dataset[s3_ds-processed] SKIPPED
core/transform/test_transform.py::test_groups[memory_ds] PASSED
core/transform/test_transform.py::test_groups[local_ds] PASSED
core/transform/test_transform.py::test_groups[s3_ds] SKIPPED (<Skipp...)
core/transform/test_transform.py::test_groups[gcs_ds] SKIPPED (<Skip...)
core/transform/test_transform.py::test_groups_2[memory_ds] PASSED
core/transform/test_transform.py::test_groups_2[local_ds] PASSED
core/transform/test_transform.py::test_groups_2[s3_ds] SKIPPED (<Ski...)
core/transform/test_transform.py::test_groups_2[gcs_ds] SKIPPED (<Sk...)
core/transform/test_transform.py::test_single_transform_hub_dataset_htypes[threaded-2-memory_ds] PASSED
core/transform/test_transform.py::test_single_transform_hub_dataset_htypes[threaded-2-local_ds] PASSED
core/transform/test_transform.py::test_single_transform_hub_dataset_htypes[threaded-2-s3_ds] SKIPPED
core/transform/test_transform.py::test_single_transform_hub_dataset_htypes[threaded-1-memory_ds] PASSED
core/transform/test_transform.py::test_single_transform_hub_dataset_htypes[threaded-1-local_ds] PASSED
core/transform/test_transform.py::test_single_transform_hub_dataset_htypes[threaded-1-s3_ds] SKIPPED
core/transform/test_transform.py::test_single_transform_hub_dataset_htypes[threaded-0-memory_ds] PASSED
core/transform/test_transform.py::test_single_transform_hub_dataset_htypes[threaded-0-local_ds] PASSED
core/transform/test_transform.py::test_single_transform_hub_dataset_htypes[threaded-0-s3_ds] SKIPPED
core/transform/test_transform.py::test_single_transform_hub_dataset_htypes[processed-2-memory_ds] PASSED
core/transform/test_transform.py::test_single_transform_hub_dataset_htypes[processed-2-local_ds] PASSED
core/transform/test_transform.py::test_single_transform_hub_dataset_htypes[processed-2-s3_ds] SKIPPED
core/transform/test_transform.py::test_single_transform_hub_dataset_htypes[processed-1-memory_ds] PASSED
core/transform/test_transform.py::test_single_transform_hub_dataset_htypes[processed-1-local_ds] PASSED
core/transform/test_transform.py::test_single_transform_hub_dataset_htypes[processed-1-s3_ds] SKIPPED
core/transform/test_transform.py::test_single_transform_hub_dataset_htypes[processed-0-memory_ds] PASSED
core/transform/test_transform.py::test_single_transform_hub_dataset_htypes[processed-0-local_ds] PASSED
core/transform/test_transform.py::test_single_transform_hub_dataset_htypes[processed-0-s3_ds] SKIPPED
core/transform/test_transform.py::test_chain_transform_list_small[memory_ds-threaded] PASSED
core/transform/test_transform.py::test_chain_transform_list_small[memory_ds-processed] PASSED
core/transform/test_transform.py::test_chain_transform_list_small[local_ds-threaded] PASSED
core/transform/test_transform.py::test_chain_transform_list_small[local_ds-processed] PASSED
core/transform/test_transform.py::test_chain_transform_list_small[s3_ds-threaded] SKIPPED
core/transform/test_transform.py::test_chain_transform_list_small[s3_ds-processed] SKIPPED
core/transform/test_transform.py::test_chain_transform_list_big[threaded] PASSED
core/transform/test_transform.py::test_chain_transform_list_big[processed] PASSED
core/transform/test_transform.py::test_add_to_non_empty_dataset[True-threaded] PASSED
core/transform/test_transform.py::test_add_to_non_empty_dataset[True-processed] PASSED
core/transform/test_transform.py::test_add_to_non_empty_dataset[False-threaded] PASSED
core/transform/test_transform.py::test_add_to_non_empty_dataset[False-processed] PASSED
core/transform/test_transform.py::test_transform_hub_read[memory_ds-None-threaded] PASSED
core/transform/test_transform.py::test_transform_hub_read[memory_ds-None-processed] PASSED
core/transform/test_transform.py::test_transform_hub_read[memory_ds-png-threaded] PASSED
core/transform/test_transform.py::test_transform_hub_read[memory_ds-png-processed] PASSED
core/transform/test_transform.py::test_transform_hub_read[memory_ds-jpeg-threaded] PASSED
core/transform/test_transform.py::test_transform_hub_read[memory_ds-jpeg-processed] PASSED
core/transform/test_transform.py::test_transform_hub_read[local_ds-None-threaded] PASSED
core/transform/test_transform.py::test_transform_hub_read[local_ds-None-processed] PASSED
core/transform/test_transform.py::test_transform_hub_read[local_ds-png-threaded] PASSED
core/transform/test_transform.py::test_transform_hub_read[local_ds-png-processed] PASSED
core/transform/test_transform.py::test_transform_hub_read[local_ds-jpeg-threaded] PASSED
core/transform/test_transform.py::test_transform_hub_read[local_ds-jpeg-processed] PASSED
core/transform/test_transform.py::test_transform_hub_read[s3_ds-None-threaded] SKIPPED
core/transform/test_transform.py::test_transform_hub_read[s3_ds-None-processed] SKIPPED
core/transform/test_transform.py::test_transform_hub_read[s3_ds-png-threaded] SKIPPED
core/transform/test_transform.py::test_transform_hub_read[s3_ds-png-processed] SKIPPED
core/transform/test_transform.py::test_transform_hub_read[s3_ds-jpeg-threaded] SKIPPED
core/transform/test_transform.py::test_transform_hub_read[s3_ds-jpeg-processed] SKIPPED
core/transform/test_transform.py::test_transform_hub_read_pipeline[memory_ds-None-threaded] PASSED
core/transform/test_transform.py::test_transform_hub_read_pipeline[memory_ds-None-processed] PASSED
core/transform/test_transform.py::test_transform_hub_read_pipeline[memory_ds-png-threaded] PASSED
core/transform/test_transform.py::test_transform_hub_read_pipeline[memory_ds-png-processed] PASSED
core/transform/test_transform.py::test_transform_hub_read_pipeline[memory_ds-jpeg-threaded] PASSED
core/transform/test_transform.py::test_transform_hub_read_pipeline[memory_ds-jpeg-processed] PASSED
core/transform/test_transform.py::test_transform_hub_read_pipeline[local_ds-None-threaded] PASSED
core/transform/test_transform.py::test_transform_hub_read_pipeline[local_ds-None-processed] PASSED
core/transform/test_transform.py::test_transform_hub_read_pipeline[local_ds-png-threaded] PASSED
core/transform/test_transform.py::test_transform_hub_read_pipeline[local_ds-png-processed] PASSED
core/transform/test_transform.py::test_transform_hub_read_pipeline[local_ds-jpeg-threaded] PASSED
core/transform/test_transform.py::test_transform_hub_read_pipeline[local_ds-jpeg-processed] PASSED
core/transform/test_transform.py::test_transform_hub_read_pipeline[s3_ds-None-threaded] SKIPPED
core/transform/test_transform.py::test_transform_hub_read_pipeline[s3_ds-None-processed] SKIPPED
core/transform/test_transform.py::test_transform_hub_read_pipeline[s3_ds-png-threaded] SKIPPED
core/transform/test_transform.py::test_transform_hub_read_pipeline[s3_ds-png-processed] SKIPPED
core/transform/test_transform.py::test_transform_hub_read_pipeline[s3_ds-jpeg-threaded] SKIPPED
core/transform/test_transform.py::test_transform_hub_read_pipeline[s3_ds-jpeg-processed] SKIPPED
core/transform/test_transform.py::test_hub_like[memory_ds] PASSED
core/transform/test_transform.py::test_hub_like[local_ds] PASSED
core/transform/test_transform.py::test_hub_like[s3_ds] SKIPPED (<Ski...)
core/transform/test_transform.py::test_transform_empty PASSED
core/transform/test_transform.py::test_pbar_description PASSED
core/transform/test_transform.py::test_bad_transform PASSED
core/transform/test_transform.py::test_transform_persistance PASSED
core/transform/test_transform.py::test_ds_append_in_transform PASSED
core/transform/test_transform.py::test_transform_pass_through PASSED
core/transform/test_transform.py::test_inplace_transform PASSED
core/transform/test_transform.py::test_inplace_transform_without_commit PASSED
core/transform/test_transform.py::test_inplace_transform_non_head PASSED
core/transform/test_transform.py::test_inplace_transform_clear_chunks PASSED
core/transform/test_transform.py::test_transform_skip_ok 

=================================== FAILURES ===================================
__________________________ test_video[mp4-memory_ds] ___________________________

file = '/Users/abhinavtuli/Documents/Activeloop/Hub/hub/tests/dummy_data/video/samplemp4.mp4'
compression = 'mp4'

    def read_meta_from_compressed_file(
        file, compression: Optional[str] = None
    ) -> Tuple[str, Tuple[int], str]:
        """Reads shape, dtype and format without decompressing or verifying the sample."""
        if isinstance(file, (str, Path)):
            f = open(file, "rb")
            isfile = True
            close = True
        elif hasattr(file, "read"):
            f = file
            close = False
            isfile = True
            f.seek(0)
        else:
            isfile = False
            f = file
            close = False
        try:
            if compression is None:
                path = file if isinstance(file, str) else None
                if hasattr(f, "read"):
                    compression = get_compression(f.read(32), path)
                    f.seek(0)
                else:
                    compression = get_compression(f[:32], path)  # type: ignore
            if compression == "jpeg":
                try:
                    shape, typestr = _read_jpeg_shape(f), "|u1"
                except Exception:
                    raise CorruptedSampleError("jpeg")
            elif compression == "png":
                try:
                    shape, typestr = _read_png_shape_and_dtype(f)
                except Exception:
                    raise CorruptedSampleError("png")
            elif get_compression_type(compression) == AUDIO_COMPRESSION:
                try:
                    shape, typestr = _read_audio_shape(file, compression), "<f4"
                except Exception as e:
                    raise CorruptedSampleError(compression)
            elif compression in ("mp4", "mkv", "avi"):
                try:
>                   shape, typestr = _read_video_shape(file), "|u1"

core/compression.py:618: 
_ _ _ _ _ _ _ _ _ _ _ _ _ _ _ _ _ _ _ _ _ _ _ _ _ _ _ _ _ _ _ _ _ _ _ _ _ _ _ _ 

file = '/Users/abhinavtuli/Documents/Activeloop/Hub/hub/tests/dummy_data/video/samplemp4.mp4'

    def _read_video_shape(file: Union[bytes, memoryview, str]) -> Tuple[int, ...]:
>       info = _get_video_info(file)

core/compression.py:815: 
_ _ _ _ _ _ _ _ _ _ _ _ _ _ _ _ _ _ _ _ _ _ _ _ _ _ _ _ _ _ _ _ _ _ _ _ _ _ _ _ 

file = '/Users/abhinavtuli/Documents/Activeloop/Hub/hub/tests/dummy_data/video/samplemp4.mp4'

    def _get_video_info(file: Union[bytes, memoryview, str]) -> dict:
        duration = None
        command = [
>           ffprobe_binary(),
            "-select_streams",
            "v:0",
            "-show_entries",
            "stream=width,height,duration,r_frame_rate",
            "-of",
            "default=noprint_wrappers=1",
            "pipe:",
        ]

core/compression.py:826: 
_ _ _ _ _ _ _ _ _ _ _ _ _ _ _ _ _ _ _ _ _ _ _ _ _ _ _ _ _ _ _ _ _ _ _ _ _ _ _ _ 

    def ffprobe_binary():
        if ffmpeg_exists():
            return _FFPROBE_BINARY
>       raise FileNotFoundError(
            "FFMPEG not found. Install FFMPEG to use hub's video features"
        )
E       FileNotFoundError: FFMPEG not found. Install FFMPEG to use hub's video features

core/compression.py:130: FileNotFoundError

During handling of the above exception, another exception occurred:

ds = Dataset(path='mem://hub_pytest/test_video/test_video[mp4-memory_ds]', tensors=['video_0'])
compression = 'mp4'
video_paths = {'avi': ['/Users/abhinavtuli/Documents/Activeloop/Hub/hub/tests/dummy_data/video/sampleavi.avi'], 'mkv': ['/Users/abhi...loop/Hub/hub/tests/dummy_data/video/samplemp4.mp4', '.test_resources/hub-test-resources/videos/mp4/samplemp4_3MB.mp4']}

    @enabled_datasets
    @pytest.mark.parametrize("compression", hub.compression.VIDEO_COMPRESSIONS)
    def test_video(ds: Dataset, compression, video_paths):
        for i, path in enumerate(video_paths[compression]):
            tensor = ds.create_tensor(
                f"video_{i}", htype="video", sample_compression=compression
            )
            sample = hub.read(path)
>           assert len(sample.shape) == 4

api/tests/test_video.py:16: 
_ _ _ _ _ _ _ _ _ _ _ _ _ _ _ _ _ _ _ _ _ _ _ _ _ _ _ _ _ _ _ _ _ _ _ _ _ _ _ _ 
core/sample.py:111: in shape
    self._read_meta()
core/sample.py:125: in _read_meta
    self._compression, self._shape, self._typestr = read_meta_from_compressed_file(
_ _ _ _ _ _ _ _ _ _ _ _ _ _ _ _ _ _ _ _ _ _ _ _ _ _ _ _ _ _ _ _ _ _ _ _ _ _ _ _ 

file = '/Users/abhinavtuli/Documents/Activeloop/Hub/hub/tests/dummy_data/video/samplemp4.mp4'
compression = 'mp4'

    def read_meta_from_compressed_file(
        file, compression: Optional[str] = None
    ) -> Tuple[str, Tuple[int], str]:
        """Reads shape, dtype and format without decompressing or verifying the sample."""
        if isinstance(file, (str, Path)):
            f = open(file, "rb")
            isfile = True
            close = True
        elif hasattr(file, "read"):
            f = file
            close = False
            isfile = True
            f.seek(0)
        else:
            isfile = False
            f = file
            close = False
        try:
            if compression is None:
                path = file if isinstance(file, str) else None
                if hasattr(f, "read"):
                    compression = get_compression(f.read(32), path)
                    f.seek(0)
                else:
                    compression = get_compression(f[:32], path)  # type: ignore
            if compression == "jpeg":
                try:
                    shape, typestr = _read_jpeg_shape(f), "|u1"
                except Exception:
                    raise CorruptedSampleError("jpeg")
            elif compression == "png":
                try:
                    shape, typestr = _read_png_shape_and_dtype(f)
                except Exception:
                    raise CorruptedSampleError("png")
            elif get_compression_type(compression) == AUDIO_COMPRESSION:
                try:
                    shape, typestr = _read_audio_shape(file, compression), "<f4"
                except Exception as e:
                    raise CorruptedSampleError(compression)
            elif compression in ("mp4", "mkv", "avi"):
                try:
                    shape, typestr = _read_video_shape(file), "|u1"
                except Exception as e:
>                   raise CorruptedSampleError(compression)
E                   hub.util.exceptions.CorruptedSampleError: Invalid mp4 file.

core/compression.py:620: CorruptedSampleError
___________________________ test_video[mp4-local_ds] ___________________________

file = '/Users/abhinavtuli/Documents/Activeloop/Hub/hub/tests/dummy_data/video/samplemp4.mp4'
compression = 'mp4'

    def read_meta_from_compressed_file(
        file, compression: Optional[str] = None
    ) -> Tuple[str, Tuple[int], str]:
        """Reads shape, dtype and format without decompressing or verifying the sample."""
        if isinstance(file, (str, Path)):
            f = open(file, "rb")
            isfile = True
            close = True
        elif hasattr(file, "read"):
            f = file
            close = False
            isfile = True
            f.seek(0)
        else:
            isfile = False
            f = file
            close = False
        try:
            if compression is None:
                path = file if isinstance(file, str) else None
                if hasattr(f, "read"):
                    compression = get_compression(f.read(32), path)
                    f.seek(0)
                else:
                    compression = get_compression(f[:32], path)  # type: ignore
            if compression == "jpeg":
                try:
                    shape, typestr = _read_jpeg_shape(f), "|u1"
                except Exception:
                    raise CorruptedSampleError("jpeg")
            elif compression == "png":
                try:
                    shape, typestr = _read_png_shape_and_dtype(f)
                except Exception:
                    raise CorruptedSampleError("png")
            elif get_compression_type(compression) == AUDIO_COMPRESSION:
                try:
                    shape, typestr = _read_audio_shape(file, compression), "<f4"
                except Exception as e:
                    raise CorruptedSampleError(compression)
            elif compression in ("mp4", "mkv", "avi"):
                try:
>                   shape, typestr = _read_video_shape(file), "|u1"

core/compression.py:618: 
_ _ _ _ _ _ _ _ _ _ _ _ _ _ _ _ _ _ _ _ _ _ _ _ _ _ _ _ _ _ _ _ _ _ _ _ _ _ _ _ 

file = '/Users/abhinavtuli/Documents/Activeloop/Hub/hub/tests/dummy_data/video/samplemp4.mp4'

    def _read_video_shape(file: Union[bytes, memoryview, str]) -> Tuple[int, ...]:
>       info = _get_video_info(file)

core/compression.py:815: 
_ _ _ _ _ _ _ _ _ _ _ _ _ _ _ _ _ _ _ _ _ _ _ _ _ _ _ _ _ _ _ _ _ _ _ _ _ _ _ _ 

file = '/Users/abhinavtuli/Documents/Activeloop/Hub/hub/tests/dummy_data/video/samplemp4.mp4'

    def _get_video_info(file: Union[bytes, memoryview, str]) -> dict:
        duration = None
        command = [
>           ffprobe_binary(),
            "-select_streams",
            "v:0",
            "-show_entries",
            "stream=width,height,duration,r_frame_rate",
            "-of",
            "default=noprint_wrappers=1",
            "pipe:",
        ]

core/compression.py:826: 
_ _ _ _ _ _ _ _ _ _ _ _ _ _ _ _ _ _ _ _ _ _ _ _ _ _ _ _ _ _ _ _ _ _ _ _ _ _ _ _ 

    def ffprobe_binary():
        if ffmpeg_exists():
            return _FFPROBE_BINARY
>       raise FileNotFoundError(
            "FFMPEG not found. Install FFMPEG to use hub's video features"
        )
E       FileNotFoundError: FFMPEG not found. Install FFMPEG to use hub's video features

core/compression.py:130: FileNotFoundError

During handling of the above exception, another exception occurred:

ds = Dataset(path='/tmp/hub_pytest/test_video/test_video[mp4-local_ds]', tensors=['video_0'])
compression = 'mp4'
video_paths = {'avi': ['/Users/abhinavtuli/Documents/Activeloop/Hub/hub/tests/dummy_data/video/sampleavi.avi'], 'mkv': ['/Users/abhi...loop/Hub/hub/tests/dummy_data/video/samplemp4.mp4', '.test_resources/hub-test-resources/videos/mp4/samplemp4_3MB.mp4']}

    @enabled_datasets
    @pytest.mark.parametrize("compression", hub.compression.VIDEO_COMPRESSIONS)
    def test_video(ds: Dataset, compression, video_paths):
        for i, path in enumerate(video_paths[compression]):
            tensor = ds.create_tensor(
                f"video_{i}", htype="video", sample_compression=compression
            )
            sample = hub.read(path)
>           assert len(sample.shape) == 4

api/tests/test_video.py:16: 
_ _ _ _ _ _ _ _ _ _ _ _ _ _ _ _ _ _ _ _ _ _ _ _ _ _ _ _ _ _ _ _ _ _ _ _ _ _ _ _ 
core/sample.py:111: in shape
    self._read_meta()
core/sample.py:125: in _read_meta
    self._compression, self._shape, self._typestr = read_meta_from_compressed_file(
_ _ _ _ _ _ _ _ _ _ _ _ _ _ _ _ _ _ _ _ _ _ _ _ _ _ _ _ _ _ _ _ _ _ _ _ _ _ _ _ 

file = '/Users/abhinavtuli/Documents/Activeloop/Hub/hub/tests/dummy_data/video/samplemp4.mp4'
compression = 'mp4'

    def read_meta_from_compressed_file(
        file, compression: Optional[str] = None
    ) -> Tuple[str, Tuple[int], str]:
        """Reads shape, dtype and format without decompressing or verifying the sample."""
        if isinstance(file, (str, Path)):
            f = open(file, "rb")
            isfile = True
            close = True
        elif hasattr(file, "read"):
            f = file
            close = False
            isfile = True
            f.seek(0)
        else:
            isfile = False
            f = file
            close = False
        try:
            if compression is None:
                path = file if isinstance(file, str) else None
                if hasattr(f, "read"):
                    compression = get_compression(f.read(32), path)
                    f.seek(0)
                else:
                    compression = get_compression(f[:32], path)  # type: ignore
            if compression == "jpeg":
                try:
                    shape, typestr = _read_jpeg_shape(f), "|u1"
                except Exception:
                    raise CorruptedSampleError("jpeg")
            elif compression == "png":
                try:
                    shape, typestr = _read_png_shape_and_dtype(f)
                except Exception:
                    raise CorruptedSampleError("png")
            elif get_compression_type(compression) == AUDIO_COMPRESSION:
                try:
                    shape, typestr = _read_audio_shape(file, compression), "<f4"
                except Exception as e:
                    raise CorruptedSampleError(compression)
            elif compression in ("mp4", "mkv", "avi"):
                try:
                    shape, typestr = _read_video_shape(file), "|u1"
                except Exception as e:
>                   raise CorruptedSampleError(compression)
E                   hub.util.exceptions.CorruptedSampleError: Invalid mp4 file.

core/compression.py:620: CorruptedSampleError
__________________________ test_video[mkv-memory_ds] ___________________________

file = '/Users/abhinavtuli/Documents/Activeloop/Hub/hub/tests/dummy_data/video/samplemkv.mkv'
compression = 'mkv'

    def read_meta_from_compressed_file(
        file, compression: Optional[str] = None
    ) -> Tuple[str, Tuple[int], str]:
        """Reads shape, dtype and format without decompressing or verifying the sample."""
        if isinstance(file, (str, Path)):
            f = open(file, "rb")
            isfile = True
            close = True
        elif hasattr(file, "read"):
            f = file
            close = False
            isfile = True
            f.seek(0)
        else:
            isfile = False
            f = file
            close = False
        try:
            if compression is None:
                path = file if isinstance(file, str) else None
                if hasattr(f, "read"):
                    compression = get_compression(f.read(32), path)
                    f.seek(0)
                else:
                    compression = get_compression(f[:32], path)  # type: ignore
            if compression == "jpeg":
                try:
                    shape, typestr = _read_jpeg_shape(f), "|u1"
                except Exception:
                    raise CorruptedSampleError("jpeg")
            elif compression == "png":
                try:
                    shape, typestr = _read_png_shape_and_dtype(f)
                except Exception:
                    raise CorruptedSampleError("png")
            elif get_compression_type(compression) == AUDIO_COMPRESSION:
                try:
                    shape, typestr = _read_audio_shape(file, compression), "<f4"
                except Exception as e:
                    raise CorruptedSampleError(compression)
            elif compression in ("mp4", "mkv", "avi"):
                try:
>                   shape, typestr = _read_video_shape(file), "|u1"

core/compression.py:618: 
_ _ _ _ _ _ _ _ _ _ _ _ _ _ _ _ _ _ _ _ _ _ _ _ _ _ _ _ _ _ _ _ _ _ _ _ _ _ _ _ 

file = '/Users/abhinavtuli/Documents/Activeloop/Hub/hub/tests/dummy_data/video/samplemkv.mkv'

    def _read_video_shape(file: Union[bytes, memoryview, str]) -> Tuple[int, ...]:
>       info = _get_video_info(file)

core/compression.py:815: 
_ _ _ _ _ _ _ _ _ _ _ _ _ _ _ _ _ _ _ _ _ _ _ _ _ _ _ _ _ _ _ _ _ _ _ _ _ _ _ _ 

file = '/Users/abhinavtuli/Documents/Activeloop/Hub/hub/tests/dummy_data/video/samplemkv.mkv'

    def _get_video_info(file: Union[bytes, memoryview, str]) -> dict:
        duration = None
        command = [
>           ffprobe_binary(),
            "-select_streams",
            "v:0",
            "-show_entries",
            "stream=width,height,duration,r_frame_rate",
            "-of",
            "default=noprint_wrappers=1",
            "pipe:",
        ]

core/compression.py:826: 
_ _ _ _ _ _ _ _ _ _ _ _ _ _ _ _ _ _ _ _ _ _ _ _ _ _ _ _ _ _ _ _ _ _ _ _ _ _ _ _ 

    def ffprobe_binary():
        if ffmpeg_exists():
            return _FFPROBE_BINARY
>       raise FileNotFoundError(
            "FFMPEG not found. Install FFMPEG to use hub's video features"
        )
E       FileNotFoundError: FFMPEG not found. Install FFMPEG to use hub's video features

core/compression.py:130: FileNotFoundError

During handling of the above exception, another exception occurred:

ds = Dataset(path='mem://hub_pytest/test_video/test_video[mkv-memory_ds]', tensors=['video_0'])
compression = 'mkv'
video_paths = {'avi': ['/Users/abhinavtuli/Documents/Activeloop/Hub/hub/tests/dummy_data/video/sampleavi.avi'], 'mkv': ['/Users/abhi...loop/Hub/hub/tests/dummy_data/video/samplemp4.mp4', '.test_resources/hub-test-resources/videos/mp4/samplemp4_3MB.mp4']}

    @enabled_datasets
    @pytest.mark.parametrize("compression", hub.compression.VIDEO_COMPRESSIONS)
    def test_video(ds: Dataset, compression, video_paths):
        for i, path in enumerate(video_paths[compression]):
            tensor = ds.create_tensor(
                f"video_{i}", htype="video", sample_compression=compression
            )
            sample = hub.read(path)
>           assert len(sample.shape) == 4

api/tests/test_video.py:16: 
_ _ _ _ _ _ _ _ _ _ _ _ _ _ _ _ _ _ _ _ _ _ _ _ _ _ _ _ _ _ _ _ _ _ _ _ _ _ _ _ 
core/sample.py:111: in shape
    self._read_meta()
core/sample.py:125: in _read_meta
    self._compression, self._shape, self._typestr = read_meta_from_compressed_file(
_ _ _ _ _ _ _ _ _ _ _ _ _ _ _ _ _ _ _ _ _ _ _ _ _ _ _ _ _ _ _ _ _ _ _ _ _ _ _ _ 

file = '/Users/abhinavtuli/Documents/Activeloop/Hub/hub/tests/dummy_data/video/samplemkv.mkv'
compression = 'mkv'

    def read_meta_from_compressed_file(
        file, compression: Optional[str] = None
    ) -> Tuple[str, Tuple[int], str]:
        """Reads shape, dtype and format without decompressing or verifying the sample."""
        if isinstance(file, (str, Path)):
            f = open(file, "rb")
            isfile = True
            close = True
        elif hasattr(file, "read"):
            f = file
            close = False
            isfile = True
            f.seek(0)
        else:
            isfile = False
            f = file
            close = False
        try:
            if compression is None:
                path = file if isinstance(file, str) else None
                if hasattr(f, "read"):
                    compression = get_compression(f.read(32), path)
                    f.seek(0)
                else:
                    compression = get_compression(f[:32], path)  # type: ignore
            if compression == "jpeg":
                try:
                    shape, typestr = _read_jpeg_shape(f), "|u1"
                except Exception:
                    raise CorruptedSampleError("jpeg")
            elif compression == "png":
                try:
                    shape, typestr = _read_png_shape_and_dtype(f)
                except Exception:
                    raise CorruptedSampleError("png")
            elif get_compression_type(compression) == AUDIO_COMPRESSION:
                try:
                    shape, typestr = _read_audio_shape(file, compression), "<f4"
                except Exception as e:
                    raise CorruptedSampleError(compression)
            elif compression in ("mp4", "mkv", "avi"):
                try:
                    shape, typestr = _read_video_shape(file), "|u1"
                except Exception as e:
>                   raise CorruptedSampleError(compression)
E                   hub.util.exceptions.CorruptedSampleError: Invalid mkv file.

core/compression.py:620: CorruptedSampleError
___________________________ test_video[mkv-local_ds] ___________________________

file = '/Users/abhinavtuli/Documents/Activeloop/Hub/hub/tests/dummy_data/video/samplemkv.mkv'
compression = 'mkv'

    def read_meta_from_compressed_file(
        file, compression: Optional[str] = None
    ) -> Tuple[str, Tuple[int], str]:
        """Reads shape, dtype and format without decompressing or verifying the sample."""
        if isinstance(file, (str, Path)):
            f = open(file, "rb")
            isfile = True
            close = True
        elif hasattr(file, "read"):
            f = file
            close = False
            isfile = True
            f.seek(0)
        else:
            isfile = False
            f = file
            close = False
        try:
            if compression is None:
                path = file if isinstance(file, str) else None
                if hasattr(f, "read"):
                    compression = get_compression(f.read(32), path)
                    f.seek(0)
                else:
                    compression = get_compression(f[:32], path)  # type: ignore
            if compression == "jpeg":
                try:
                    shape, typestr = _read_jpeg_shape(f), "|u1"
                except Exception:
                    raise CorruptedSampleError("jpeg")
            elif compression == "png":
                try:
                    shape, typestr = _read_png_shape_and_dtype(f)
                except Exception:
                    raise CorruptedSampleError("png")
            elif get_compression_type(compression) == AUDIO_COMPRESSION:
                try:
                    shape, typestr = _read_audio_shape(file, compression), "<f4"
                except Exception as e:
                    raise CorruptedSampleError(compression)
            elif compression in ("mp4", "mkv", "avi"):
                try:
>                   shape, typestr = _read_video_shape(file), "|u1"

core/compression.py:618: 
_ _ _ _ _ _ _ _ _ _ _ _ _ _ _ _ _ _ _ _ _ _ _ _ _ _ _ _ _ _ _ _ _ _ _ _ _ _ _ _ 

file = '/Users/abhinavtuli/Documents/Activeloop/Hub/hub/tests/dummy_data/video/samplemkv.mkv'

    def _read_video_shape(file: Union[bytes, memoryview, str]) -> Tuple[int, ...]:
>       info = _get_video_info(file)

core/compression.py:815: 
_ _ _ _ _ _ _ _ _ _ _ _ _ _ _ _ _ _ _ _ _ _ _ _ _ _ _ _ _ _ _ _ _ _ _ _ _ _ _ _ 

file = '/Users/abhinavtuli/Documents/Activeloop/Hub/hub/tests/dummy_data/video/samplemkv.mkv'

    def _get_video_info(file: Union[bytes, memoryview, str]) -> dict:
        duration = None
        command = [
>           ffprobe_binary(),
            "-select_streams",
            "v:0",
            "-show_entries",
            "stream=width,height,duration,r_frame_rate",
            "-of",
            "default=noprint_wrappers=1",
            "pipe:",
        ]

core/compression.py:826: 
_ _ _ _ _ _ _ _ _ _ _ _ _ _ _ _ _ _ _ _ _ _ _ _ _ _ _ _ _ _ _ _ _ _ _ _ _ _ _ _ 

    def ffprobe_binary():
        if ffmpeg_exists():
            return _FFPROBE_BINARY
>       raise FileNotFoundError(
            "FFMPEG not found. Install FFMPEG to use hub's video features"
        )
E       FileNotFoundError: FFMPEG not found. Install FFMPEG to use hub's video features

core/compression.py:130: FileNotFoundError

During handling of the above exception, another exception occurred:

ds = Dataset(path='/tmp/hub_pytest/test_video/test_video[mkv-local_ds]', tensors=['video_0'])
compression = 'mkv'
video_paths = {'avi': ['/Users/abhinavtuli/Documents/Activeloop/Hub/hub/tests/dummy_data/video/sampleavi.avi'], 'mkv': ['/Users/abhi...loop/Hub/hub/tests/dummy_data/video/samplemp4.mp4', '.test_resources/hub-test-resources/videos/mp4/samplemp4_3MB.mp4']}

    @enabled_datasets
    @pytest.mark.parametrize("compression", hub.compression.VIDEO_COMPRESSIONS)
    def test_video(ds: Dataset, compression, video_paths):
        for i, path in enumerate(video_paths[compression]):
            tensor = ds.create_tensor(
                f"video_{i}", htype="video", sample_compression=compression
            )
            sample = hub.read(path)
>           assert len(sample.shape) == 4

api/tests/test_video.py:16: 
_ _ _ _ _ _ _ _ _ _ _ _ _ _ _ _ _ _ _ _ _ _ _ _ _ _ _ _ _ _ _ _ _ _ _ _ _ _ _ _ 
core/sample.py:111: in shape
    self._read_meta()
core/sample.py:125: in _read_meta
    self._compression, self._shape, self._typestr = read_meta_from_compressed_file(
_ _ _ _ _ _ _ _ _ _ _ _ _ _ _ _ _ _ _ _ _ _ _ _ _ _ _ _ _ _ _ _ _ _ _ _ _ _ _ _ 

file = '/Users/abhinavtuli/Documents/Activeloop/Hub/hub/tests/dummy_data/video/samplemkv.mkv'
compression = 'mkv'

    def read_meta_from_compressed_file(
        file, compression: Optional[str] = None
    ) -> Tuple[str, Tuple[int], str]:
        """Reads shape, dtype and format without decompressing or verifying the sample."""
        if isinstance(file, (str, Path)):
            f = open(file, "rb")
            isfile = True
            close = True
        elif hasattr(file, "read"):
            f = file
            close = False
            isfile = True
            f.seek(0)
        else:
            isfile = False
            f = file
            close = False
        try:
            if compression is None:
                path = file if isinstance(file, str) else None
                if hasattr(f, "read"):
                    compression = get_compression(f.read(32), path)
                    f.seek(0)
                else:
                    compression = get_compression(f[:32], path)  # type: ignore
            if compression == "jpeg":
                try:
                    shape, typestr = _read_jpeg_shape(f), "|u1"
                except Exception:
                    raise CorruptedSampleError("jpeg")
            elif compression == "png":
                try:
                    shape, typestr = _read_png_shape_and_dtype(f)
                except Exception:
                    raise CorruptedSampleError("png")
            elif get_compression_type(compression) == AUDIO_COMPRESSION:
                try:
                    shape, typestr = _read_audio_shape(file, compression), "<f4"
                except Exception as e:
                    raise CorruptedSampleError(compression)
            elif compression in ("mp4", "mkv", "avi"):
                try:
                    shape, typestr = _read_video_shape(file), "|u1"
                except Exception as e:
>                   raise CorruptedSampleError(compression)
E                   hub.util.exceptions.CorruptedSampleError: Invalid mkv file.

core/compression.py:620: CorruptedSampleError
__________________________ test_video[avi-memory_ds] ___________________________

file = '/Users/abhinavtuli/Documents/Activeloop/Hub/hub/tests/dummy_data/video/sampleavi.avi'
compression = 'avi'

    def read_meta_from_compressed_file(
        file, compression: Optional[str] = None
    ) -> Tuple[str, Tuple[int], str]:
        """Reads shape, dtype and format without decompressing or verifying the sample."""
        if isinstance(file, (str, Path)):
            f = open(file, "rb")
            isfile = True
            close = True
        elif hasattr(file, "read"):
            f = file
            close = False
            isfile = True
            f.seek(0)
        else:
            isfile = False
            f = file
            close = False
        try:
            if compression is None:
                path = file if isinstance(file, str) else None
                if hasattr(f, "read"):
                    compression = get_compression(f.read(32), path)
                    f.seek(0)
                else:
                    compression = get_compression(f[:32], path)  # type: ignore
            if compression == "jpeg":
                try:
                    shape, typestr = _read_jpeg_shape(f), "|u1"
                except Exception:
                    raise CorruptedSampleError("jpeg")
            elif compression == "png":
                try:
                    shape, typestr = _read_png_shape_and_dtype(f)
                except Exception:
                    raise CorruptedSampleError("png")
            elif get_compression_type(compression) == AUDIO_COMPRESSION:
                try:
                    shape, typestr = _read_audio_shape(file, compression), "<f4"
                except Exception as e:
                    raise CorruptedSampleError(compression)
            elif compression in ("mp4", "mkv", "avi"):
                try:
>                   shape, typestr = _read_video_shape(file), "|u1"

core/compression.py:618: 
_ _ _ _ _ _ _ _ _ _ _ _ _ _ _ _ _ _ _ _ _ _ _ _ _ _ _ _ _ _ _ _ _ _ _ _ _ _ _ _ 

file = '/Users/abhinavtuli/Documents/Activeloop/Hub/hub/tests/dummy_data/video/sampleavi.avi'

    def _read_video_shape(file: Union[bytes, memoryview, str]) -> Tuple[int, ...]:
>       info = _get_video_info(file)

core/compression.py:815: 
_ _ _ _ _ _ _ _ _ _ _ _ _ _ _ _ _ _ _ _ _ _ _ _ _ _ _ _ _ _ _ _ _ _ _ _ _ _ _ _ 

file = '/Users/abhinavtuli/Documents/Activeloop/Hub/hub/tests/dummy_data/video/sampleavi.avi'

    def _get_video_info(file: Union[bytes, memoryview, str]) -> dict:
        duration = None
        command = [
>           ffprobe_binary(),
            "-select_streams",
            "v:0",
            "-show_entries",
            "stream=width,height,duration,r_frame_rate",
            "-of",
            "default=noprint_wrappers=1",
            "pipe:",
        ]

core/compression.py:826: 
_ _ _ _ _ _ _ _ _ _ _ _ _ _ _ _ _ _ _ _ _ _ _ _ _ _ _ _ _ _ _ _ _ _ _ _ _ _ _ _ 

    def ffprobe_binary():
        if ffmpeg_exists():
            return _FFPROBE_BINARY
>       raise FileNotFoundError(
            "FFMPEG not found. Install FFMPEG to use hub's video features"
        )
E       FileNotFoundError: FFMPEG not found. Install FFMPEG to use hub's video features

core/compression.py:130: FileNotFoundError

During handling of the above exception, another exception occurred:

ds = Dataset(path='mem://hub_pytest/test_video/test_video[avi-memory_ds]', tensors=['video_0'])
compression = 'avi'
video_paths = {'avi': ['/Users/abhinavtuli/Documents/Activeloop/Hub/hub/tests/dummy_data/video/sampleavi.avi'], 'mkv': ['/Users/abhi...loop/Hub/hub/tests/dummy_data/video/samplemp4.mp4', '.test_resources/hub-test-resources/videos/mp4/samplemp4_3MB.mp4']}

    @enabled_datasets
    @pytest.mark.parametrize("compression", hub.compression.VIDEO_COMPRESSIONS)
    def test_video(ds: Dataset, compression, video_paths):
        for i, path in enumerate(video_paths[compression]):
            tensor = ds.create_tensor(
                f"video_{i}", htype="video", sample_compression=compression
            )
            sample = hub.read(path)
>           assert len(sample.shape) == 4

api/tests/test_video.py:16: 
_ _ _ _ _ _ _ _ _ _ _ _ _ _ _ _ _ _ _ _ _ _ _ _ _ _ _ _ _ _ _ _ _ _ _ _ _ _ _ _ 
core/sample.py:111: in shape
    self._read_meta()
core/sample.py:125: in _read_meta
    self._compression, self._shape, self._typestr = read_meta_from_compressed_file(
_ _ _ _ _ _ _ _ _ _ _ _ _ _ _ _ _ _ _ _ _ _ _ _ _ _ _ _ _ _ _ _ _ _ _ _ _ _ _ _ 

file = '/Users/abhinavtuli/Documents/Activeloop/Hub/hub/tests/dummy_data/video/sampleavi.avi'
compression = 'avi'

    def read_meta_from_compressed_file(
        file, compression: Optional[str] = None
    ) -> Tuple[str, Tuple[int], str]:
        """Reads shape, dtype and format without decompressing or verifying the sample."""
        if isinstance(file, (str, Path)):
            f = open(file, "rb")
            isfile = True
            close = True
        elif hasattr(file, "read"):
            f = file
            close = False
            isfile = True
            f.seek(0)
        else:
            isfile = False
            f = file
            close = False
        try:
            if compression is None:
                path = file if isinstance(file, str) else None
                if hasattr(f, "read"):
                    compression = get_compression(f.read(32), path)
                    f.seek(0)
                else:
                    compression = get_compression(f[:32], path)  # type: ignore
            if compression == "jpeg":
                try:
                    shape, typestr = _read_jpeg_shape(f), "|u1"
                except Exception:
                    raise CorruptedSampleError("jpeg")
            elif compression == "png":
                try:
                    shape, typestr = _read_png_shape_and_dtype(f)
                except Exception:
                    raise CorruptedSampleError("png")
            elif get_compression_type(compression) == AUDIO_COMPRESSION:
                try:
                    shape, typestr = _read_audio_shape(file, compression), "<f4"
                except Exception as e:
                    raise CorruptedSampleError(compression)
            elif compression in ("mp4", "mkv", "avi"):
                try:
                    shape, typestr = _read_video_shape(file), "|u1"
                except Exception as e:
>                   raise CorruptedSampleError(compression)
E                   hub.util.exceptions.CorruptedSampleError: Invalid avi file.

core/compression.py:620: CorruptedSampleError
___________________________ test_video[avi-local_ds] ___________________________

file = '/Users/abhinavtuli/Documents/Activeloop/Hub/hub/tests/dummy_data/video/sampleavi.avi'
compression = 'avi'

    def read_meta_from_compressed_file(
        file, compression: Optional[str] = None
    ) -> Tuple[str, Tuple[int], str]:
        """Reads shape, dtype and format without decompressing or verifying the sample."""
        if isinstance(file, (str, Path)):
            f = open(file, "rb")
            isfile = True
            close = True
        elif hasattr(file, "read"):
            f = file
            close = False
            isfile = True
            f.seek(0)
        else:
            isfile = False
            f = file
            close = False
        try:
            if compression is None:
                path = file if isinstance(file, str) else None
                if hasattr(f, "read"):
                    compression = get_compression(f.read(32), path)
                    f.seek(0)
                else:
                    compression = get_compression(f[:32], path)  # type: ignore
            if compression == "jpeg":
                try:
                    shape, typestr = _read_jpeg_shape(f), "|u1"
                except Exception:
                    raise CorruptedSampleError("jpeg")
            elif compression == "png":
                try:
                    shape, typestr = _read_png_shape_and_dtype(f)
                except Exception:
                    raise CorruptedSampleError("png")
            elif get_compression_type(compression) == AUDIO_COMPRESSION:
                try:
                    shape, typestr = _read_audio_shape(file, compression), "<f4"
                except Exception as e:
                    raise CorruptedSampleError(compression)
            elif compression in ("mp4", "mkv", "avi"):
                try:
>                   shape, typestr = _read_video_shape(file), "|u1"

core/compression.py:618: 
_ _ _ _ _ _ _ _ _ _ _ _ _ _ _ _ _ _ _ _ _ _ _ _ _ _ _ _ _ _ _ _ _ _ _ _ _ _ _ _ 

file = '/Users/abhinavtuli/Documents/Activeloop/Hub/hub/tests/dummy_data/video/sampleavi.avi'

    def _read_video_shape(file: Union[bytes, memoryview, str]) -> Tuple[int, ...]:
>       info = _get_video_info(file)

core/compression.py:815: 
_ _ _ _ _ _ _ _ _ _ _ _ _ _ _ _ _ _ _ _ _ _ _ _ _ _ _ _ _ _ _ _ _ _ _ _ _ _ _ _ 

file = '/Users/abhinavtuli/Documents/Activeloop/Hub/hub/tests/dummy_data/video/sampleavi.avi'

    def _get_video_info(file: Union[bytes, memoryview, str]) -> dict:
        duration = None
        command = [
>           ffprobe_binary(),
            "-select_streams",
            "v:0",
            "-show_entries",
            "stream=width,height,duration,r_frame_rate",
            "-of",
            "default=noprint_wrappers=1",
            "pipe:",
        ]

core/compression.py:826: 
_ _ _ _ _ _ _ _ _ _ _ _ _ _ _ _ _ _ _ _ _ _ _ _ _ _ _ _ _ _ _ _ _ _ _ _ _ _ _ _ 

    def ffprobe_binary():
        if ffmpeg_exists():
            return _FFPROBE_BINARY
>       raise FileNotFoundError(
            "FFMPEG not found. Install FFMPEG to use hub's video features"
        )
E       FileNotFoundError: FFMPEG not found. Install FFMPEG to use hub's video features

core/compression.py:130: FileNotFoundError

During handling of the above exception, another exception occurred:

ds = Dataset(path='/tmp/hub_pytest/test_video/test_video[avi-local_ds]', tensors=['video_0'])
compression = 'avi'
video_paths = {'avi': ['/Users/abhinavtuli/Documents/Activeloop/Hub/hub/tests/dummy_data/video/sampleavi.avi'], 'mkv': ['/Users/abhi...loop/Hub/hub/tests/dummy_data/video/samplemp4.mp4', '.test_resources/hub-test-resources/videos/mp4/samplemp4_3MB.mp4']}

    @enabled_datasets
    @pytest.mark.parametrize("compression", hub.compression.VIDEO_COMPRESSIONS)
    def test_video(ds: Dataset, compression, video_paths):
        for i, path in enumerate(video_paths[compression]):
            tensor = ds.create_tensor(
                f"video_{i}", htype="video", sample_compression=compression
            )
            sample = hub.read(path)
>           assert len(sample.shape) == 4

api/tests/test_video.py:16: 
_ _ _ _ _ _ _ _ _ _ _ _ _ _ _ _ _ _ _ _ _ _ _ _ _ _ _ _ _ _ _ _ _ _ _ _ _ _ _ _ 
core/sample.py:111: in shape
    self._read_meta()
core/sample.py:125: in _read_meta
    self._compression, self._shape, self._typestr = read_meta_from_compressed_file(
_ _ _ _ _ _ _ _ _ _ _ _ _ _ _ _ _ _ _ _ _ _ _ _ _ _ _ _ _ _ _ _ _ _ _ _ _ _ _ _ 

file = '/Users/abhinavtuli/Documents/Activeloop/Hub/hub/tests/dummy_data/video/sampleavi.avi'
compression = 'avi'

    def read_meta_from_compressed_file(
        file, compression: Optional[str] = None
    ) -> Tuple[str, Tuple[int], str]:
        """Reads shape, dtype and format without decompressing or verifying the sample."""
        if isinstance(file, (str, Path)):
            f = open(file, "rb")
            isfile = True
            close = True
        elif hasattr(file, "read"):
            f = file
            close = False
            isfile = True
            f.seek(0)
        else:
            isfile = False
            f = file
            close = False
        try:
            if compression is None:
                path = file if isinstance(file, str) else None
                if hasattr(f, "read"):
                    compression = get_compression(f.read(32), path)
                    f.seek(0)
                else:
                    compression = get_compression(f[:32], path)  # type: ignore
            if compression == "jpeg":
                try:
                    shape, typestr = _read_jpeg_shape(f), "|u1"
                except Exception:
                    raise CorruptedSampleError("jpeg")
            elif compression == "png":
                try:
                    shape, typestr = _read_png_shape_and_dtype(f)
                except Exception:
                    raise CorruptedSampleError("png")
            elif get_compression_type(compression) == AUDIO_COMPRESSION:
                try:
                    shape, typestr = _read_audio_shape(file, compression), "<f4"
                except Exception as e:
                    raise CorruptedSampleError(compression)
            elif compression in ("mp4", "mkv", "avi"):
                try:
                    shape, typestr = _read_video_shape(file), "|u1"
                except Exception as e:
>                   raise CorruptedSampleError(compression)
E                   hub.util.exceptions.CorruptedSampleError: Invalid avi file.

core/compression.py:620: CorruptedSampleError
_______________________________ test_video[mp4] ________________________________

file = '/Users/abhinavtuli/Documents/Activeloop/Hub/hub/tests/dummy_data/video/samplemp4.mp4'
compression = 'mp4'

    def read_meta_from_compressed_file(
        file, compression: Optional[str] = None
    ) -> Tuple[str, Tuple[int], str]:
        """Reads shape, dtype and format without decompressing or verifying the sample."""
        if isinstance(file, (str, Path)):
            f = open(file, "rb")
            isfile = True
            close = True
        elif hasattr(file, "read"):
            f = file
            close = False
            isfile = True
            f.seek(0)
        else:
            isfile = False
            f = file
            close = False
        try:
            if compression is None:
                path = file if isinstance(file, str) else None
                if hasattr(f, "read"):
                    compression = get_compression(f.read(32), path)
                    f.seek(0)
                else:
                    compression = get_compression(f[:32], path)  # type: ignore
            if compression == "jpeg":
                try:
                    shape, typestr = _read_jpeg_shape(f), "|u1"
                except Exception:
                    raise CorruptedSampleError("jpeg")
            elif compression == "png":
                try:
                    shape, typestr = _read_png_shape_and_dtype(f)
                except Exception:
                    raise CorruptedSampleError("png")
            elif get_compression_type(compression) == AUDIO_COMPRESSION:
                try:
                    shape, typestr = _read_audio_shape(file, compression), "<f4"
                except Exception as e:
                    raise CorruptedSampleError(compression)
            elif compression in ("mp4", "mkv", "avi"):
                try:
>                   shape, typestr = _read_video_shape(file), "|u1"

core/compression.py:618: 
_ _ _ _ _ _ _ _ _ _ _ _ _ _ _ _ _ _ _ _ _ _ _ _ _ _ _ _ _ _ _ _ _ _ _ _ _ _ _ _ 

file = '/Users/abhinavtuli/Documents/Activeloop/Hub/hub/tests/dummy_data/video/samplemp4.mp4'

    def _read_video_shape(file: Union[bytes, memoryview, str]) -> Tuple[int, ...]:
>       info = _get_video_info(file)

core/compression.py:815: 
_ _ _ _ _ _ _ _ _ _ _ _ _ _ _ _ _ _ _ _ _ _ _ _ _ _ _ _ _ _ _ _ _ _ _ _ _ _ _ _ 

file = '/Users/abhinavtuli/Documents/Activeloop/Hub/hub/tests/dummy_data/video/samplemp4.mp4'

    def _get_video_info(file: Union[bytes, memoryview, str]) -> dict:
        duration = None
        command = [
>           ffprobe_binary(),
            "-select_streams",
            "v:0",
            "-show_entries",
            "stream=width,height,duration,r_frame_rate",
            "-of",
            "default=noprint_wrappers=1",
            "pipe:",
        ]

core/compression.py:826: 
_ _ _ _ _ _ _ _ _ _ _ _ _ _ _ _ _ _ _ _ _ _ _ _ _ _ _ _ _ _ _ _ _ _ _ _ _ _ _ _ 

    def ffprobe_binary():
        if ffmpeg_exists():
            return _FFPROBE_BINARY
>       raise FileNotFoundError(
            "FFMPEG not found. Install FFMPEG to use hub's video features"
        )
E       FileNotFoundError: FFMPEG not found. Install FFMPEG to use hub's video features

core/compression.py:130: FileNotFoundError

During handling of the above exception, another exception occurred:

compression = 'mp4'
video_paths = {'avi': ['/Users/abhinavtuli/Documents/Activeloop/Hub/hub/tests/dummy_data/video/sampleavi.avi'], 'mkv': ['/Users/abhi...loop/Hub/hub/tests/dummy_data/video/samplemp4.mp4', '.test_resources/hub-test-resources/videos/mp4/samplemp4_3MB.mp4']}

    @pytest.mark.parametrize("compression", VIDEO_COMPRESSIONS)
    def test_video(compression, video_paths):
        for path in video_paths[compression]:
            sample = hub.read(path)
>           arr = np.array(sample)

core/tests/test_compression.py:152: 
_ _ _ _ _ _ _ _ _ _ _ _ _ _ _ _ _ _ _ _ _ _ _ _ _ _ _ _ _ _ _ _ _ _ _ _ _ _ _ _ 
core/sample.py:288: in __array__
    return self.array
core/sample.py:256: in array
    self.path or self._buffer, compression=compr, shape=self.shape
core/sample.py:111: in shape
    self._read_meta()
core/sample.py:125: in _read_meta
    self._compression, self._shape, self._typestr = read_meta_from_compressed_file(
_ _ _ _ _ _ _ _ _ _ _ _ _ _ _ _ _ _ _ _ _ _ _ _ _ _ _ _ _ _ _ _ _ _ _ _ _ _ _ _ 

file = '/Users/abhinavtuli/Documents/Activeloop/Hub/hub/tests/dummy_data/video/samplemp4.mp4'
compression = 'mp4'

    def read_meta_from_compressed_file(
        file, compression: Optional[str] = None
    ) -> Tuple[str, Tuple[int], str]:
        """Reads shape, dtype and format without decompressing or verifying the sample."""
        if isinstance(file, (str, Path)):
            f = open(file, "rb")
            isfile = True
            close = True
        elif hasattr(file, "read"):
            f = file
            close = False
            isfile = True
            f.seek(0)
        else:
            isfile = False
            f = file
            close = False
        try:
            if compression is None:
                path = file if isinstance(file, str) else None
                if hasattr(f, "read"):
                    compression = get_compression(f.read(32), path)
                    f.seek(0)
                else:
                    compression = get_compression(f[:32], path)  # type: ignore
            if compression == "jpeg":
                try:
                    shape, typestr = _read_jpeg_shape(f), "|u1"
                except Exception:
                    raise CorruptedSampleError("jpeg")
            elif compression == "png":
                try:
                    shape, typestr = _read_png_shape_and_dtype(f)
                except Exception:
                    raise CorruptedSampleError("png")
            elif get_compression_type(compression) == AUDIO_COMPRESSION:
                try:
                    shape, typestr = _read_audio_shape(file, compression), "<f4"
                except Exception as e:
                    raise CorruptedSampleError(compression)
            elif compression in ("mp4", "mkv", "avi"):
                try:
                    shape, typestr = _read_video_shape(file), "|u1"
                except Exception as e:
>                   raise CorruptedSampleError(compression)
E                   hub.util.exceptions.CorruptedSampleError: Invalid mp4 file.

core/compression.py:620: CorruptedSampleError
_______________________________ test_video[mkv] ________________________________

file = '/Users/abhinavtuli/Documents/Activeloop/Hub/hub/tests/dummy_data/video/samplemkv.mkv'
compression = 'mkv'

    def read_meta_from_compressed_file(
        file, compression: Optional[str] = None
    ) -> Tuple[str, Tuple[int], str]:
        """Reads shape, dtype and format without decompressing or verifying the sample."""
        if isinstance(file, (str, Path)):
            f = open(file, "rb")
            isfile = True
            close = True
        elif hasattr(file, "read"):
            f = file
            close = False
            isfile = True
            f.seek(0)
        else:
            isfile = False
            f = file
            close = False
        try:
            if compression is None:
                path = file if isinstance(file, str) else None
                if hasattr(f, "read"):
                    compression = get_compression(f.read(32), path)
                    f.seek(0)
                else:
                    compression = get_compression(f[:32], path)  # type: ignore
            if compression == "jpeg":
                try:
                    shape, typestr = _read_jpeg_shape(f), "|u1"
                except Exception:
                    raise CorruptedSampleError("jpeg")
            elif compression == "png":
                try:
                    shape, typestr = _read_png_shape_and_dtype(f)
                except Exception:
                    raise CorruptedSampleError("png")
            elif get_compression_type(compression) == AUDIO_COMPRESSION:
                try:
                    shape, typestr = _read_audio_shape(file, compression), "<f4"
                except Exception as e:
                    raise CorruptedSampleError(compression)
            elif compression in ("mp4", "mkv", "avi"):
                try:
>                   shape, typestr = _read_video_shape(file), "|u1"

core/compression.py:618: 
_ _ _ _ _ _ _ _ _ _ _ _ _ _ _ _ _ _ _ _ _ _ _ _ _ _ _ _ _ _ _ _ _ _ _ _ _ _ _ _ 

file = '/Users/abhinavtuli/Documents/Activeloop/Hub/hub/tests/dummy_data/video/samplemkv.mkv'

    def _read_video_shape(file: Union[bytes, memoryview, str]) -> Tuple[int, ...]:
>       info = _get_video_info(file)

core/compression.py:815: 
_ _ _ _ _ _ _ _ _ _ _ _ _ _ _ _ _ _ _ _ _ _ _ _ _ _ _ _ _ _ _ _ _ _ _ _ _ _ _ _ 

file = '/Users/abhinavtuli/Documents/Activeloop/Hub/hub/tests/dummy_data/video/samplemkv.mkv'

    def _get_video_info(file: Union[bytes, memoryview, str]) -> dict:
        duration = None
        command = [
>           ffprobe_binary(),
            "-select_streams",
            "v:0",
            "-show_entries",
            "stream=width,height,duration,r_frame_rate",
            "-of",
            "default=noprint_wrappers=1",
            "pipe:",
        ]

core/compression.py:826: 
_ _ _ _ _ _ _ _ _ _ _ _ _ _ _ _ _ _ _ _ _ _ _ _ _ _ _ _ _ _ _ _ _ _ _ _ _ _ _ _ 

    def ffprobe_binary():
        if ffmpeg_exists():
            return _FFPROBE_BINARY
>       raise FileNotFoundError(
            "FFMPEG not found. Install FFMPEG to use hub's video features"
        )
E       FileNotFoundError: FFMPEG not found. Install FFMPEG to use hub's video features

core/compression.py:130: FileNotFoundError

During handling of the above exception, another exception occurred:

compression = 'mkv'
video_paths = {'avi': ['/Users/abhinavtuli/Documents/Activeloop/Hub/hub/tests/dummy_data/video/sampleavi.avi'], 'mkv': ['/Users/abhi...loop/Hub/hub/tests/dummy_data/video/samplemp4.mp4', '.test_resources/hub-test-resources/videos/mp4/samplemp4_3MB.mp4']}

    @pytest.mark.parametrize("compression", VIDEO_COMPRESSIONS)
    def test_video(compression, video_paths):
        for path in video_paths[compression]:
            sample = hub.read(path)
>           arr = np.array(sample)

core/tests/test_compression.py:152: 
_ _ _ _ _ _ _ _ _ _ _ _ _ _ _ _ _ _ _ _ _ _ _ _ _ _ _ _ _ _ _ _ _ _ _ _ _ _ _ _ 
core/sample.py:288: in __array__
    return self.array
core/sample.py:256: in array
    self.path or self._buffer, compression=compr, shape=self.shape
core/sample.py:111: in shape
    self._read_meta()
core/sample.py:125: in _read_meta
    self._compression, self._shape, self._typestr = read_meta_from_compressed_file(
_ _ _ _ _ _ _ _ _ _ _ _ _ _ _ _ _ _ _ _ _ _ _ _ _ _ _ _ _ _ _ _ _ _ _ _ _ _ _ _ 

file = '/Users/abhinavtuli/Documents/Activeloop/Hub/hub/tests/dummy_data/video/samplemkv.mkv'
compression = 'mkv'

    def read_meta_from_compressed_file(
        file, compression: Optional[str] = None
    ) -> Tuple[str, Tuple[int], str]:
        """Reads shape, dtype and format without decompressing or verifying the sample."""
        if isinstance(file, (str, Path)):
            f = open(file, "rb")
            isfile = True
            close = True
        elif hasattr(file, "read"):
            f = file
            close = False
            isfile = True
            f.seek(0)
        else:
            isfile = False
            f = file
            close = False
        try:
            if compression is None:
                path = file if isinstance(file, str) else None
                if hasattr(f, "read"):
                    compression = get_compression(f.read(32), path)
                    f.seek(0)
                else:
                    compression = get_compression(f[:32], path)  # type: ignore
            if compression == "jpeg":
                try:
                    shape, typestr = _read_jpeg_shape(f), "|u1"
                except Exception:
                    raise CorruptedSampleError("jpeg")
            elif compression == "png":
                try:
                    shape, typestr = _read_png_shape_and_dtype(f)
                except Exception:
                    raise CorruptedSampleError("png")
            elif get_compression_type(compression) == AUDIO_COMPRESSION:
                try:
                    shape, typestr = _read_audio_shape(file, compression), "<f4"
                except Exception as e:
                    raise CorruptedSampleError(compression)
            elif compression in ("mp4", "mkv", "avi"):
                try:
                    shape, typestr = _read_video_shape(file), "|u1"
                except Exception as e:
>                   raise CorruptedSampleError(compression)
E                   hub.util.exceptions.CorruptedSampleError: Invalid mkv file.

core/compression.py:620: CorruptedSampleError
_______________________________ test_video[avi] ________________________________

file = '/Users/abhinavtuli/Documents/Activeloop/Hub/hub/tests/dummy_data/video/sampleavi.avi'
compression = 'avi'

    def read_meta_from_compressed_file(
        file, compression: Optional[str] = None
    ) -> Tuple[str, Tuple[int], str]:
        """Reads shape, dtype and format without decompressing or verifying the sample."""
        if isinstance(file, (str, Path)):
            f = open(file, "rb")
            isfile = True
            close = True
        elif hasattr(file, "read"):
            f = file
            close = False
            isfile = True
            f.seek(0)
        else:
            isfile = False
            f = file
            close = False
        try:
            if compression is None:
                path = file if isinstance(file, str) else None
                if hasattr(f, "read"):
                    compression = get_compression(f.read(32), path)
                    f.seek(0)
                else:
                    compression = get_compression(f[:32], path)  # type: ignore
            if compression == "jpeg":
                try:
                    shape, typestr = _read_jpeg_shape(f), "|u1"
                except Exception:
                    raise CorruptedSampleError("jpeg")
            elif compression == "png":
                try:
                    shape, typestr = _read_png_shape_and_dtype(f)
                except Exception:
                    raise CorruptedSampleError("png")
            elif get_compression_type(compression) == AUDIO_COMPRESSION:
                try:
                    shape, typestr = _read_audio_shape(file, compression), "<f4"
                except Exception as e:
                    raise CorruptedSampleError(compression)
            elif compression in ("mp4", "mkv", "avi"):
                try:
>                   shape, typestr = _read_video_shape(file), "|u1"

core/compression.py:618: 
_ _ _ _ _ _ _ _ _ _ _ _ _ _ _ _ _ _ _ _ _ _ _ _ _ _ _ _ _ _ _ _ _ _ _ _ _ _ _ _ 

file = '/Users/abhinavtuli/Documents/Activeloop/Hub/hub/tests/dummy_data/video/sampleavi.avi'

    def _read_video_shape(file: Union[bytes, memoryview, str]) -> Tuple[int, ...]:
>       info = _get_video_info(file)

core/compression.py:815: 
_ _ _ _ _ _ _ _ _ _ _ _ _ _ _ _ _ _ _ _ _ _ _ _ _ _ _ _ _ _ _ _ _ _ _ _ _ _ _ _ 

file = '/Users/abhinavtuli/Documents/Activeloop/Hub/hub/tests/dummy_data/video/sampleavi.avi'

    def _get_video_info(file: Union[bytes, memoryview, str]) -> dict:
        duration = None
        command = [
>           ffprobe_binary(),
            "-select_streams",
            "v:0",
            "-show_entries",
            "stream=width,height,duration,r_frame_rate",
            "-of",
            "default=noprint_wrappers=1",
            "pipe:",
        ]

core/compression.py:826: 
_ _ _ _ _ _ _ _ _ _ _ _ _ _ _ _ _ _ _ _ _ _ _ _ _ _ _ _ _ _ _ _ _ _ _ _ _ _ _ _ 

    def ffprobe_binary():
        if ffmpeg_exists():
            return _FFPROBE_BINARY
>       raise FileNotFoundError(
            "FFMPEG not found. Install FFMPEG to use hub's video features"
        )
E       FileNotFoundError: FFMPEG not found. Install FFMPEG to use hub's video features

core/compression.py:130: FileNotFoundError

During handling of the above exception, another exception occurred:

compression = 'avi'
video_paths = {'avi': ['/Users/abhinavtuli/Documents/Activeloop/Hub/hub/tests/dummy_data/video/sampleavi.avi'], 'mkv': ['/Users/abhi...loop/Hub/hub/tests/dummy_data/video/samplemp4.mp4', '.test_resources/hub-test-resources/videos/mp4/samplemp4_3MB.mp4']}

    @pytest.mark.parametrize("compression", VIDEO_COMPRESSIONS)
    def test_video(compression, video_paths):
        for path in video_paths[compression]:
            sample = hub.read(path)
>           arr = np.array(sample)

core/tests/test_compression.py:152: 
_ _ _ _ _ _ _ _ _ _ _ _ _ _ _ _ _ _ _ _ _ _ _ _ _ _ _ _ _ _ _ _ _ _ _ _ _ _ _ _ 
core/sample.py:288: in __array__
    return self.array
core/sample.py:256: in array
    self.path or self._buffer, compression=compr, shape=self.shape
core/sample.py:111: in shape
    self._read_meta()
core/sample.py:125: in _read_meta
    self._compression, self._shape, self._typestr = read_meta_from_compressed_file(
_ _ _ _ _ _ _ _ _ _ _ _ _ _ _ _ _ _ _ _ _ _ _ _ _ _ _ _ _ _ _ _ _ _ _ _ _ _ _ _ 

file = '/Users/abhinavtuli/Documents/Activeloop/Hub/hub/tests/dummy_data/video/sampleavi.avi'
compression = 'avi'

    def read_meta_from_compressed_file(
        file, compression: Optional[str] = None
    ) -> Tuple[str, Tuple[int], str]:
        """Reads shape, dtype and format without decompressing or verifying the sample."""
        if isinstance(file, (str, Path)):
            f = open(file, "rb")
            isfile = True
            close = True
        elif hasattr(file, "read"):
            f = file
            close = False
            isfile = True
            f.seek(0)
        else:
            isfile = False
            f = file
            close = False
        try:
            if compression is None:
                path = file if isinstance(file, str) else None
                if hasattr(f, "read"):
                    compression = get_compression(f.read(32), path)
                    f.seek(0)
                else:
                    compression = get_compression(f[:32], path)  # type: ignore
            if compression == "jpeg":
                try:
                    shape, typestr = _read_jpeg_shape(f), "|u1"
                except Exception:
                    raise CorruptedSampleError("jpeg")
            elif compression == "png":
                try:
                    shape, typestr = _read_png_shape_and_dtype(f)
                except Exception:
                    raise CorruptedSampleError("png")
            elif get_compression_type(compression) == AUDIO_COMPRESSION:
                try:
                    shape, typestr = _read_audio_shape(file, compression), "<f4"
                except Exception as e:
                    raise CorruptedSampleError(compression)
            elif compression in ("mp4", "mkv", "avi"):
                try:
                    shape, typestr = _read_video_shape(file), "|u1"
                except Exception as e:
>                   raise CorruptedSampleError(compression)
E                   hub.util.exceptions.CorruptedSampleError: Invalid avi file.

core/compression.py:620: CorruptedSampleError
=============================== warnings summary ===============================
hub/api/tests/test_api_tiling.py::test_updates[compression0]
hub/api/tests/test_api_tiling.py::test_updates[compression1]
hub/api/tests/test_api_tiling.py::test_updates[compression3]
  /Users/abhinavtuli/Documents/Activeloop/Hub/hub/util/chunk_engine.py:82: UserWarning: After update, some chunks were suboptimal. Be careful when doing lots of updates that modify the sizes of samples by a large amount, these can heavily impact read performance!
    warnings.warn(

hub/api/tests/test_json.py::test_json_transform[lz4-memory_ds]
hub/api/tests/test_json.py::test_json_transform[lz4-local_ds]
hub/api/tests/test_json.py::test_json_transform[None-memory_ds]
hub/api/tests/test_json.py::test_json_transform[None-local_ds]
hub/api/tests/test_json.py::test_list_transform[lz4-memory_ds]
hub/api/tests/test_json.py::test_list_transform[lz4-local_ds]
hub/api/tests/test_json.py::test_list_transform[None-memory_ds]
hub/api/tests/test_json.py::test_list_transform[None-local_ds]
  /Users/abhinavtuli/miniconda3/lib/python3.9/site-packages/numpy/core/_asarray.py:83: VisibleDeprecationWarning: Creating an ndarray from ragged nested sequences (which is a list-or-tuple of lists-or-tuples-or ndarrays with different lengths or shapes) is deprecated. If you meant to do this, you must specify 'dtype=object' when creating the ndarray
    return array(a, dtype, copy=False, order=order)

hub/core/tests/test_compression.py::test_array[ico]
hub/core/tests/test_compression.py::test_multi_array[ico]
hub/core/tests/test_compression.py::test_verify[ico]
  /Users/abhinavtuli/miniconda3/lib/python3.9/site-packages/PIL/IcoImagePlugin.py:316: UserWarning: Image was not the expected size
    warnings.warn("Image was not the expected size")

hub/core/tests/test_compression.py::test_verify[jpeg]
  /Users/abhinavtuli/miniconda3/lib/python3.9/site-packages/PIL/JpegImagePlugin.py:811: UserWarning: Image appears to be a malformed MPO file, it will be interpreted as a base JPEG file
    warnings.warn(

hub/core/tests/test_compression.py::test_verify[png]
  /Users/abhinavtuli/miniconda3/lib/python3.9/site-packages/PIL/PngImagePlugin.py:614: UserWarning: Invalid APNG, will use default PNG image if possible
    warnings.warn("Invalid APNG, will use default PNG image if possible")

hub/core/tests/test_compression.py::test_verify[png]
  /Users/abhinavtuli/miniconda3/lib/python3.9/site-packages/PIL/PngImagePlugin.py:618: UserWarning: Invalid APNG, will use default PNG image if possible
    warnings.warn("Invalid APNG, will use default PNG image if possible")

hub/core/tests/test_io.py::test_sequential_scheduler
  /Users/abhinavtuli/miniconda3/lib/python3.9/site-packages/numpy/testing/_private/utils.py:703: VisibleDeprecationWarning: Creating an ndarray from ragged nested sequences (which is a list-or-tuple of lists-or-tuples-or ndarrays with different lengths or shapes) is deprecated. If you meant to do this, you must specify 'dtype=object' when creating the ndarray
    x = array(x, copy=False, subok=True)

hub/core/tests/test_io.py::test_sequential_scheduler
  /Users/abhinavtuli/miniconda3/lib/python3.9/site-packages/numpy/testing/_private/utils.py:704: VisibleDeprecationWarning: Creating an ndarray from ragged nested sequences (which is a list-or-tuple of lists-or-tuples-or ndarrays with different lengths or shapes) is deprecated. If you meant to do this, you must specify 'dtype=object' when creating the ndarray
    y = array(y, copy=False, subok=True)

hub/core/transform/test_transform.py::test_inplace_transform_non_head
  /Users/abhinavtuli/Documents/Activeloop/Hub/hub/util/version_control.py:473: UserWarning: The branch (auto_1de77ebf375f700bc73c69f639f8c7436484803f) that you have checked out to, has no commits.
    warnings.warn(

-- Docs: https://docs.pytest.org/en/stable/warnings.html
============================== slowest durations ===============================
28.85s call     hub/api/tests/test_hosted_datasets.py::test_mnist
23.22s call     hub/core/chunk/test_chunk_compressed.py::test_read_write_sequence_big[True-png]
23.18s call     hub/api/tests/test_api_tiling.py::test_updates[compression2]
16.07s call     hub/core/tiling/test_optimizer.py::test_tile_shape_large_compressed[png]
14.62s call     hub/core/chunk/test_sample_compressed.py::test_read_write_sequence_big[lz4]
10.82s call     hub/api/tests/test_api_tiling.py::test_updates[compression1]
10.60s call     hub/core/chunk/test_uncompressed.py::test_read_write_sequence_big
9.45s call     hub/api/tests/test_api.py::test_append_with_tensor[size1-dest_args2-src_args2]
8.65s call     hub/api/tests/test_api.py::test_larger_data_memory
8.08s call     hub/core/chunk/test_chunk_compressed.py::test_read_write_sequence_big[False-png]
8.08s call     hub/api/tests/test_api.py::test_append_with_tensor[size1-dest_args2-src_args1]
7.55s call     hub/api/tests/test_api.py::test_append_with_tensor[size1-dest_args1-src_args2]
6.93s call     hub/api/tests/test_api_tiling.py::test_mixed_small_large[compression1]
6.79s call     hub/api/tests/test_api_tiling.py::test_mixed_small_large[compression2]
6.07s call     hub/api/tests/test_api.py::test_append_with_tensor[size1-dest_args1-src_args1]
5.58s call     hub/core/chunk/test_chunk_compressed.py::test_read_write_sequence_big[True-lz4]
5.26s call     hub/api/tests/test_api.py::test_append_with_tensor[size1-dest_args0-src_args2]
5.23s call     hub/api/tests/test_api.py::test_append_with_tensor[size1-dest_args2-src_args0]
4.71s call     hub/core/chunk/test_chunk_compressed.py::test_read_write_sequence_big[False-lz4]
4.47s call     hub/api/tests/test_api.py::test_sample_shape
4.22s call     hub/api/tests/test_api.py::test_append_with_tensor[size1-dest_args0-src_args1]
4.16s call     hub/core/tiling/test_optimizer.py::test_tile_shape_large_compressed[jpeg]
3.86s call     hub/core/tests/test_compression.py::test_verify[jpeg]
3.22s call     hub/api/tests/test_api.py::test_append_with_tensor[size1-dest_args1-src_args0]
2.75s call     hub/api/tests/test_api_tiling.py::test_simple
2.40s call     hub/api/tests/test_api_with_compression.py::test_chunkwise_compression
2.31s call     hub/core/transform/test_transform.py::test_transform_hub_read[local_ds-png-threaded]
2.28s call     hub/core/transform/test_transform.py::test_transform_hub_read[local_ds-png-processed]
2.26s call     hub/core/transform/test_transform.py::test_transform_hub_read[memory_ds-png-threaded]
2.13s call     hub/api/tests/test_api_tiling.py::test_updates[compression3]
2.12s call     hub/api/tests/test_api_tiling.py::test_updates[compression4]
1.97s call     hub/core/chunk/test_sample_compressed.py::test_update[lz4]
1.85s call     hub/api/tests/test_api_tiling.py::test_mixed_small_large[compression4]
1.74s call     hub/core/chunk/test_chunk_compressed.py::test_update[png]
1.65s call     hub/api/tests/test_api_tiling.py::test_cachable_overflow
1.58s call     hub/api/tests/test_api_tiling.py::test_mixed_small_large[compression3]
1.53s call     hub/api/tests/test_api_tiling.py::test_mixed_small_large[compression0]
1.50s call     hub/api/tests/test_api_tiling.py::test_updates[compression0]
1.30s call     hub/core/transform/test_transform.py::test_chain_transform_list_small[memory_ds-threaded]
1.04s call     hub/core/transform/test_transform.py::test_chain_transform_list_small[local_ds-threaded]
1.04s call     hub/core/transform/test_transform.py::test_chain_transform_list_big[threaded]
1.02s call     hub/core/tests/test_compression.py::test_apng
1.01s call     hub/core/transform/test_transform.py::test_transform_hub_read[local_ds-jpeg-threaded]
1.00s call     hub/core/transform/test_transform.py::test_add_to_non_empty_dataset[True-threaded]
0.96s call     hub/api/tests/test_api.py::test_append_with_tensor[size1-dest_args0-src_args0]
0.91s call     hub/core/transform/test_transform.py::test_chain_transform_list_small[local_ds-processed]
0.90s call     hub/core/transform/test_transform.py::test_add_to_non_empty_dataset[False-threaded]
0.86s call     hub/core/transform/test_transform.py::test_chain_transform_list_big[processed]
0.86s call     hub/core/transform/test_transform.py::test_add_to_non_empty_dataset[True-processed]
0.85s call     hub/core/transform/test_transform.py::test_add_to_non_empty_dataset[False-processed]
0.83s call     hub/core/test_serialize.py::test_sample_img_compression
0.75s call     hub/core/transform/test_transform.py::test_transform_hub_read[local_ds-jpeg-processed]
0.68s call     hub/api/tests/test_update_samples.py::test_hub_read[png]
0.66s call     hub/core/query/test/test_query.py::test_query_scheduler
0.65s call     hub/api/tests/test_api_with_compression.py::test_populate_compressed_samples[memory_ds]
0.62s call     hub/api/tests/test_api_with_compression.py::test_populate_compressed_samples[local_ds]
0.62s call     hub/api/tests/test_api_with_compression.py::test_iterate_compressed_samples[local_ds]
0.60s call     hub/core/tests/test_compression.py::test_verify[png]
0.57s call     hub/core/chunk/test_uncompressed.py::test_read_write_numpy_big
0.57s call     hub/core/transform/test_transform.py::test_inplace_transform_non_head
0.55s call     hub/core/transform/test_transform.py::test_transform_hub_read[memory_ds-jpeg-threaded]
0.55s call     hub/api/tests/test_api_with_compression.py::test_iterate_compressed_samples[memory_ds]
0.47s call     hub/core/transform/test_transform.py::test_transform_hub_read[memory_ds-None-threaded]
0.46s call     hub/core/transform/test_transform.py::test_inplace_transform_clear_chunks
0.46s call     hub/api/tests/test_api_tiling.py::test_empty_array[compression2]
0.44s call     hub/core/transform/test_transform.py::test_transform_hub_read[local_ds-None-threaded]
0.44s call     hub/api/tests/test_api_with_compression.py::test_audio[mp3-memory_ds]
0.42s call     hub/api/tests/test_api_with_compression.py::test_audio[mp3-local_ds]
0.40s call     hub/core/transform/test_transform.py::test_transform_hub_read[local_ds-None-processed]
0.38s call     hub/api/tests/test_api_tiling.py::test_empty_array[compression1]
0.36s call     hub/core/transform/test_transform.py::test_inplace_transform
0.33s call     hub/core/transform/test_transform.py::test_transform_hub_read_pipeline[memory_ds-png-threaded]
0.32s call     hub/core/chunk/test_chunk_compressed.py::test_update[lz4]
0.31s call     hub/core/transform/test_transform.py::test_transform_hub_read_pipeline[local_ds-png-threaded]
0.30s call     hub/core/transform/test_transform.py::test_transform_hub_read_pipeline[local_ds-jpeg-threaded]
0.30s call     hub/core/transform/test_transform.py::test_transform_hub_read_pipeline[memory_ds-None-threaded]
0.29s call     hub/core/chunk/test_sample_compressed.py::test_read_write_sequence[lz4]
0.29s call     hub/core/chunk/test_uncompressed.py::test_update
0.28s call     hub/core/transform/test_transform.py::test_transform_hub_read_pipeline[local_ds-None-threaded]
0.27s call     hub/core/transform/test_transform.py::test_transform_hub_read_pipeline[memory_ds-jpeg-threaded]
0.27s call     hub/core/transform/test_transform.py::test_transform_hub_read_pipeline[local_ds-png-processed]
0.25s call     hub/core/transform/test_transform.py::test_transform_hub_read_pipeline[local_ds-jpeg-processed]
0.25s call     hub/core/transform/test_transform.py::test_transform_pass_through
0.23s call     hub/api/tests/test_update_samples.py::test_hub_read[None]
0.22s call     hub/core/transform/test_transform.py::test_transform_hub_read_pipeline[local_ds-None-processed]
0.21s call     hub/core/transform/test_transform.py::test_groups_2[local_ds]
0.20s call     hub/core/transform/test_transform.py::test_groups_2[memory_ds]
0.20s call     hub/core/chunk/test_uncompressed.py::test_read_write_sequence
0.19s call     hub/core/transform/test_transform.py::test_hub_like[local_ds]
0.19s call     hub/core/transform/test_transform.py::test_transform_persistance
0.19s call     hub/api/tests/test_chunk_sizes.py::test_append
0.18s call     hub/api/tests/test_api_tiling.py::test_empty_array[compression0]
0.18s call     hub/api/tests/test_dataset.py::test_dataset_empty_load
0.17s call     hub/core/chunk/test_uncompressed.py::test_read_write_numpy
0.16s call     hub/core/transform/test_transform.py::test_inplace_transform_without_commit
0.16s call     hub/core/test_serialize.py::test_sample_byte_compression
0.16s call     hub/core/transform/test_transform.py::test_single_transform_hub_dataset_htypes[processed-2-local_ds]
0.15s call     hub/core/tests/test_compute.py::test_compute_with_progress_bar[processed]
0.15s call     hub/core/transform/test_transform.py::test_single_transform_hub_dataset_htypes[threaded-1-local_ds]
0.15s call     hub/core/transform/test_transform.py::test_hub_like[memory_ds]
0.15s call     hub/core/transform/test_transform.py::test_single_transform_hub_dataset_htypes[processed-1-local_ds]
0.14s call     hub/core/transform/test_transform.py::test_ds_append_in_transform
0.14s call     hub/core/transform/test_transform.py::test_groups[local_ds]
0.14s call     hub/core/transform/test_transform.py::test_single_transform_hub_dataset[local_ds-threaded]
0.14s call     hub/core/test_serialize.py::test_sample_no_compression
0.13s call     hub/core/transform/test_transform.py::test_single_transform_hub_dataset_htypes[threaded-2-local_ds]
0.13s call     hub/core/tests/test_compression.py::test_multi_array[png]
0.13s call     hub/core/transform/test_transform.py::test_single_transform_hub_dataset_htypes[threaded-2-memory_ds]
0.13s call     hub/core/transform/test_transform.py::test_groups[memory_ds]
0.13s call     hub/core/transform/test_transform.py::test_single_transform_hub_dataset[local_ds-processed]
0.13s call     hub/api/tests/test_chunk_sizes.py::test_extend_and_append
0.13s call     hub/core/transform/test_transform.py::test_single_transform_hub_dataset_htypes[threaded-1-memory_ds]
0.12s call     hub/core/transform/test_transform.py::test_single_transform_hub_dataset[memory_ds-threaded]
0.12s call     hub/core/transform/test_transform.py::test_single_transform_hub_dataset_htypes[threaded-0-memory_ds]
0.11s call     hub/api/tests/test_api.py::test_tobytes
0.11s call     hub/core/transform/test_transform.py::test_single_transform_hub_dataset_htypes[processed-0-local_ds]
0.11s call     hub/core/test_serialize.py::test_numpy_and_base_types
0.11s call     hub/api/tests/test_api_with_compression.py::test_byte_sample_compression
0.11s call     hub/core/transform/test_transform.py::test_single_transform_hub_dataset_htypes[threaded-0-local_ds]
0.10s call     hub/core/transform/test_transform.py::test_single_transform_hub_dataset_htypes[processed-0-memory_ds]
0.10s call     hub/api/tests/test_update_samples.py::test[compression3]
0.10s call     hub/api/tests/test_update_samples.py::test[compression6]
0.09s call     hub/api/tests/test_update_samples.py::test[compression4]
0.09s call     hub/api/tests/test_update_samples.py::test[compression0]
0.09s call     hub/api/tests/test_update_samples.py::test[compression5]
0.09s call     hub/api/tests/test_update_samples.py::test[compression1]
0.09s call     hub/api/tests/test_update_samples.py::test[compression2]
0.09s call     hub/api/tests/test_json.py::test_json_transform[lz4-memory_ds]
0.09s call     hub/core/tests/test_compression.py::test_array[png]
0.09s call     hub/api/tests/test_api_tiling.py::test_empty_array[compression4]
0.08s call     hub/api/tests/test_api_with_compression.py::test_audio[flac-memory_ds]
0.08s setup    hub/api/tests/test_api_tiling.py::test_empty_array[compression4]
0.07s call     hub/api/tests/test_api.py::test_compute_fixed_tensor[memory_ds]
0.07s call     hub/core/chunk/test_chunk_compressed.py::test_read_write_sequence[lz4]
0.07s call     hub/core/tests/test_compute.py::test_compute_with_progress_bar[threaded]
0.07s call     hub/core/tests/test_serialize.py::test_chunk_serialize
0.07s call     hub/api/tests/test_dataset.py::test_new_dataset
0.07s call     hub/core/tests/test_compression.py::test_multi_array[jpeg]
0.07s call     hub/auto/tests/test_ingestion.py::test_overwrite
0.06s call     hub/api/tests/test_api.py::test_groups
0.06s call     hub/api/tests/test_grayscale.py::test_append_grayscale_second_generic_ds[jpeg]
0.06s call     hub/core/tests/test_compression.py::test_array[jpeg]
0.06s call     hub/api/tests/test_api_with_compression.py::test_uncompressed[memory_ds]
0.06s call     hub/core/chunk/test_chunk_compressed.py::test_read_write_sequence[png]
0.05s call     hub/api/tests/test_json.py::test_list_with_hub_sample
0.05s call     hub/api/tests/test_grayscale.py::test_append_grayscale_second_many[jpeg]
0.05s call     hub/api/tests/test_api_with_compression.py::test_uncompressed[local_ds]
0.05s call     hub/api/tests/test_grayscale.py::test_append_grayscale_second[jpeg]
0.05s call     hub/api/tests/test_api_tiling.py::test_empty_array[compression3]
0.05s call     hub/auto/tests/test_ingestion.py::test_image_classification_sets
0.05s call     hub/api/tests/test_grayscale.py::test_append_grayscale_second_generic_ds_unspecified_comp[jpeg]
0.05s call     hub/api/tests/test_grayscale.py::test_append_grayscale_first[jpeg]
0.04s call     hub/core/storage/tests/test_storage_provider.py::test_cache[memory_storage,local_storage]
0.04s call     hub/api/tests/test_grayscale.py::test_extend_grayscale_second[jpeg]
0.04s call     hub/api/tests/test_api.py::test_iterate_dataset[memory_ds]
0.04s call     hub/api/tests/test_api.py::test_like
0.04s call     hub/api/tests/test_api.py::test_compute_dynamic_tensor[local_ds]
0.04s call     hub/core/transform/test_transform.py::test_single_transform_hub_dataset_htypes[processed-2-memory_ds]
0.04s call     hub/core/transform/test_transform.py::test_single_transform_hub_dataset_htypes[processed-1-memory_ds]
0.03s teardown hub/core/transform/test_transform.py::test_chain_transform_list_big[processed]
0.03s call     hub/core/transform/test_transform.py::test_single_transform_hub_dataset[memory_ds-processed]
0.03s call     hub/api/tests/test_json.py::test_json_with_hub_sample
0.03s call     hub/api/tests/test_json.py::test_json_transform[lz4-local_ds]
0.03s setup    hub/api/tests/test_api.py::test_compute_fixed_tensor[local_ds]
0.03s call     hub/api/tests/test_json.py::test_list_transform[None-local_ds]
0.03s call     hub/api/tests/test_json.py::test_json_transform[None-local_ds]
0.03s call     hub/core/tests/test_compression.py::test_array[bmp]
0.03s call     hub/api/tests/test_api_with_compression.py::test_audio[flac-local_ds]
0.03s call     hub/api/tests/test_json.py::test_json_transform[None-memory_ds]
0.03s call     hub/core/tests/test_compression.py::test_verify[jpeg2000]
0.03s call     hub/api/tests/test_info.py::test_tensor
0.03s call     hub/api/tests/test_grayscale.py::test_append_many_grayscale[jpeg]
0.03s call     hub/api/tests/test_grayscale.py::test_append_two_grayscale[jpeg]
0.03s call     hub/core/tests/test_compression.py::test_multi_array[webp]
0.03s call     hub/auto/tests/test_ingestion.py::test_ingestion_simple
0.03s call     hub/api/tests/test_json.py::test_list_transform[lz4-local_ds]
0.03s call     hub/api/tests/test_pickle.py::test_dataset[local_ds]
0.02s call     hub/api/tests/test_api.py::test_persist[local_ds_generator]
0.02s call     hub/api/tests/test_json.py::test_list_transform[None-memory_ds]
0.02s call     hub/core/tests/test_compression.py::test_multi_array[jpeg2000]
0.02s call     hub/api/tests/test_chunk_sizes.py::test_extend
0.02s call     hub/api/tests/test_text.py::test_text_transform[local_ds]
0.02s call     hub/api/tests/test_api.py::test_compute_slices
0.02s call     hub/api/tests/test_json.py::test_list_transform[lz4-memory_ds]
0.02s call     hub/core/tests/test_compression.py::test_array[jpeg2000]
0.02s call     hub/core/tests/test_compression.py::test_audio[mp3]
0.02s call     hub/api/tests/test_api_with_compression.py::test_audio[wav-memory_ds]
0.02s call     hub/api/tests/test_text.py::test_text_transform[memory_ds]
0.02s call     hub/core/tests/test_compression.py::test_array[webp]
0.02s call     hub/core/tests/test_compression.py::test_verify[bmp]
0.02s call     hub/core/tests/test_compression.py::test_array[dib]
0.02s call     hub/core/tests/test_compression.py::test_multi_array[dib]
0.02s call     hub/core/tests/test_compression.py::test_verify[dib]
0.02s call     hub/core/tests/test_compression.py::test_multi_array[bmp]
0.02s call     hub/api/tests/test_update_samples.py::test_inplace_updates[compression1]
0.02s call     hub/api/tests/test_api.py::test_iterate_dataset[local_ds]
0.02s call     hub/api/tests/test_api.py::test_vc_bug
0.02s call     hub/api/tests/test_api.py::test_htype
0.02s call     hub/api/tests/test_info.py::test_dataset
0.02s call     hub/api/tests/test_api.py::test_persist_clear_cache[local_ds_generator]
0.02s call     hub/api/tests/test_api.py::test_tensor_delete
0.02s call     hub/api/tests/test_api.py::test_empty_extend
0.02s call     hub/api/tests/test_update_samples.py::test_inplace_updates[compression2]
0.02s call     hub/api/tests/test_api.py::test_populate_dataset[local_ds]
0.01s call     hub/api/tests/test_api.py::test_dataset_delete
0.01s call     hub/api/tests/test_api_with_compression.py::test_audio[wav-local_ds]
0.01s call     hub/core/tiling/test_optimizer.py::test_tile_shape_compressed[jpeg]
0.01s call     hub/api/tests/test_api.py::test_persist_with[local_ds_generator]
0.01s call     hub/api/tests/test_api.py::test_empty_samples[local_ds]
0.01s call     hub/core/tiling/test_optimizer.py::test_tile_shape
0.01s call     hub/api/tests/test_api.py::test_compute_fixed_tensor[local_ds]
0.01s call     hub/api/tests/test_api.py::test_safe_downcasting[local_ds]
0.01s call     hub/api/tests/test_api.py::test_empty_dataset
0.01s call     hub/api/tests/test_meta.py::test_subsequent_updates
0.01s call     hub/api/tests/test_info.py::test_class_label
0.01s call     hub/api/tests/test_dataset.py::test_persistence_bug
0.01s setup    hub/core/query/test/test_query.py::test_query[images.max == 3-results0]
0.01s call     hub/core/tiling/test_optimizer.py::test_tile_shape_compressed[png]
0.01s teardown hub/core/transform/test_transform.py::test_add_to_non_empty_dataset[True-processed]
0.01s call     hub/api/tests/test_video.py::test_video[mp4-memory_ds]
0.01s call     hub/api/tests/test_api.py::test_dtype
0.01s call     hub/api/tests/test_api.py::test_scalar_samples[local_ds]
0.01s call     hub/core/transform/test_transform.py::test_bad_transform
0.01s call     hub/api/tests/test_api.py::test_ds_append[5-y_args0-x_args1]
0.01s call     hub/api/tests/test_update_samples.py::test_inplace_updates[compression0]
0.01s teardown hub/core/transform/test_transform.py::test_add_to_non_empty_dataset[True-threaded]
0.01s call     hub/api/tests/test_api.py::test_sequence_samples[local_ds]
0.01s teardown hub/core/transform/test_transform.py::test_chain_transform_list_small[local_ds-threaded]
0.01s call     hub/api/tests/test_api.py::test_ds_append[160000-y_args0-x_args2]
0.01s call     hub/api/tests/test_api.py::test_ds_append[160000-y_args2-x_args2]
0.01s call     hub/api/tests/test_update_samples.py::test_inplace_updates[compression3]
0.01s call     hub/core/tests/test_compression.py::test_verify[webp]
0.01s teardown hub/core/transform/test_transform.py::test_add_to_non_empty_dataset[False-processed]
0.01s call     hub/api/tests/test_api.py::test_ds_append[160000-y_args1-x_args2]
0.01s call     hub/api/tests/test_api.py::test_ds_append[160000-y_args2-x_args0]
0.01s teardown hub/core/transform/test_transform.py::test_add_to_non_empty_dataset[False-threaded]
0.01s call     hub/api/tests/test_api.py::test_ds_append[160000-y_args1-x_args0]
0.01s call     hub/api/tests/test_api.py::test_ds_append[160000-y_args1-x_args1]
0.01s call     hub/api/tests/test_api.py::test_compute_dynamic_tensor[memory_ds]
0.01s call     hub/api/tests/test_api.py::test_ds_append[5-y_args0-x_args0]
0.01s call     hub/api/tests/test_api.py::test_ds_append[5-y_args0-x_args2]
0.01s call     hub/api/tests/test_api.py::test_ds_append[160000-y_args0-x_args0]
0.01s call     hub/api/tests/test_api.py::test_ds_append[160000-y_args0-x_args1]
0.01s call     hub/api/tests/test_api.py::test_ds_append[160000-y_args2-x_args1]
0.01s call     hub/api/tests/test_api.py::test_ds_append[5-y_args2-x_args2]
0.01s call     hub/api/tests/test_api.py::test_ds_append[5-y_args2-x_args0]
0.01s call     hub/api/tests/test_api.py::test_ds_append[5-y_args1-x_args1]
0.01s call     hub/api/tests/test_api.py::test_ds_append[5-y_args2-x_args1]
0.01s call     hub/api/tests/test_api.py::test_ds_append[5-y_args1-x_args2]
0.01s call     hub/api/tests/test_update_samples.py::test_inplace_updates[compression4]
0.01s call     hub/api/tests/test_api.py::test_ds_append[5-y_args1-x_args0]
0.01s teardown hub/core/transform/test_transform.py::test_chain_transform_list_big[threaded]
0.01s call     hub/api/tests/test_json.py::test_list_with_numpy
0.01s call     hub/core/transform/test_transform.py::test_transform_empty
0.01s call     hub/api/tests/test_api.py::test_shape_property
0.01s call     hub/api/tests/test_readonly.py::test_readonly
0.01s call     hub/api/tests/test_api.py::test_auto_htype
0.01s call     hub/core/query/test/test_query.py::test_group
0.01s call     hub/api/tests/test_api.py::test_scalar_samples[memory_ds]
0.01s call     hub/core/tests/test_compression.py::test_array[ppm]
0.01s setup    hub/core/query/test/test_query.py::test_query[images.min == 5-results1]
0.01s call     hub/core/query/test/test_query.py::test_different_size_ds_query
0.01s teardown hub/core/transform/test_transform.py::test_inplace_transform
0.01s call     hub/core/transform/test_transform.py::test_transform_hub_read[memory_ds-None-processed]
0.01s call     hub/api/tests/test_api.py::test_empty_samples[memory_ds]
0.01s call     hub/core/query/test/test_query.py::test_query[images.max == 3-results0]
0.01s call     hub/api/tests/test_api.py::test_tensor_creation_fail_recovery
0.00s teardown hub/core/transform/test_transform.py::test_inplace_transform_non_head
0.00s call     hub/api/tests/test_update_samples.py::test_warnings
0.00s teardown hub/core/transform/test_transform.py::test_chain_transform_list_small[local_ds-processed]
0.00s call     hub/api/tests/test_api.py::test_stringify
0.00s setup    hub/api/tests/test_api_tiling.py::test_updates[compression3]
0.00s call     hub/api/tests/test_update_samples.py::test_failures
0.00s setup    hub/api/tests/test_api.py::test_tobytes
0.00s teardown hub/core/transform/test_transform.py::test_inplace_transform_clear_chunks
0.00s call     hub/api/tests/test_api.py::test_append_with_tensor[size0-dest_args0-src_args1]
0.00s call     hub/api/tests/test_api.py::test_safe_downcasting[memory_ds]
0.00s setup    hub/api/tests/test_api_tiling.py::test_empty_array[compression0]
0.00s teardown hub/api/tests/test_api_tiling.py::test_mixed_small_large[compression0]
0.00s setup    hub/core/query/test/test_query.py::test_query[labels < 0 -results6]
0.00s call     hub/api/tests/test_api.py::test_populate_dataset[memory_ds]
0.00s setup    hub/core/query/test/test_query.py::test_query[labels in ['cat', 'dog']-results5]
0.00s call     hub/core/tests/test_compression.py::test_array[gif]
0.00s setup    hub/core/query/test/test_query.py::test_query[labels > 0 -results4]
0.00s setup    hub/core/query/test/test_query.py::test_query[labels.contains(0)-results7]
0.00s call     hub/api/tests/test_api.py::test_append_with_tensor[size0-dest_args2-src_args1]
0.00s setup    hub/core/query/test/test_query.py::test_query[images[1] == 2-results2]
0.00s setup    hub/core/query/test/test_query.py::test_query[labels == 0-results3]
0.00s call     hub/api/tests/test_json.py::test_json_with_schema
0.00s call     hub/api/tests/test_api.py::test_append_with_tensor[size0-dest_args1-src_args1]
0.00s teardown hub/api/tests/test_api_tiling.py::test_mixed_small_large[compression1]
0.00s call     hub/api/tests/test_update_samples.py::test_pre_indexed_tensor
0.00s call     hub/api/tests/test_api.py::test_append_with_tensor[size0-dest_args1-src_args2]
0.00s setup    hub/core/index/tests/test_index.py::test_merge_slices[negative_step]
0.00s call     hub/api/tests/test_api.py::test_append_with_tensor[size0-dest_args0-src_args2]
0.00s call     hub/api/tests/test_api.py::test_append_with_tensor[size0-dest_args2-src_args2]
0.00s teardown hub/api/tests/test_api.py::test_groups
0.00s call     hub/api/tests/test_api.py::test_append_with_tensor[size0-dest_args1-src_args0]
0.00s setup    hub/api/tests/test_api.py::test_stringify
0.00s call     hub/api/tests/test_api.py::test_append_with_tensor[size0-dest_args2-src_args0]
0.00s call     hub/api/tests/test_info.py::test_update_reference_manually
0.00s call     hub/core/tests/test_compression.py::test_lz4_bc
0.00s call     hub/api/tests/test_json.py::test_json_with_numpy
0.00s call     hub/api/tests/test_api.py::test_append_with_tensor[size0-dest_args0-src_args0]
0.00s teardown hub/api/tests/test_api_tiling.py::test_mixed_small_large[compression2]
0.00s teardown hub/api/tests/test_api_tiling.py::test_mixed_small_large[compression4]
0.00s teardown hub/api/tests/test_api_tiling.py::test_mixed_small_large[compression3]
0.00s teardown hub/api/tests/test_api.py::test_persist_with[local_ds_generator]
0.00s call     hub/api/tests/test_api_with_compression.py::test_jpeg_bad_shapes[bad_shape0]
0.00s call     hub/core/tests/test_compression.py::test_array[sgi]
0.00s call     hub/api/tests/test_api.py::test_length_slices
0.00s setup    hub/core/meta/encode/tests/test_byte_positions_encoder.py::test_trivial
0.00s call     hub/core/transform/test_transform.py::test_chain_transform_list_small[memory_ds-processed]
0.00s call     hub/api/tests/test_json.py::test_json_basic
0.00s teardown hub/api/tests/test_api.py::test_vc_bug
0.00s setup    hub/core/transform/test_transform.py::test_transform_hub_read[local_ds-jpeg-processed]
0.00s teardown hub/core/transform/test_transform.py::test_inplace_transform_without_commit
0.00s teardown hub/api/tests/test_api.py::test_like
0.00s teardown hub/core/transform/test_transform.py::test_single_transform_hub_dataset_htypes[threaded-2-local_ds]
0.00s teardown hub/api/tests/test_api.py::test_persist[local_ds_generator]
0.00s call     hub/core/tests/test_io.py::test_sequential_scheduler
0.00s call     hub/api/tests/test_api.py::test_sequence_samples[memory_ds]
0.00s call     hub/api/tests/test_api.py::test_index_range
0.00s call     hub/api/tests/test_json.py::test_json_list_basic
0.00s call     hub/api/tests/test_video.py::test_video[mp4-local_ds]
0.00s call     hub/api/tests/test_text.py::test_text
0.00s teardown hub/core/transform/test_transform.py::test_groups_2[local_ds]
0.00s teardown hub/core/chunk/test_sample_compressed.py::test_update[lz4]
0.00s call     hub/core/query/test/test_query.py::test_query[labels < 0 -results6]
0.00s call     hub/api/tests/test_video.py::test_video[mkv-local_ds]
0.00s teardown hub/core/transform/test_transform.py::test_single_transform_hub_dataset_htypes[processed-2-local_ds]
0.00s call     hub/core/tests/test_compute.py::test_compute_with_progress_bar[serial]
0.00s setup    hub/api/tests/test_api.py::test_stringify_with_path
0.00s call     hub/core/tests/test_compression.py::test_audio[flac]
0.00s setup    hub/core/transform/test_transform.py::test_single_transform_hub_dataset[memory_ds-threaded]
0.00s call     hub/api/tests/test_video.py::test_video[avi-local_ds]
0.00s teardown hub/api/tests/test_api_with_compression.py::test_audio[mp3-local_ds]
0.00s setup    hub/api/tests/test_api_with_compression.py::test_audio[mp3-local_ds]
0.00s call     hub/api/tests/test_api.py::test_array_interface
0.00s teardown hub/auto/tests/test_ingestion.py::test_overwrite
0.00s teardown hub/core/transform/test_transform.py::test_transform_persistance
0.00s teardown hub/core/transform/test_transform.py::test_single_transform_hub_dataset_htypes[processed-1-local_ds]
0.00s teardown hub/core/transform/test_transform.py::test_single_transform_hub_dataset_htypes[threaded-1-local_ds]
0.00s call     hub/core/query/test/test_query.py::test_query[labels.contains(0)-results7]
0.00s setup    hub/api/tests/test_api_with_compression.py::test_populate_compressed_samples[local_ds]
0.00s call     hub/core/tests/test_compression.py::test_array[ico]
0.00s setup    hub/api/tests/test_api.py::test_empty_extend
0.00s teardown hub/core/transform/test_transform.py::test_groups[local_ds]
0.00s call     hub/core/query/test/test_query.py::test_query[labels in ['cat', 'dog']-results5]
0.00s setup    hub/core/transform/test_transform.py::test_transform_hub_read[local_ds-jpeg-threaded]
0.00s setup    hub/api/tests/test_api.py::test_scalar_samples[local_ds]
0.00s teardown hub/core/transform/test_transform.py::test_hub_like[local_ds]
0.00s setup    hub/core/transform/test_transform.py::test_single_transform_hub_dataset[local_ds-threaded]
0.00s call     hub/core/tests/test_compression.py::test_multi_array[gif]
0.00s teardown hub/core/transform/test_transform.py::test_single_transform_hub_dataset[local_ds-threaded]
0.00s teardown hub/core/transform/test_transform.py::test_transform_hub_read[local_ds-png-processed]
0.00s teardown hub/api/tests/test_api_tiling.py::test_cachable_overflow
0.00s teardown hub/api/tests/test_api.py::test_iterate_dataset[local_ds]
0.00s setup    hub/api/tests/test_video.py::test_video[mp4-memory_ds]
0.00s teardown hub/core/transform/test_transform.py::test_transform_hub_read[local_ds-None-processed]
0.00s call     hub/core/meta/encode/tests/test_shape_encoder.py::test_empty
0.00s teardown hub/core/transform/test_transform.py::test_single_transform_hub_dataset_htypes[threaded-0-local_ds]
0.00s setup    hub/core/transform/test_transform.py::test_chain_transform_list_small[memory_ds-processed]
0.00s call     hub/core/meta/encode/tests/test_chunk_id_encoder.py::test_trivial
0.00s teardown hub/core/transform/test_transform.py::test_single_transform_hub_dataset[local_ds-processed]
0.00s setup    hub/core/transform/test_transform.py::test_transform_hub_read_pipeline[local_ds-jpeg-processed]
0.00s call     hub/core/tests/test_compression.py::test_audio[wav]
0.00s call     hub/core/query/test/test_query.py::test_query[images.min == 5-results1]
0.00s teardown hub/core/transform/test_transform.py::test_transform_hub_read[local_ds-None-threaded]
0.00s teardown hub/core/query/test/test_query.py::test_query[images.max == 3-results0]
0.00s setup    hub/core/transform/test_transform.py::test_transform_hub_read_pipeline[local_ds-None-processed]
0.00s call     hub/core/tests/test_compression.py::test_verify[tiff]
0.00s teardown hub/api/tests/test_update_samples.py::test[compression0]
0.00s teardown hub/core/transform/test_transform.py::test_transform_hub_read[local_ds-jpeg-threaded]
0.00s teardown hub/api/tests/test_update_samples.py::test[compression3]
0.00s call     hub/core/tests/test_compression.py::test_array[tiff]
0.00s setup    hub/api/tests/test_api_tiling.py::test_updates[compression2]
0.00s teardown hub/api/tests/test_update_samples.py::test[compression1]
0.00s setup    hub/core/transform/test_transform.py::test_add_to_non_empty_dataset[True-threaded]
0.00s setup    hub/api/tests/test_video.py::test_video[mp4-local_ds]
0.00s teardown hub/core/query/test/test_query.py::test_query[images[1] == 2-results2]
0.00s teardown hub/api/tests/test_update_samples.py::test[compression5]
0.00s teardown hub/core/transform/test_transform.py::test_transform_hub_read[local_ds-png-threaded]
0.00s teardown hub/core/query/test/test_query.py::test_query[labels > 0 -results4]
0.00s teardown hub/core/query/test/test_query.py::test_query[labels in ['cat', 'dog']-results5]
0.00s teardown hub/api/tests/test_update_samples.py::test[compression4]
0.00s setup    hub/core/transform/test_transform.py::test_add_to_non_empty_dataset[True-processed]
0.00s teardown hub/api/tests/test_update_samples.py::test[compression2]
0.00s teardown hub/core/query/test/test_query.py::test_query[images.min == 5-results1]
0.00s setup    hub/core/transform/test_transform.py::test_single_transform_hub_dataset_htypes[threaded-1-local_ds]
0.00s teardown hub/api/tests/test_update_samples.py::test[compression6]
0.00s teardown hub/core/query/test/test_query.py::test_group
0.00s teardown hub/api/tests/test_pickle.py::test_dataset[local_ds]
0.00s teardown hub/api/tests/test_dataset.py::test_persistence_bug
0.00s teardown hub/core/query/test/test_query.py::test_query[labels < 0 -results6]
0.00s teardown hub/core/transform/test_transform.py::test_transform_hub_read_pipeline[local_ds-None-threaded]
0.00s setup    hub/api/tests/test_json.py::test_json_transform[None-local_ds]
0.00s teardown hub/api/tests/test_api.py::test_compute_fixed_tensor[local_ds]
0.00s setup    hub/core/transform/test_transform.py::test_chain_transform_list_small[local_ds-processed]
0.00s setup    hub/core/transform/test_transform.py::test_transform_hub_read[local_ds-None-threaded]
0.00s call     hub/core/transform/test_transform.py::test_transform_hub_read_pipeline[memory_ds-jpeg-processed]
0.00s teardown hub/core/query/test/test_query.py::test_query[labels == 0-results3]
0.00s setup    hub/api/tests/test_api_tiling.py::test_simple
0.00s setup    hub/core/transform/test_transform.py::test_transform_hub_read_pipeline[local_ds-png-threaded]
0.00s setup    hub/core/transform/test_transform.py::test_transform_hub_read[local_ds-png-processed]
0.00s teardown hub/api/tests/test_info.py::test_tensor
0.00s call     hub/api/tests/test_api_with_compression.py::test_jpeg_bad_shapes[bad_shape1]
0.00s setup    hub/core/transform/test_transform.py::test_transform_hub_read[local_ds-png-threaded]
0.00s teardown hub/api/tests/test_grayscale.py::test_extend_grayscale_second[jpeg]
0.00s setup    hub/api/tests/test_json.py::test_list_transform[lz4-local_ds]
0.00s teardown hub/core/query/test/test_query.py::test_query[labels.contains(0)-results7]
0.00s teardown hub/core/transform/test_transform.py::test_transform_hub_read[local_ds-jpeg-processed]
0.00s teardown hub/api/tests/test_info.py::test_dataset
0.00s setup    hub/api/tests/test_json.py::test_list_transform[None-local_ds]
0.00s call     hub/api/tests/test_api_with_compression.py::test_compression_aliases
0.00s call     hub/core/transform/test_transform.py::test_transform_hub_read[memory_ds-png-processed]
0.00s setup    hub/api/tests/test_api_tiling.py::test_empty_array[compression1]
0.00s setup    hub/core/transform/test_transform.py::test_transform_hub_read[local_ds-None-processed]
0.00s setup    hub/core/transform/test_transform.py::test_single_transform_hub_dataset_htypes[processed-0-local_ds]
0.00s teardown hub/core/query/test/test_query.py::test_different_size_ds_query
0.00s call     hub/core/transform/test_transform.py::test_transform_hub_read_pipeline[memory_ds-None-processed]
0.00s setup    hub/api/tests/test_api_with_compression.py::test_audio[wav-local_ds]
0.00s setup    hub/core/transform/test_transform.py::test_add_to_non_empty_dataset[False-threaded]
0.00s call     hub/core/tiling/test_serialize.py::test_serialize_tiles_gzip
0.00s setup    hub/core/transform/test_transform.py::test_chain_transform_list_big[processed]
0.00s call     hub/core/tests/test_compression.py::test_multi_array[ico]
0.00s setup    hub/core/transform/test_transform.py::test_transform_hub_read_pipeline[local_ds-jpeg-threaded]
0.00s setup    hub/core/transform/test_transform.py::test_transform_hub_read_pipeline[local_ds-png-processed]
0.00s teardown hub/api/tests/test_json.py::test_list_transform[lz4-local_ds]
0.00s call     hub/core/tests/test_compression.py::test_array[tga]
0.00s setup    hub/core/transform/test_transform.py::test_chain_transform_list_big[threaded]
0.00s teardown hub/api/tests/test_grayscale.py::test_append_grayscale_second_many[jpeg]
0.00s setup    hub/api/tests/test_json.py::test_json_transform[lz4-local_ds]
0.00s setup    hub/core/transform/test_transform.py::test_single_transform_hub_dataset_htypes[threaded-2-local_ds]
0.00s setup    hub/core/transform/test_transform.py::test_transform_empty
0.00s call     hub/core/tests/test_compression.py::test_multi_array[ppm]
0.00s call     hub/core/meta/encode/tests/test_chunk_id_encoder.py::test_ids
0.00s setup    hub/api/tests/test_api_tiling.py::test_mixed_small_large[compression0]
0.00s setup    hub/api/tests/test_api.py::test_compute_dynamic_tensor[local_ds]
0.00s teardown hub/core/transform/test_transform.py::test_single_transform_hub_dataset_htypes[processed-0-local_ds]
0.00s call     hub/core/storage/tests/test_storage_provider.py::test_storage_provider[memory_storage]
0.00s setup    hub/core/index/tests/test_index.py::test_merge_slices[stop_first_none]
0.00s setup    hub/core/transform/test_transform.py::test_add_to_non_empty_dataset[False-processed]
0.00s teardown hub/api/tests/test_api_with_compression.py::test_uncompressed[local_ds]
0.00s setup    hub/core/index/tests/test_index.py::test_merge_slices[first_longer]
0.00s setup    hub/api/tests/test_api_with_compression.py::test_populate_compressed_samples[memory_ds]
0.00s teardown hub/core/transform/test_transform.py::test_transform_hub_read_pipeline[local_ds-jpeg-threaded]
0.00s setup    hub/api/tests/test_api_with_compression.py::test_audio[flac-memory_ds]
0.00s setup    hub/api/tests/test_text.py::test_text_transform[local_ds]
0.00s call     hub/core/transform/test_transform.py::test_transform_hub_read[memory_ds-jpeg-processed]
0.00s teardown hub/api/tests/test_grayscale.py::test_append_grayscale_second[jpeg]
0.00s call     hub/core/tests/test_compression.py::test_multi_array[xbm]
0.00s teardown hub/core/transform/test_transform.py::test_transform_hub_read_pipeline[local_ds-png-processed]
0.00s setup    hub/core/query/test/test_query.py::test_group
0.00s teardown hub/api/tests/test_api_with_compression.py::test_populate_compressed_samples[local_ds]
0.00s teardown hub/api/tests/test_json.py::test_json_transform[None-local_ds]
0.00s setup    hub/api/tests/test_api_with_compression.py::test_audio[wav-memory_ds]
0.00s setup    hub/core/transform/test_transform.py::test_groups_2[local_ds]
0.00s teardown hub/api/tests/test_api_with_compression.py::test_iterate_compressed_samples[local_ds]
0.00s call     hub/core/query/test/test_query.py::test_query[labels > 0 -results4]
0.00s setup    hub/core/transform/test_transform.py::test_chain_transform_list_small[local_ds-threaded]
0.00s setup    hub/core/transform/test_transform.py::test_single_transform_hub_dataset[local_ds-processed]
0.00s teardown hub/core/transform/test_transform.py::test_transform_hub_read_pipeline[local_ds-jpeg-processed]
0.00s teardown hub/api/tests/test_update_samples.py::test_hub_read[None]
0.00s teardown hub/api/tests/test_json.py::test_json_transform[lz4-local_ds]
0.00s setup    hub/core/transform/test_transform.py::test_transform_hub_read_pipeline[local_ds-None-threaded]
0.00s teardown hub/api/tests/test_json.py::test_list_transform[None-local_ds]
0.00s teardown hub/core/transform/test_transform.py::test_transform_hub_read_pipeline[local_ds-None-processed]
0.00s teardown hub/api/tests/test_grayscale.py::test_append_grayscale_second_generic_ds_unspecified_comp[jpeg]
0.00s setup    hub/core/transform/test_transform.py::test_hub_like[local_ds]
0.00s teardown hub/api/tests/test_update_samples.py::test_hub_read[png]
0.00s call     hub/core/tests/test_compression.py::test_multi_array[sgi]
0.00s setup    hub/core/transform/test_transform.py::test_groups[local_ds]
0.00s teardown hub/api/tests/test_api.py::test_empty_samples[local_ds]
0.00s teardown hub/api/tests/test_api_with_compression.py::test_audio[flac-local_ds]
0.00s teardown hub/api/tests/test_api.py::test_sequence_samples[local_ds]
0.00s setup    hub/api/tests/test_api_with_compression.py::test_audio[flac-local_ds]
0.00s call     hub/core/tests/test_compression.py::test_verify[tga]
0.00s setup    hub/core/transform/test_transform.py::test_transform_hub_read[s3_ds-jpeg-threaded]
0.00s setup    hub/core/transform/test_transform.py::test_transform_hub_read_pipeline[memory_ds-jpeg-processed]
0.00s setup    hub/core/transform/test_transform.py::test_single_transform_hub_dataset_htypes[threaded-0-local_ds]
0.00s call     hub/core/transform/test_transform.py::test_transform_hub_read_pipeline[memory_ds-png-processed]
0.00s teardown hub/core/transform/test_transform.py::test_transform_hub_read_pipeline[local_ds-png-threaded]
0.00s teardown hub/api/tests/test_text.py::test_text_transform[local_ds]
0.00s setup    hub/api/tests/test_api_with_compression.py::test_iterate_compressed_samples[local_ds]
0.00s call     hub/core/query/test/test_query.py::test_query[images[1] == 2-results2]
0.00s setup    hub/core/transform/test_transform.py::test_single_transform_hub_dataset_htypes[processed-2-local_ds]
0.00s teardown hub/core/query/test/test_query.py::test_query_scheduler
0.00s teardown hub/api/tests/test_grayscale.py::test_append_two_grayscale[jpeg]
0.00s teardown hub/api/tests/test_api.py::test_persist_clear_cache[local_ds_generator]
0.00s setup    hub/api/tests/test_video.py::test_video[mkv-local_ds]
0.00s setup    hub/api/tests/test_api.py::test_iterate_dataset[local_ds]
0.00s setup    hub/api/tests/test_api_with_compression.py::test_audio[mp3-gcs_ds]
0.00s setup    hub/api/tests/test_api_with_compression.py::test_uncompressed[local_ds]
0.00s setup    hub/api/tests/test_api_with_compression.py::test_audio[mp3-memory_ds]
0.00s call     hub/core/query/test/test_query.py::test_query[labels == 0-results3]
0.00s call     hub/api/tests/test_meta.py::test_version
0.00s teardown hub/api/tests/test_info.py::test_class_label
0.00s teardown hub/api/tests/test_api.py::test_compute_dynamic_tensor[local_ds]
0.00s call     hub/core/storage/tests/test_storage_provider.py::test_storage_provider[local_storage]
0.00s setup    hub/api/tests/test_api.py::test_safe_downcasting[local_ds]
0.00s teardown hub/api/tests/test_grayscale.py::test_append_grayscale_first[jpeg]
0.00s teardown hub/api/tests/test_api.py::test_safe_downcasting[local_ds]
0.00s setup    hub/core/transform/test_transform.py::test_transform_hub_read_pipeline[memory_ds-None-processed]
0.00s call     hub/core/tests/test_compression.py::test_verify[gif]
0.00s setup    hub/core/transform/test_transform.py::test_transform_hub_read[memory_ds-png-processed]
0.00s setup    hub/api/tests/test_api.py::test_sequence_samples[local_ds]
0.00s call     hub/api/tests/test_video.py::test_video[mkv-memory_ds]
0.00s setup    hub/core/transform/test_transform.py::test_single_transform_hub_dataset_htypes[processed-1-local_ds]
0.00s teardown hub/api/tests/test_api_with_compression.py::test_audio[wav-local_ds]
0.00s teardown hub/api/tests/test_grayscale.py::test_append_grayscale_second_generic_ds[jpeg]
0.00s teardown hub/api/tests/test_grayscale.py::test_append_many_grayscale[jpeg]
0.00s call     hub/core/tests/test_compression.py::test_verify[ico]
0.00s setup    hub/api/tests/test_video.py::test_video[avi-local_ds]
0.00s setup    hub/core/transform/test_transform.py::test_transform_hub_read[memory_ds-None-threaded]
0.00s setup    hub/core/transform/test_transform.py::test_transform_hub_read[memory_ds-None-processed]
0.00s call     hub/core/tests/test_compression.py::test_multi_array[tiff]
0.00s setup    hub/core/transform/test_transform.py::test_single_transform_hub_dataset_htypes[threaded-0-memory_ds]
0.00s setup    hub/core/transform/test_transform.py::test_transform_hub_read[memory_ds-jpeg-processed]
0.00s call     hub/core/meta/encode/tests/test_byte_positions_encoder_updates.py::test_update_no_change
0.00s call     hub/api/tests/test_video.py::test_video[avi-memory_ds]
0.00s teardown hub/api/tests/test_readonly.py::test_readonly
0.00s teardown hub/api/tests/test_meta.py::test_subsequent_updates
0.00s setup    hub/core/transform/test_transform.py::test_transform_hub_read_pipeline[memory_ds-png-processed]
0.00s setup    hub/api/tests/test_api_tiling.py::test_empty_array[compression2]
0.00s teardown hub/api/tests/test_api.py::test_scalar_samples[local_ds]
0.00s setup    hub/api/tests/test_api.py::test_empty_samples[local_ds]
0.00s setup    hub/api/tests/test_api.py::test_index_range
0.00s setup    hub/api/tests/test_info.py::test_dataset
0.00s setup    hub/api/tests/test_pickle.py::test_dataset[memory_ds]
0.00s teardown hub/api/tests/test_hosted_datasets.py::test_mnist
0.00s setup    hub/core/transform/test_transform.py::test_single_transform_hub_dataset_htypes[threaded-2-memory_ds]
0.00s setup    hub/api/tests/test_info.py::test_tensor
0.00s setup    hub/core/transform/test_transform.py::test_transform_hub_read_pipeline[memory_ds-None-threaded]
0.00s call     hub/core/tests/test_compression.py::test_verify[xbm]
0.00s setup    hub/core/transform/test_transform.py::test_transform_hub_read[s3_ds-None-threaded]
0.00s call     hub/core/tests/test_compression.py::test_array[pcx]
0.00s teardown hub/api/tests/test_api.py::test_populate_dataset[local_ds]
0.00s teardown hub/core/chunk/test_uncompressed.py::test_read_write_sequence
0.00s setup    hub/auto/tests/test_ingestion.py::test_overwrite
0.00s call     hub/core/tests/test_compression.py::test_array[xbm]
0.00s setup    hub/core/transform/test_transform.py::test_single_transform_hub_dataset_htypes[processed-2-memory_ds]
0.00s setup    hub/api/tests/test_api.py::test_populate_dataset[local_ds]
0.00s setup    hub/api/tests/test_api_tiling.py::test_cachable_overflow
0.00s teardown hub/core/transform/test_transform.py::test_transform_empty
0.00s teardown hub/api/tests/test_api.py::test_sample_shape
0.00s call     hub/core/tests/test_compression.py::test_verify[ppm]
0.00s setup    hub/api/tests/test_api.py::test_ds_append[5-y_args0-x_args0]
0.00s setup    hub/api/tests/test_pickle.py::test_dataset[local_ds]
0.00s setup    hub/api/tests/test_api_with_compression.py::test_audio[mp3-s3_ds]
0.00s teardown hub/api/tests/test_api_tiling.py::test_updates[compression2]
0.00s setup    hub/api/tests/test_api.py::test_sample_shape
0.00s call     hub/core/meta/encode/tests/test_byte_positions_encoder.py::test_trivial
0.00s setup    hub/api/tests/test_api.py::test_scalar_samples[memory_ds]
0.00s setup    hub/core/transform/test_transform.py::test_single_transform_hub_dataset[memory_ds-processed]
0.00s setup    hub/api/tests/test_api.py::test_auto_htype
0.00s call     hub/core/tiling/test_optimizer.py::test_tile_shape_compressed[tiff]
0.00s setup    hub/api/tests/test_api_tiling.py::test_updates[compression4]
0.00s teardown hub/api/tests/test_api.py::test_larger_data_memory
0.00s setup    hub/core/query/test/test_query.py::test_query_scheduler
0.00s setup    hub/api/tests/test_api_tiling.py::test_updates[compression1]
0.00s call     hub/core/tests/test_compression.py::test_verify[sgi]
0.00s setup    hub/api/tests/test_api.py::test_iterate_dataset[memory_ds]
0.00s setup    hub/core/query/test/test_query.py::test_different_size_ds_query
0.00s call     hub/client/test_client.py::test_client_utils
0.00s setup    hub/core/transform/test_transform.py::test_hub_like[memory_ds]
0.00s setup    hub/api/tests/test_api_tiling.py::test_empty_array[compression3]
0.00s teardown hub/core/chunk/test_sample_compressed.py::test_read_write_sequence_big[lz4]
0.00s setup    hub/auto/tests/test_ingestion.py::test_ingestion_simple
0.00s setup    hub/core/chunk/test_sample_compressed.py::test_update[lz4]
0.00s setup    hub/api/tests/test_api_with_compression.py::test_iterate_compressed_samples[memory_ds]
0.00s setup    hub/api/tests/test_api.py::test_ds_append[160000-y_args0-x_args1]
0.00s call     hub/core/tests/test_compression.py::test_multi_array[pcx]
0.00s teardown hub/api/tests/test_api_tiling.py::test_simple
0.00s setup    hub/api/tests/test_api_with_compression.py::test_uncompressed[memory_ds]
0.00s setup    hub/core/transform/test_transform.py::test_single_transform_hub_dataset_htypes[processed-1-memory_ds]
0.00s setup    hub/api/tests/test_json.py::test_list_transform[lz4-memory_ds]
0.00s call     hub/core/tiling/test_serialize.py::test_break_into_tiles
0.00s teardown hub/core/chunk/test_chunk_compressed.py::test_read_write_sequence_big[False-lz4]
0.00s call     hub/core/storage/tests/test_readonly.py::test_readonly_del[memory_storage]
0.00s setup    hub/api/tests/test_video.py::test_video[mkv-memory_ds]
0.00s setup    hub/api/tests/test_api.py::test_sequence_samples[memory_ds]
0.00s setup    hub/core/chunk/test_uncompressed.py::test_read_write_sequence
0.00s call     hub/core/index/tests/test_index.py::test_merge_slices[first_longer]
0.00s setup    hub/api/tests/test_video.py::test_video[avi-memory_ds]
0.00s call     hub/core/tests/test_compression.py::test_multi_array[tga]
0.00s setup    hub/api/tests/test_api.py::test_compute_fixed_tensor[memory_ds]
0.00s setup    hub/api/tests/test_chunk_sizes.py::test_append
0.00s call     hub/core/tests/test_compression.py::test_verify[pcx]
0.00s setup    hub/core/transform/test_transform.py::test_ds_append_in_transform
0.00s call     hub/core/meta/encode/tests/test_shape_encoder_updates.py::test_update_squeeze_trivial
0.00s setup    hub/core/transform/test_transform.py::test_single_transform_hub_dataset_htypes[threaded-1-memory_ds]
0.00s setup    hub/core/transform/test_transform.py::test_single_transform_hub_dataset_htypes[processed-0-memory_ds]
0.00s setup    hub/core/transform/test_transform.py::test_chain_transform_list_small[memory_ds-threaded]
0.00s setup    hub/api/tests/test_json.py::test_json_transform[None-memory_ds]
0.00s setup    hub/api/tests/test_json.py::test_list_transform[None-memory_ds]
0.00s setup    hub/api/tests/test_grayscale.py::test_append_many_grayscale[jpeg]
0.00s setup    hub/api/tests/test_api_tiling.py::test_updates[compression0]
0.00s setup    hub/api/tests/test_api_tiling.py::test_mixed_small_large[compression3]
0.00s setup    hub/api/tests/test_api.py::test_ds_append[160000-y_args1-x_args1]
0.00s setup    hub/api/tests/test_api_with_compression.py::test_jpeg_bad_shapes[bad_shape0]
0.00s setup    hub/api/tests/test_api.py::test_ds_append[5-y_args1-x_args1]
0.00s teardown hub/api/tests/test_video.py::test_video[mp4-local_ds]
0.00s setup    hub/api/tests/test_api.py::test_ds_append[160000-y_args2-x_args1]
0.00s setup    hub/api/tests/test_api.py::test_compute_dynamic_tensor[memory_ds]
0.00s setup    hub/api/tests/test_chunk_sizes.py::test_extend_and_append
0.00s teardown hub/api/tests/test_video.py::test_video[avi-local_ds]
0.00s setup    hub/api/tests/test_grayscale.py::test_append_grayscale_second_generic_ds_unspecified_comp[jpeg]
0.00s setup    hub/core/storage/tests/test_readonly.py::test_readonly_del[local_storage]
0.00s setup    hub/api/tests/test_api.py::test_compute_slices
0.00s teardown hub/api/tests/test_video.py::test_video[mkv-local_ds]
0.00s setup    hub/api/tests/test_grayscale.py::test_append_grayscale_first[jpeg]
0.00s setup    hub/api/tests/test_api.py::test_safe_downcasting[memory_ds]
0.00s setup    hub/api/tests/test_api.py::test_length_slices
0.00s setup    hub/core/transform/test_transform.py::test_single_transform_hub_dataset_htypes[threaded-2-s3_ds]
0.00s setup    hub/api/tests/test_api_with_compression.py::test_jpeg_bad_shapes[bad_shape1]
0.00s setup    hub/core/transform/test_transform.py::test_transform_hub_read_pipeline[memory_ds-png-threaded]
0.00s setup    hub/core/transform/test_transform.py::test_single_transform_hub_dataset_htypes[threaded-1-s3_ds]
0.00s setup    hub/api/tests/test_api.py::test_ds_append[5-y_args0-x_args2]
0.00s setup    hub/core/tests/test_compression.py::test_video[mp4]
0.00s setup    hub/core/transform/test_transform.py::test_transform_hub_read[memory_ds-png-threaded]
0.00s setup    hub/api/tests/test_api.py::test_array_interface
0.00s setup    hub/core/transform/test_transform.py::test_single_transform_hub_dataset_htypes[processed-2-s3_ds]
0.00s setup    hub/api/tests/test_json.py::test_json_basic
0.00s call     hub/core/storage/tests/test_storage_provider.py::test_pickling[local_storage]
0.00s setup    hub/core/transform/test_transform.py::test_groups[memory_ds]
0.00s setup    hub/api/tests/test_api.py::test_ds_append[5-y_args1-x_args0]
0.00s setup    hub/api/tests/test_api.py::test_ds_append[160000-y_args0-x_args2]
0.00s setup    hub/api/tests/test_update_samples.py::test_pre_indexed_tensor
0.00s setup    hub/api/tests/test_api.py::test_ds_append[5-y_args0-x_args1]
0.00s setup    hub/core/transform/test_transform.py::test_groups_2[memory_ds]
0.00s teardown hub/api/tests/test_api.py::test_compute_fixed_tensor[memory_ds]
0.00s setup    hub/api/tests/test_api.py::test_ds_append[160000-y_args1-x_args2]
0.00s setup    hub/api/tests/test_chunk_sizes.py::test_extend
0.00s setup    hub/api/tests/test_api.py::test_ds_append[5-y_args2-x_args1]
0.00s setup    hub/api/tests/test_api.py::test_ds_append[160000-y_args2-x_args2]
0.00s setup    hub/api/tests/test_api.py::test_ds_append[160000-y_args1-x_args0]
0.00s setup    hub/core/transform/test_transform.py::test_transform_skip_ok
0.00s setup    hub/api/tests/test_api.py::test_empty_samples[memory_ds]
0.00s setup    hub/core/transform/test_transform.py::test_transform_hub_read[memory_ds-jpeg-threaded]
0.00s setup    hub/api/tests/test_api_with_compression.py::test_compression_aliases
0.00s setup    hub/api/tests/test_api.py::test_ds_append[5-y_args1-x_args2]
0.00s setup    hub/api/tests/test_api.py::test_ds_append[160000-y_args2-x_args0]
0.00s teardown hub/api/tests/test_info.py::test_update_reference_manually
0.00s setup    hub/core/transform/test_transform.py::test_single_transform_hub_dataset_htypes[processed-1-s3_ds]
0.00s setup    hub/api/tests/test_api.py::test_ds_append[5-y_args2-x_args0]
0.00s setup    hub/api/tests/test_update_samples.py::test_inplace_updates[compression1]
0.00s setup    hub/api/tests/test_json.py::test_json_with_numpy
0.00s setup    hub/api/tests/test_api.py::test_populate_dataset[memory_ds]
0.00s setup    hub/api/tests/test_api.py::test_ds_append[5-y_args2-x_args2]
0.00s teardown hub/core/transform/test_transform.py::test_chain_transform_list_small[memory_ds-threaded]
0.00s setup    hub/api/tests/test_json.py::test_json_with_hub_sample
0.00s setup    hub/api/tests/test_api.py::test_ds_append[160000-y_args0-x_args0]
0.00s setup    hub/api/tests/test_api.py::test_dtype
0.00s setup    hub/api/tests/test_api_with_compression.py::test_missing_sample_compression_for_image
0.00s setup    hub/api/tests/test_grayscale.py::test_extend_grayscale_second[jpeg]
0.00s setup    hub/core/transform/test_transform.py::test_transform_hub_read_pipeline[memory_ds-jpeg-threaded]
0.00s teardown hub/core/chunk/test_uncompressed.py::test_update
0.00s call     hub/core/tests/test_compression.py::test_multi_array[lz4]
0.00s setup    hub/api/tests/test_api.py::test_htype
0.00s setup    hub/core/chunk/test_chunk_compressed.py::test_read_write_sequence_big[False-lz4]
0.00s setup    hub/api/tests/test_api_with_compression.py::test_chunkwise_compression
0.00s teardown hub/core/tests/test_compression.py::test_lz4_bc
0.00s setup    hub/core/tests/test_compression.py::test_apng
0.00s setup    hub/api/tests/test_json.py::test_json_list_basic
0.00s teardown hub/core/chunk/test_chunk_compressed.py::test_read_write_sequence_big[True-png]
0.00s setup    hub/core/transform/test_transform.py::test_transform_hub_read[s3_ds-None-processed]
0.00s setup    hub/api/tests/test_json.py::test_json_transform[lz4-memory_ds]
0.00s teardown hub/core/chunk/test_uncompressed.py::test_read_write_numpy_big
0.00s setup    hub/api/tests/test_json.py::test_list_transform[lz4-s3_ds]
0.00s setup    hub/api/tests/test_text.py::test_text
0.00s setup    hub/api/tests/test_api.py::test_fails_on_wrong_tensor_syntax
0.00s setup    hub/core/transform/test_transform.py::test_inplace_transform
0.00s setup    hub/core/transform/test_transform.py::test_chain_transform_list_small[s3_ds-threaded]
0.00s call     hub/core/meta/encode/tests/test_shape_encoder_updates.py::test_update_no_change
0.00s setup    hub/core/transform/test_transform.py::test_groups_2[s3_ds]
0.00s teardown hub/api/tests/test_api.py::test_stringify_with_path
0.00s setup    hub/api/tests/test_json.py::test_list_transform[None-s3_ds]
0.00s setup    hub/api/tests/test_update_samples.py::test_inplace_updates[compression0]
0.00s call     hub/core/tests/test_compression.py::test_video[avi]
0.00s setup    hub/api/tests/test_json.py::test_json_with_schema
0.00s setup    hub/api/tests/test_json.py::test_json_transform[None-s3_ds]
0.00s teardown hub/api/tests/test_api.py::test_tensor_delete
0.00s setup    hub/api/tests/test_agreement.py::test_agreement_logged_out
0.00s setup    hub/api/tests/test_update_samples.py::test_inplace_updates[compression2]
0.00s setup    hub/auto/tests/test_ingestion.py::test_ingestion_exception
0.00s setup    hub/api/tests/test_json.py::test_json_transform[lz4-s3_ds]
0.00s setup    hub/api/tests/test_api_with_compression.py::test_byte_sample_compression
0.00s setup    hub/api/tests/test_json.py::test_list_with_numpy
0.00s teardown hub/core/chunk/test_uncompressed.py::test_read_write_sequence_big
0.00s setup    hub/core/chunk/test_chunk_compressed.py::test_read_write_sequence_big[True-png]
0.00s setup    hub/api/tests/test_api.py::test_append_with_tensor[size1-dest_args2-src_args2]
0.00s setup    hub/core/transform/test_transform.py::test_bad_transform
0.00s setup    hub/api/tests/test_api.py::test_shape_property
0.00s setup    hub/api/tests/test_text.py::test_text_transform[memory_ds]
0.00s teardown hub/api/tests/test_api_with_compression.py::test_chunkwise_compression
0.00s setup    hub/api/tests/test_api.py::test_append_with_tensor[size1-dest_args0-src_args2]
0.00s setup    hub/api/tests/test_update_samples.py::test_inplace_updates[compression3]
0.00s setup    hub/api/tests/test_api_with_compression.py::test_sample_chunk_compression_mutually_exclusive
0.00s setup    hub/core/storage/tests/test_storage_provider.py::test_cache[memory_storage,local_storage,s3_storage]
0.00s setup    hub/api/tests/test_api.py::test_invalid_tensor_name
0.00s setup    hub/api/tests/test_grayscale.py::test_append_grayscale_second_generic_ds[jpeg]
0.00s setup    hub/auto/tests/test_ingestion.py::test_image_classification_sets
0.00s setup    hub/core/transform/test_transform.py::test_inplace_transform_clear_chunks
0.00s setup    hub/api/tests/test_json.py::test_list_with_hub_sample
0.00s setup    hub/api/tests/test_grayscale.py::test_append_grayscale_second_many[jpeg]
0.00s teardown hub/core/transform/test_transform.py::test_transform_hub_read_pipeline[memory_ds-jpeg-threaded]
0.00s teardown hub/core/transform/test_transform.py::test_transform_hub_read[memory_ds-png-threaded]
0.00s setup    hub/core/transform/test_transform.py::test_single_transform_hub_dataset[s3_ds-threaded]
0.00s setup    hub/api/tests/test_api.py::test_persist[local_ds_generator]
0.00s setup    hub/api/tests/test_api.py::test_compute_fixed_tensor[s3_ds]
0.00s setup    hub/core/tests/test_compression.py::test_array[bmp]
0.00s setup    hub/api/tests/test_info.py::test_update_reference_manually
0.00s setup    hub/api/tests/test_api.py::test_append_with_tensor[size1-dest_args1-src_args2]
0.00s teardown hub/core/transform/test_transform.py::test_transform_hub_read_pipeline[memory_ds-None-threaded]
0.00s teardown hub/api/tests/test_api.py::test_append_with_tensor[size1-dest_args1-src_args1]
0.00s call     hub/core/tests/test_compression.py::test_video[mkv]
0.00s setup    hub/api/tests/test_update_samples.py::test_inplace_updates[compression4]
0.00s setup    hub/api/tests/test_update_samples.py::test_warnings
0.00s teardown hub/core/transform/test_transform.py::test_transform_hub_read[memory_ds-None-threaded]
0.00s teardown hub/api/tests/test_api.py::test_append_with_tensor[size1-dest_args2-src_args1]
0.00s setup    hub/api/tests/test_grayscale.py::test_append_two_grayscale[jpeg]
0.00s setup    hub/api/tests/test_api_with_compression.py::test_audio[flac-gcs_ds]
0.00s setup    hub/api/tests/test_api.py::test_empty_samples[gcs_ds]
0.00s setup    hub/core/storage/tests/test_storage_provider.py::test_cache[memory_storage,local_storage]
0.00s setup    hub/core/transform/test_transform.py::test_transform_hub_read_pipeline[s3_ds-None-threaded]
0.00s teardown hub/api/tests/test_api.py::test_append_with_tensor[size1-dest_args0-src_args1]
0.00s setup    hub/api/tests/test_text.py::test_text_transform[s3_ds]
0.00s setup    hub/api/tests/test_api.py::test_larger_data_memory
0.00s setup    hub/core/transform/test_transform.py::test_hub_like[s3_ds]
0.00s setup    hub/api/tests/test_update_samples.py::test_failures
0.00s setup    hub/api/tests/test_pickle.py::test_dataset[gcs_ds]
0.00s teardown hub/api/tests/test_api_tiling.py::test_updates[compression1]
0.00s setup    hub/api/tests/test_update_samples.py::test_hub_read[None]
0.00s setup    hub/core/transform/test_transform.py::test_single_transform_hub_dataset_htypes[processed-0-s3_ds]
0.00s setup    hub/core/transform/test_transform.py::test_inplace_transform_without_commit
0.00s setup    hub/core/transform/test_transform.py::test_inplace_transform_non_head
0.00s setup    hub/core/transform/test_transform.py::test_single_transform_hub_dataset_htypes[threaded-0-s3_ds]
0.00s teardown hub/core/chunk/test_chunk_compressed.py::test_read_write_sequence_big[True-lz4]
0.00s call     hub/core/tiling/test_serialize.py::test_serialize_tiles
0.00s setup    hub/core/transform/test_transform.py::test_groups[s3_ds]
0.00s setup    hub/core/tiling/test_optimizer.py::test_tile_shape
0.00s setup    hub/api/tests/test_info.py::test_class_label
0.00s setup    hub/api/tests/test_api.py::test_sequence_samples[gcs_ds]
0.00s setup    hub/core/storage/tests/test_storage_provider.py::test_cache[memory_storage,local_storage,hub_cloud_storage]
0.00s setup    hub/api/tests/test_api_with_compression.py::test_unsupported_compression
0.00s setup    hub/core/chunk/test_uncompressed.py::test_read_write_sequence_big
0.00s teardown hub/core/transform/test_transform.py::test_single_transform_hub_dataset_htypes[threaded-1-memory_ds]
0.00s setup    hub/core/tiling/test_optimizer.py::test_tile_shape_large_compressed[png]
0.00s setup    hub/api/tests/test_update_samples.py::test_hub_read[png]
0.00s teardown hub/api/tests/test_json.py::test_json_transform[lz4-memory_ds]
0.00s setup    hub/core/chunk/test_chunk_compressed.py::test_read_write_sequence[lz4]
0.00s call     hub/core/tests/test_compression.py::test_array[lz4]
0.00s setup    hub/api/tests/test_api_tiling.py::test_mixed_small_large[compression2]
0.00s teardown hub/api/tests/test_json.py::test_list_transform[None-memory_ds]
0.00s setup    hub/api/tests/test_api_with_compression.py::test_uncompressed[gcs_ds]
0.00s setup    hub/core/tests/test_locking.py::test_dataset_locking[s3_ds_generator]
0.00s setup    hub/api/tests/test_api_tiling.py::test_mixed_small_large[compression4]
0.00s call     hub/api/tests/test_api.py::test_invalid_tensor_name
0.00s setup    hub/cli/test_cli.py::test_cli_auth
0.00s setup    hub/core/tests/test_compression.py::test_verify[jpeg2000]
0.00s setup    hub/api/tests/test_api.py::test_persist_clear_cache[gcs_ds_generator]
0.00s teardown hub/api/tests/test_text.py::test_text_transform[memory_ds]
0.00s teardown hub/core/transform/test_transform.py::test_transform_hub_read[memory_ds-jpeg-threaded]
0.00s setup    hub/api/tests/test_api_with_compression.py::test_audio[flac-s3_ds]
0.00s setup    hub/core/storage/tests/test_storage_provider.py::test_storage_provider[gcs_storage]
0.00s teardown hub/core/transform/test_transform.py::test_single_transform_hub_dataset_htypes[threaded-2-memory_ds]
0.00s setup    hub/api/tests/test_grayscale.py::test_append_grayscale_second[jpeg]
0.00s setup    hub/api/tests/test_api_with_compression.py::test_populate_compressed_samples[s3_ds]
0.00s teardown hub/api/tests/test_json.py::test_json_transform[None-memory_ds]
0.00s call     hub/core/meta/encode/tests/test_shape_encoder.py::test_dynamic
0.00s setup    hub/core/storage/tests/test_storage_provider.py::test_cache[memory_storage,s3_storage]
0.00s call     hub/core/tests/test_compression.py::test_video[mp4]
0.00s teardown hub/core/tests/test_compute.py::test_compute_with_progress_bar[threaded]
0.00s call     hub/core/tests/test_serialize.py::test_chunkids_serialize
0.00s teardown hub/api/tests/test_api_tiling.py::test_updates[compression4]
0.00s setup    hub/api/tests/test_api.py::test_populate_dataset[gcs_ds]
0.00s teardown hub/api/tests/test_video.py::test_video[mp4-memory_ds]
0.00s setup    hub/core/transform/test_transform.py::test_transform_hub_read_pipeline[s3_ds-png-processed]
0.00s setup    hub/client/test_client.py::test_client_requests
0.00s setup    hub/api/tests/test_api.py::test_safe_downcasting[s3_ds]
0.00s teardown hub/core/tiling/test_optimizer.py::test_tile_shape_large_compressed[jpeg]
0.00s setup    hub/api/tests/test_api.py::test_groups
0.00s call     hub/api/tests/test_readonly.py::test_readonly_doesnt_exist
0.00s call     hub/core/meta/encode/tests/test_shape_encoder.py::test_scalars
0.00s setup    hub/api/tests/test_api_tiling.py::test_mixed_small_large[compression1]
0.00s teardown hub/core/transform/test_transform.py::test_transform_hub_read_pipeline[memory_ds-png-threaded]
0.00s setup    hub/api/tests/test_api.py::test_sequence_samples[s3_ds]
0.00s teardown hub/api/tests/test_json.py::test_list_transform[lz4-memory_ds]
0.00s setup    hub/core/tiling/test_optimizer.py::test_tile_shape_compressed[png]
0.00s setup    hub/core/storage/tests/test_storage_provider.py::test_cache[local_storage,s3_storage]
0.00s setup    hub/api/tests/test_video.py::test_video[mp4-s3_ds]
0.00s setup    hub/core/storage/tests/test_storage_provider.py::test_cache[local_storage,hub_cloud_storage]
0.00s teardown hub/api/tests/test_api_tiling.py::test_updates[compression3]
0.00s teardown hub/core/tests/test_compute.py::test_compute_with_progress_bar[processed]
0.00s call     hub/core/meta/encode/tests/test_shape_encoder_updates.py::test_update_move_down
0.00s setup    hub/api/tests/test_update_samples.py::test[compression4]
0.00s setup    hub/core/storage/tests/test_storage_provider.py::test_cache[memory_storage,hub_cloud_storage]
0.00s teardown hub/api/tests/test_api.py::test_compute_fixed_tensor[s3_ds]
0.00s setup    hub/core/storage/tests/test_readonly.py::test_readonly_del[memory_storage]
0.00s setup    hub/api/tests/test_api_with_compression.py::test_audio[wav-s3_ds]
0.00s call     hub/auto/tests/test_ingestion.py::test_ingestion_exception
0.00s teardown hub/core/transform/test_transform.py::test_groups_2[memory_ds]
0.00s setup    hub/api/tests/test_api_with_compression.py::test_audio[wav-gcs_ds]
0.00s setup    hub/api/tests/test_update_samples.py::test[compression6]
0.00s setup    hub/core/transform/test_transform.py::test_groups_2[gcs_ds]
0.00s call     hub/core/meta/encode/tests/test_byte_positions_encoder_updates.py::test_update_squeeze_complex
0.00s setup    hub/api/tests/test_update_samples.py::test[compression5]
0.00s teardown hub/core/transform/test_transform.py::test_single_transform_hub_dataset[memory_ds-threaded]
0.00s teardown hub/core/transform/test_transform.py::test_hub_like[memory_ds]
0.00s setup    hub/api/tests/test_api.py::test_empty_samples[s3_ds]
0.00s setup    hub/api/tests/test_api_with_compression.py::test_iterate_compressed_samples[s3_ds]
0.00s setup    hub/api/tests/test_update_samples.py::test[compression0]
0.00s setup    hub/core/storage/tests/test_storage_provider.py::test_pickling[gcs_storage]
0.00s teardown hub/api/tests/test_api.py::test_scalar_samples[memory_ds]
0.00s setup    hub/api/tests/test_api.py::test_persist_with[local_ds_generator]
0.00s setup    hub/api/tests/test_video.py::test_video[mkv-s3_ds]
0.00s setup    hub/core/test_serialize.py::test_numpy_and_base_types
0.00s setup    hub/core/tests/test_compute.py::test_compute_with_progress_bar[processed]
0.00s setup    hub/core/tests/test_compute.py::test_compute_with_progress_bar[serial]
0.00s setup    hub/api/tests/test_video.py::test_video[mp4-gcs_ds]
0.00s setup    hub/api/tests/test_video.py::test_video[avi-s3_ds]
0.00s teardown hub/core/chunk/test_chunk_compressed.py::test_read_write_sequence_big[False-png]
0.00s setup    hub/api/tests/test_api.py::test_iterate_dataset[s3_ds]
0.00s setup    hub/api/tests/test_api.py::test_persist[s3_ds_generator]
0.00s setup    hub/api/tests/test_update_samples.py::test[compression2]
0.00s setup    hub/core/storage/tests/test_readonly.py::test_readonly_flush[local_storage]
0.00s setup    hub/api/tests/test_update_samples.py::test[compression1]
0.00s setup    hub/api/tests/test_api.py::test_compute_dynamic_tensor[s3_ds]
0.00s teardown hub/core/transform/test_transform.py::test_ds_append_in_transform
0.00s setup    hub/core/storage/tests/test_readonly.py::test_readonly_set[local_storage]
0.00s setup    hub/core/transform/test_transform.py::test_groups[gcs_ds]
0.00s setup    hub/api/tests/test_api.py::test_tensor_delete
0.00s teardown hub/core/transform/test_transform.py::test_groups[memory_ds]
0.00s setup    hub/api/tests/test_update_samples.py::test[compression3]
0.00s setup    hub/api/tests/test_api_with_compression.py::test_populate_compressed_samples[gcs_ds]
0.00s setup    hub/api/tests/test_api.py::test_append_with_tensor[size1-dest_args0-src_args1]
0.00s setup    hub/core/storage/tests/test_readonly.py::test_readonly_clear[local_storage]
0.00s setup    hub/api/tests/test_api.py::test_scalar_samples[s3_ds]
0.00s setup    hub/core/transform/test_transform.py::test_transform_persistance
0.00s call     hub/core/meta/encode/tests/test_byte_positions_encoder_updates.py::test_update_squeeze_trivial
0.00s call     hub/api/tests/test_pickle.py::test_dataset[memory_ds]
0.00s call     hub/core/meta/encode/tests/test_shape_encoder_updates.py::test_update_move_up
0.00s setup    hub/core/storage/tests/test_readonly.py::test_readonly_del[s3_storage]
0.00s setup    hub/api/tests/test_api.py::test_iterate_dataset[gcs_ds]
0.00s setup    hub/core/storage/tests/test_storage_provider.py::test_storage_provider[local_storage]
0.00s setup    hub/api/tests/test_video.py::test_video[avi-gcs_ds]
0.00s setup    hub/api/tests/test_api.py::test_scalar_samples[gcs_ds]
0.00s call     hub/core/meta/encode/tests/test_shape_encoder.py::test_fixed
0.00s call     hub/api/tests/test_api_with_compression.py::test_sample_chunk_compression_mutually_exclusive
0.00s setup    hub/api/tests/test_video.py::test_video[mkv-gcs_ds]
0.00s setup    hub/api/tests/test_api.py::test_persist_clear_cache[s3_ds_generator]
0.00s setup    hub/api/tests/test_api_with_compression.py::test_uncompressed[s3_ds]
0.00s setup    hub/api/tests/test_pickle.py::test_dataset[s3_ds]
0.00s setup    hub/core/tests/test_locking.py::test_dataset_locking[gcs_ds_generator]
0.00s call     hub/api/tests/test_api_with_compression.py::test_missing_sample_compression_for_image
0.00s setup    hub/api/tests/test_api.py::test_persist_with[s3_ds_generator]
0.00s setup    hub/core/chunk/test_chunk_compressed.py::test_read_write_sequence_big[False-png]
0.00s setup    hub/api/tests/test_api.py::test_persist_clear_cache[local_ds_generator]
0.00s setup    hub/core/storage/tests/test_readonly.py::test_readonly_del[gcs_storage]
0.00s setup    hub/core/tests/test_compression.py::test_video[avi]
0.00s setup    hub/core/storage/tests/test_storage_provider.py::test_pickling[local_storage]
0.00s setup    hub/core/transform/test_transform.py::test_chain_transform_list_small[s3_ds-processed]
0.00s setup    hub/api/tests/test_events.py::test_query_progress_event
0.00s setup    hub/api/tests/test_api.py::test_vc_bug
0.00s setup    hub/api/tests/test_api.py::test_append_with_tensor[size1-dest_args1-src_args0]
0.00s setup    hub/core/transform/test_transform.py::test_transform_hub_read[s3_ds-jpeg-processed]
0.00s setup    hub/api/tests/test_api.py::test_persist_with[gcs_ds_generator]
0.00s setup    hub/api/tests/test_api.py::test_append_with_tensor[size1-dest_args2-src_args0]
0.00s setup    hub/api/tests/test_api_with_compression.py::test_iterate_compressed_samples[gcs_ds]
0.00s setup    hub/core/tests/test_compression.py::test_video[mkv]
0.00s teardown hub/core/storage/tests/test_storage_provider.py::test_pickling[local_storage]
0.00s setup    hub/core/storage/tests/test_storage_provider.py::test_storage_provider[memory_storage]
0.00s setup    hub/api/tests/test_api.py::test_append_with_tensor[size1-dest_args1-src_args1]
0.00s setup    hub/api/tests/test_api.py::test_append_with_tensor[size1-dest_args2-src_args1]
0.00s setup    hub/core/tests/test_locking.py::test_vc_locking[gcs_ds_generator]
0.00s setup    hub/api/tests/test_api.py::test_like
0.00s setup    hub/api/tests/test_dataset.py::test_persistence_bug
0.00s setup    hub/api/tests/test_api.py::test_populate_dataset[s3_ds]
0.00s setup    hub/core/transform/test_transform.py::test_transform_hub_read_pipeline[s3_ds-None-processed]
0.00s setup    hub/core/transform/test_transform.py::test_transform_hub_read[s3_ds-png-threaded]
0.00s teardown hub/api/tests/test_meta.py::test_version
0.00s call     hub/api/tests/test_api_with_compression.py::test_unsupported_compression
0.00s call     hub/core/meta/encode/tests/test_chunk_id_encoder.py::test_failures
0.00s setup    hub/core/tests/test_compression.py::test_verify[ppm]
0.00s setup    hub/api/tests/test_meta.py::test_version
0.00s setup    hub/core/storage/tests/test_readonly.py::test_readonly_clear[memory_storage]
0.00s setup    hub/core/storage/tests/test_readonly.py::test_readonly_set[memory_storage]
0.00s setup    hub/core/chunk/test_sample_compressed.py::test_read_write_sequence_big[lz4]
0.00s call     hub/core/meta/encode/tests/test_byte_positions_encoder.py::test_non_uniform
0.00s setup    hub/auto/tests/test_kaggle.py::test_ingestion_simple
0.00s setup    hub/core/storage/tests/test_readonly.py::test_readonly_clear[gcs_storage]
0.00s setup    hub/api/tests/test_api.py::test_append_with_tensor[size0-dest_args0-src_args2]
0.00s setup    hub/core/chunk/test_chunk_compressed.py::test_update[lz4]
0.00s setup    hub/core/storage/tests/test_readonly.py::test_readonly_flush[memory_storage]
0.00s setup    hub/core/chunk/test_chunk_compressed.py::test_read_write_sequence_big[True-lz4]
0.00s setup    hub/api/tests/test_api.py::test_append_with_tensor[size0-dest_args1-src_args0]
0.00s setup    hub/core/tests/test_locking.py::test_vc_locking[s3_ds_generator]
0.00s setup    hub/api/tests/test_api.py::test_append_with_tensor[size0-dest_args0-src_args0]
0.00s teardown hub/core/tests/test_compression.py::test_verify[jpeg]
0.00s teardown hub/api/tests/test_api_with_compression.py::test_audio[mp3-memory_ds]
0.00s setup    hub/api/tests/test_readonly.py::test_readonly_doesnt_exist
0.00s setup    hub/core/transform/test_transform.py::test_single_transform_hub_dataset[s3_ds-processed]
0.00s teardown hub/core/storage/tests/test_storage_provider.py::test_cache[memory_storage,local_storage]
0.00s setup    hub/core/storage/tests/test_readonly.py::test_readonly_set[gcs_storage]
0.00s setup    hub/api/tests/test_api.py::test_append_with_tensor[size0-dest_args0-src_args1]
0.00s setup    hub/api/tests/test_api.py::test_append_with_tensor[size0-dest_args1-src_args2]
0.00s setup    hub/api/tests/test_pickle.py::test_dataset[hub_cloud_ds]
0.00s setup    hub/core/transform/test_transform.py::test_transform_hub_read[s3_ds-png-processed]
0.00s setup    hub/api/tests/test_api.py::test_append_with_tensor[size0-dest_args2-src_args1]
0.00s teardown hub/api/tests/test_api_tiling.py::test_empty_array[compression0]
0.00s setup    hub/api/tests/test_api.py::test_append_with_tensor[size0-dest_args2-src_args0]
0.00s setup    hub/api/tests/test_api.py::test_append_with_tensor[size0-dest_args2-src_args2]
0.00s teardown hub/core/storage/tests/test_storage_provider.py::test_storage_provider[local_storage]
0.00s setup    hub/api/tests/test_api.py::test_persist[hub_cloud_ds_generator]
0.00s setup    hub/api/tests/test_api.py::test_append_with_tensor[size1-dest_args0-src_args0]
0.00s teardown hub/api/tests/test_api_tiling.py::test_updates[compression0]
0.00s call     hub/core/meta/encode/tests/test_shape_encoder.py::test_failures
0.00s setup    hub/core/storage/tests/test_readonly.py::test_readonly_flush[gcs_storage]
0.00s setup    hub/api/tests/test_api.py::test_append_with_tensor[size0-dest_args1-src_args1]
0.00s teardown hub/api/tests/test_api_with_compression.py::test_audio[mp3-s3_ds]
0.00s setup    hub/api/tests/test_readonly.py::test_readonly
0.00s call     hub/core/meta/encode/tests/test_shape_encoder_updates.py::test_update_squeeze_complex
0.00s setup    hub/core/transform/test_transform.py::test_transform_hub_read_pipeline[s3_ds-jpeg-processed]
0.00s setup    hub/core/storage/tests/test_readonly.py::test_readonly_clear[s3_storage]
0.00s teardown hub/api/tests/test_api.py::test_append_with_tensor[size1-dest_args0-src_args2]
0.00s setup    hub/core/tests/test_compression.py::test_verify[pcx]
0.00s setup    hub/core/storage/tests/test_readonly.py::test_readonly_set[s3_storage]
0.00s setup    hub/core/transform/test_transform.py::test_transform_hub_read_pipeline[s3_ds-png-threaded]
0.00s teardown hub/core/transform/test_transform.py::test_transform_pass_through
0.00s teardown hub/api/tests/test_api_with_compression.py::test_iterate_compressed_samples[memory_ds]
0.00s setup    hub/core/transform/test_transform.py::test_transform_hub_read_pipeline[s3_ds-jpeg-threaded]
0.00s setup    hub/core/storage/tests/test_readonly.py::test_readonly_flush[s3_storage]
0.00s setup    hub/api/tests/test_meta.py::test_subsequent_updates
0.00s setup    hub/core/tests/test_compression.py::test_verify[gif]
0.00s setup    hub/core/tests/test_compression.py::test_audio[flac]
0.00s setup    hub/core/tiling/test_optimizer.py::test_tile_shape_compressed[jpeg]
0.00s teardown hub/api/tests/test_api_tiling.py::test_empty_array[compression1]
0.00s call     hub/core/meta/encode/tests/test_shape_encoder_updates.py::test_update_squeeze_up
0.00s teardown hub/api/tests/test_api.py::test_tobytes
0.00s setup    hub/core/tests/test_compression.py::test_verify[ico]
0.00s teardown hub/api/tests/test_api_with_compression.py::test_audio[wav-memory_ds]
0.00s setup    hub/core/tests/test_compression.py::test_verify[jpeg]
0.00s setup    hub/core/tests/test_compression.py::test_verify[bmp]
0.00s teardown hub/api/tests/test_api_with_compression.py::test_populate_compressed_samples[memory_ds]
0.00s setup    hub/core/chunk/test_sample_compressed.py::test_read_write_sequence[lz4]
0.00s teardown hub/core/transform/test_transform.py::test_single_transform_hub_dataset_htypes[processed-0-memory_ds]
0.00s setup    hub/core/storage/tests/test_storage_provider.py::test_storage_provider[s3_storage]
0.00s teardown hub/api/tests/test_video.py::test_video[mkv-memory_ds]
0.00s setup    hub/core/storage/tests/test_storage_provider.py::test_pickling[s3_storage]
0.00s setup    hub/core/chunk/test_chunk_compressed.py::test_update[png]
0.00s setup    hub/core/tests/test_compression.py::test_verify[dib]
0.00s teardown hub/core/transform/test_transform.py::test_single_transform_hub_dataset[memory_ds-processed]
0.00s setup    hub/core/index/tests/test_index.py::test_merge_slices[start_none]
0.00s setup    hub/core/tests/test_compression.py::test_multi_array[ppm]
0.00s teardown hub/core/transform/test_transform.py::test_single_transform_hub_dataset_htypes[processed-2-memory_ds]
0.00s setup    hub/core/tests/test_compression.py::test_multi_array[jpeg2000]
0.00s teardown hub/core/transform/test_transform.py::test_single_transform_hub_dataset_htypes[threaded-0-memory_ds]
0.00s setup    hub/core/index/tests/test_index.py::test_merge_slices[second_longer]
0.00s setup    hub/core/tests/test_compression.py::test_array[jpeg2000]
0.00s teardown hub/api/tests/test_api.py::test_append_with_tensor[size1-dest_args0-src_args0]
0.00s setup    hub/core/tests/test_compute.py::test_compute_with_progress_bar[threaded]
0.00s setup    hub/core/tests/test_compression.py::test_verify[xbm]
0.00s call     hub/core/meta/encode/tests/test_shape_encoder_updates.py::test_update_squeeze_down
0.00s setup    hub/core/tests/test_compression.py::test_verify[png]
0.00s teardown hub/api/tests/test_api.py::test_append_with_tensor[size1-dest_args1-src_args2]
0.00s setup    hub/core/tests/test_compression.py::test_array[ppm]
0.00s teardown hub/api/tests/test_api.py::test_append_with_tensor[size1-dest_args2-src_args2]
0.00s setup    hub/core/tests/test_compression.py::test_verify[sgi]
0.00s setup    hub/core/tests/test_compression.py::test_verify[webp]
0.00s teardown hub/core/storage/tests/test_storage_provider.py::test_cache[memory_storage,local_storage,hub_cloud_storage]
0.00s teardown hub/api/tests/test_api_with_compression.py::test_audio[flac-memory_ds]
0.00s teardown hub/api/tests/test_readonly.py::test_readonly_doesnt_exist
0.00s setup    hub/core/tests/test_compression.py::test_multi_array[ico]
0.00s setup    hub/core/tests/test_compression.py::test_verify[tga]
0.00s teardown hub/api/tests/test_api_tiling.py::test_empty_array[compression4]
0.00s setup    hub/core/tests/test_compression.py::test_multi_array[gif]
0.00s teardown hub/core/transform/test_transform.py::test_chain_transform_list_small[memory_ds-processed]
0.00s setup    hub/core/tests/test_compression.py::test_verify[tiff]
0.00s teardown hub/api/tests/test_chunk_sizes.py::test_extend_and_append
0.00s call     hub/core/meta/encode/tests/test_shape_encoder_updates.py::test_update_split_middle
0.00s teardown hub/core/storage/tests/test_storage_provider.py::test_cache[memory_storage,local_storage,s3_storage]
0.00s teardown hub/api/tests/test_api.py::test_compute_dynamic_tensor[memory_ds]
0.00s setup    hub/core/tests/test_compression.py::test_audio[wav]
0.00s setup    hub/core/chunk/test_chunk_compressed.py::test_read_write_sequence[png]
0.00s teardown hub/api/tests/test_api_with_compression.py::test_uncompressed[memory_ds]
0.00s teardown hub/api/tests/test_api_tiling.py::test_empty_array[compression2]
0.00s call     hub/core/meta/encode/tests/test_shape_encoder_updates.py::test_update_split_down
0.00s teardown hub/api/tests/test_api.py::test_safe_downcasting[memory_ds]
0.00s teardown hub/core/transform/test_transform.py::test_single_transform_hub_dataset_htypes[processed-1-memory_ds]
0.00s teardown hub/api/tests/test_api_with_compression.py::test_jpeg_bad_shapes[bad_shape0]
0.00s teardown hub/api/tests/test_api.py::test_iterate_dataset[memory_ds]
0.00s setup    hub/core/tests/test_compression.py::test_multi_array[jpeg]
0.00s call     hub/core/meta/encode/tests/test_shape_encoder_updates.py::test_update_split_up
0.00s setup    hub/core/tests/test_compression.py::test_multi_array[xbm]
0.00s teardown hub/api/tests/test_api.py::test_stringify
0.00s teardown hub/api/tests/test_api_with_compression.py::test_jpeg_bad_shapes[bad_shape1]
0.00s setup    hub/core/test_serialize.py::test_sample_img_compression
0.00s setup    hub/core/index/tests/test_index.py::test_merge_slices[stop_second_none]
0.00s setup    hub/core/tests/test_compression.py::test_array[dib]
0.00s setup    hub/core/tests/test_compression.py::test_audio[mp3]
0.00s setup    hub/core/tests/test_compression.py::test_array[xbm]
0.00s setup    hub/core/tiling/test_optimizer.py::test_tile_shape_compressed[tiff]
0.00s teardown hub/api/tests/test_api_with_compression.py::test_audio[mp3-gcs_ds]
0.00s teardown hub/api/tests/test_api.py::test_fails_on_wrong_tensor_syntax
0.00s teardown hub/api/tests/test_video.py::test_video[avi-memory_ds]
0.00s teardown hub/core/tests/test_compression.py::test_apng
0.00s teardown hub/core/test_serialize.py::test_sample_no_compression
0.00s setup    hub/core/tests/test_compression.py::test_array[jpeg]
0.00s teardown hub/api/tests/test_api_tiling.py::test_empty_array[compression3]
0.00s teardown hub/core/tiling/test_optimizer.py::test_tile_shape_large_compressed[png]
0.00s setup    hub/core/tests/test_compression.py::test_array[pcx]
0.00s setup    hub/core/tests/test_compression.py::test_multi_array[pcx]
0.00s setup    hub/core/tests/test_compression.py::test_array[ico]
0.00s setup    hub/core/tests/test_compression.py::test_array[png]
0.00s setup    hub/core/test_serialize.py::test_sample_no_compression
0.00s teardown hub/core/transform/test_transform.py::test_single_transform_hub_dataset_htypes[processed-0-s3_ds]
0.00s setup    hub/core/index/tests/test_index.py::test_merge_slices[irregular_steps]
0.00s setup    hub/core/index/tests/test_index.py::test_merge_slices[stop_both_none]
0.00s setup    hub/core/tests/test_compression.py::test_array[gif]
0.00s setup    hub/core/tests/test_compression.py::test_multi_array[dib]
0.00s teardown hub/core/transform/test_transform.py::test_single_transform_hub_dataset_htypes[threaded-1-s3_ds]
0.00s setup    hub/core/chunk/test_uncompressed.py::test_read_write_numpy
0.00s setup    hub/core/tests/test_compression.py::test_array[sgi]
0.00s setup    hub/core/test_serialize.py::test_sample_byte_compression
0.00s teardown hub/api/tests/test_api_with_compression.py::test_byte_sample_compression
0.00s setup    hub/api/tests/test_api.py::test_cloud_delete_doesnt_exist
0.00s teardown hub/api/tests/test_api.py::test_compute_slices
0.00s teardown hub/core/transform/test_transform.py::test_transform_hub_read[memory_ds-None-processed]
0.00s teardown hub/api/tests/test_api_with_compression.py::test_unsupported_compression
0.00s teardown hub/api/tests/test_api.py::test_ds_append[5-y_args0-x_args1]
0.00s teardown hub/api/tests/test_api_with_compression.py::test_audio[flac-gcs_ds]
0.00s teardown hub/core/storage/tests/test_readonly.py::test_readonly_del[local_storage]
0.00s teardown hub/core/storage/tests/test_readonly.py::test_readonly_set[local_storage]
0.00s teardown hub/api/tests/test_api.py::test_sequence_samples[gcs_ds]
0.00s setup    hub/core/tests/test_compression.py::test_multi_array[png]
0.00s teardown hub/core/transform/test_transform.py::test_transform_hub_read[s3_ds-jpeg-threaded]
0.00s setup    hub/core/tests/test_compression.py::test_array[tga]
0.00s teardown hub/core/storage/tests/test_storage_provider.py::test_cache[local_storage,s3_storage]
0.00s teardown hub/api/tests/test_api.py::test_append_with_tensor[size1-dest_args2-src_args0]
0.00s teardown hub/api/tests/test_api.py::test_safe_downcasting[s3_ds]
0.00s teardown hub/core/tests/test_compression.py::test_video[mkv]
0.00s teardown hub/core/transform/test_transform.py::test_single_transform_hub_dataset_htypes[threaded-0-s3_ds]
0.00s setup    hub/core/tests/test_compression.py::test_array[lz4]
0.00s setup    hub/api/tests/test_dataset.py::test_update_privacy
0.00s teardown hub/api/tests/test_chunk_sizes.py::test_append
0.00s setup    hub/core/tests/test_compression.py::test_multi_array[bmp]
0.00s teardown hub/api/tests/test_api.py::test_sequence_samples[memory_ds]
0.00s call     hub/api/tests/test_api.py::test_stringify_with_path
0.00s teardown hub/core/transform/test_transform.py::test_transform_hub_read_pipeline[memory_ds-None-processed]
0.00s setup    hub/api/tests/test_events.py::test_commit_checkout_event
0.00s setup    hub/client/test_client.py::test_client_workspace_organizations
0.00s setup    hub/auto/tests/test_kaggle.py::test_ingestion_sets
0.00s setup    hub/core/tests/test_compression.py::test_multi_array[sgi]
0.00s teardown hub/core/transform/test_transform.py::test_transform_hub_read_pipeline[memory_ds-jpeg-processed]
0.00s setup    hub/core/tests/test_compression.py::test_multi_array[lz4]
0.00s teardown hub/core/storage/tests/test_storage_provider.py::test_cache[local_storage,hub_cloud_storage]
0.00s teardown hub/api/tests/test_api.py::test_sequence_samples[s3_ds]
0.00s setup    hub/auto/tests/test_kaggle.py::test_kaggle_exception
0.00s teardown hub/core/storage/tests/test_readonly.py::test_readonly_clear[local_storage]
0.00s setup    hub/cli/test_cli.py::test_get_datasets
0.00s teardown hub/api/tests/test_json.py::test_json_transform[lz4-s3_ds]
0.00s teardown hub/api/tests/test_api.py::test_append_with_tensor[size1-dest_args1-src_args0]
0.00s setup    hub/core/tests/test_compression.py::test_array[webp]
0.00s teardown hub/core/transform/test_transform.py::test_single_transform_hub_dataset_htypes[threaded-2-s3_ds]
0.00s teardown hub/core/chunk/test_chunk_compressed.py::test_update[png]
0.00s teardown hub/api/tests/test_api.py::test_ds_append[5-y_args0-x_args2]
0.00s setup    hub/core/tests/test_compression.py::test_multi_array[tiff]
0.00s setup    hub/core/tests/test_compression.py::test_multi_array[tga]
0.00s teardown hub/api/tests/test_api_with_compression.py::test_audio[wav-gcs_ds]
0.00s teardown hub/core/tests/test_compression.py::test_audio[mp3]
0.00s setup    hub/core/tests/test_compression.py::test_array[tiff]
0.00s teardown hub/core/storage/tests/test_readonly.py::test_readonly_del[memory_storage]
0.00s teardown hub/api/tests/test_api.py::test_empty_samples[memory_ds]
0.00s teardown hub/api/tests/test_api.py::test_ds_append[5-y_args0-x_args0]
0.00s teardown hub/api/tests/test_api.py::test_ds_append[160000-y_args0-x_args1]
0.00s teardown hub/api/tests/test_api.py::test_ds_append[160000-y_args0-x_args0]
0.00s teardown hub/core/transform/test_transform.py::test_bad_transform
0.00s teardown hub/core/storage/tests/test_readonly.py::test_readonly_flush[local_storage]
0.00s teardown hub/core/transform/test_transform.py::test_single_transform_hub_dataset_htypes[processed-2-s3_ds]
0.00s teardown hub/api/tests/test_api.py::test_htype
0.00s teardown hub/api/tests/test_api.py::test_ds_append[160000-y_args1-x_args0]
0.00s setup    hub/core/tests/test_compression.py::test_multi_array[webp]
0.00s teardown hub/core/transform/test_transform.py::test_transform_hub_read[memory_ds-png-processed]
0.00s teardown hub/core/transform/test_transform.py::test_transform_hub_read_pipeline[memory_ds-png-processed]
0.00s setup    hub/api/tests/test_api.py::test_hub_dataset_suffix_bug
0.00s teardown hub/core/transform/test_transform.py::test_single_transform_hub_dataset_htypes[processed-1-s3_ds]
0.00s teardown hub/core/transform/test_transform.py::test_transform_hub_read[s3_ds-None-threaded]
0.00s teardown hub/api/tests/test_api.py::test_shape_property
0.00s teardown hub/api/tests/test_api.py::test_ds_append[5-y_args2-x_args0]
0.00s teardown hub/api/tests/test_api.py::test_ds_append[5-y_args1-x_args0]
0.00s teardown hub/core/transform/test_transform.py::test_transform_hub_read[memory_ds-jpeg-processed]
0.00s teardown hub/core/chunk/test_chunk_compressed.py::test_update[lz4]
0.00s teardown hub/api/tests/test_json.py::test_json_basic
0.00s teardown hub/core/tests/test_compression.py::test_video[mp4]
0.00s teardown hub/api/tests/test_api.py::test_ds_append[160000-y_args1-x_args2]
0.00s teardown hub/api/tests/test_api.py::test_ds_append[160000-y_args2-x_args1]
0.00s teardown hub/api/tests/test_api.py::test_ds_append[160000-y_args1-x_args1]
0.00s teardown hub/api/tests/test_api_with_compression.py::test_audio[flac-s3_ds]
0.00s teardown hub/api/tests/test_api.py::test_compute_dynamic_tensor[s3_ds]
0.00s teardown hub/core/chunk/test_chunk_compressed.py::test_read_write_sequence[png]
0.00s teardown hub/core/tests/test_compression.py::test_verify[png]
0.00s teardown hub/api/tests/test_api.py::test_ds_append[160000-y_args0-x_args2]
0.00s teardown hub/api/tests/test_api.py::test_empty_extend
0.00s teardown hub/core/transform/test_transform.py::test_groups_2[s3_ds]
0.00s teardown hub/api/tests/test_api.py::test_ds_append[160000-y_args2-x_args0]
0.00s teardown hub/api/tests/test_json.py::test_list_transform[None-s3_ds]
0.00s teardown hub/api/tests/test_dataset.py::test_new_dataset
0.00s teardown hub/api/tests/test_api.py::test_ds_append[160000-y_args2-x_args2]
0.00s teardown hub/api/tests/test_json.py::test_json_transform[None-s3_ds]
0.00s teardown hub/api/tests/test_chunk_sizes.py::test_extend
0.00s teardown hub/api/tests/test_update_samples.py::test_inplace_updates[compression0]
0.00s teardown hub/api/tests/test_api.py::test_ds_append[5-y_args1-x_args1]
0.00s teardown hub/api/tests/test_api.py::test_ds_append[5-y_args1-x_args2]
0.00s teardown hub/core/storage/tests/test_storage_provider.py::test_cache[memory_storage,hub_cloud_storage]
0.00s teardown hub/api/tests/test_json.py::test_list_transform[lz4-s3_ds]
0.00s teardown hub/api/tests/test_api.py::test_index_range
0.00s teardown hub/api/tests/test_api.py::test_scalar_samples[s3_ds]
0.00s teardown hub/api/tests/test_api.py::test_ds_append[5-y_args2-x_args2]
0.00s teardown hub/core/storage/tests/test_storage_provider.py::test_cache[memory_storage,s3_storage]
0.00s teardown hub/api/tests/test_api.py::test_ds_append[5-y_args2-x_args1]
0.00s teardown hub/api/tests/test_json.py::test_json_with_hub_sample
0.00s teardown hub/api/tests/test_api.py::test_iterate_dataset[s3_ds]
0.00s setup    hub/core/tiling/test_optimizer.py::test_tile_shape_large_compressed[jpeg]
0.00s teardown hub/core/transform/test_transform.py::test_hub_like[s3_ds]
0.00s teardown hub/api/tests/test_api.py::test_auto_htype
0.00s teardown hub/core/test_serialize.py::test_sample_byte_compression
0.00s teardown hub/api/tests/test_json.py::test_json_with_numpy
0.00s teardown hub/api/tests/test_video.py::test_video[avi-gcs_ds]
0.00s teardown hub/api/tests/test_api.py::test_empty_samples[s3_ds]
0.00s teardown hub/core/transform/test_transform.py::test_single_transform_hub_dataset[s3_ds-threaded]
0.00s teardown hub/api/tests/test_api_with_compression.py::test_sample_chunk_compression_mutually_exclusive
0.00s teardown hub/core/chunk/test_sample_compressed.py::test_read_write_sequence[lz4]
0.00s teardown hub/api/tests/test_text.py::test_text_transform[s3_ds]
0.00s teardown hub/api/tests/test_api_with_compression.py::test_missing_sample_compression_for_image
0.00s teardown hub/core/test_serialize.py::test_sample_img_compression
0.00s teardown hub/core/tests/test_compression.py::test_array[png]
0.00s teardown hub/api/tests/test_video.py::test_video[mkv-s3_ds]
0.00s teardown hub/auto/tests/test_ingestion.py::test_image_classification_sets
0.00s teardown hub/api/tests/test_api.py::test_iterate_dataset[gcs_ds]
0.00s teardown hub/core/tests/test_compression.py::test_array[jpeg]
0.00s teardown hub/core/tests/test_locking.py::test_dataset_locking[s3_ds_generator]
0.00s teardown hub/api/tests/test_video.py::test_video[avi-s3_ds]
0.00s teardown hub/core/storage/tests/test_readonly.py::test_readonly_set[memory_storage]
0.00s teardown hub/core/tests/test_compression.py::test_multi_array[png]
0.00s teardown hub/api/tests/test_api.py::test_dtype
0.00s teardown hub/core/storage/tests/test_readonly.py::test_readonly_clear[memory_storage]
0.00s teardown hub/core/transform/test_transform.py::test_groups[gcs_ds]
0.00s teardown hub/core/tests/test_compression.py::test_multi_array[jpeg]
0.00s teardown hub/api/tests/test_api.py::test_empty_samples[gcs_ds]
0.00s teardown hub/api/tests/test_api.py::test_length_slices
0.00s teardown hub/core/transform/test_transform.py::test_transform_hub_read[s3_ds-png-processed]
0.00s teardown hub/api/tests/test_api_with_compression.py::test_audio[wav-s3_ds]
0.00s teardown hub/api/tests/test_video.py::test_video[mp4-s3_ds]
0.00s teardown hub/core/transform/test_transform.py::test_transform_hub_read_pipeline[s3_ds-None-threaded]
0.00s teardown hub/core/transform/test_transform.py::test_groups[s3_ds]
0.00s teardown hub/api/tests/test_api.py::test_scalar_samples[gcs_ds]
0.00s teardown hub/api/tests/test_api_with_compression.py::test_iterate_compressed_samples[s3_ds]
0.00s teardown hub/core/transform/test_transform.py::test_chain_transform_list_small[s3_ds-threaded]
0.00s teardown hub/core/storage/tests/test_readonly.py::test_readonly_flush[memory_storage]
0.00s teardown hub/api/tests/test_api_with_compression.py::test_populate_compressed_samples[gcs_ds]
0.00s teardown hub/core/storage/tests/test_storage_provider.py::test_storage_provider[memory_storage]
0.00s teardown hub/api/tests/test_update_samples.py::test_inplace_updates[compression1]
0.00s teardown hub/core/chunk/test_chunk_compressed.py::test_read_write_sequence[lz4]
0.00s setup    hub/core/transform/test_transform.py::test_transform_pass_through
0.00s teardown hub/api/tests/test_pickle.py::test_dataset[hub_cloud_ds]
0.00s teardown hub/core/transform/test_transform.py::test_chain_transform_list_small[s3_ds-processed]
0.00s teardown hub/api/tests/test_json.py::test_json_list_basic
0.00s teardown hub/core/transform/test_transform.py::test_transform_hub_read[s3_ds-png-threaded]
0.00s teardown hub/api/tests/test_video.py::test_video[mp4-gcs_ds]
0.00s call     hub/core/meta/encode/tests/test_shape_encoder.py::test_trivial
0.00s teardown hub/core/transform/test_transform.py::test_groups_2[gcs_ds]
0.00s teardown hub/api/tests/test_pickle.py::test_dataset[gcs_ds]
0.00s teardown hub/auto/tests/test_ingestion.py::test_ingestion_simple
0.00s teardown hub/api/tests/test_json.py::test_list_with_hub_sample
0.00s teardown hub/api/tests/test_video.py::test_video[mkv-gcs_ds]
0.00s teardown hub/core/tiling/test_optimizer.py::test_tile_shape_compressed[jpeg]
0.00s setup    hub/api/tests/test_hosted_datasets.py::test_mnist
0.00s teardown hub/api/tests/test_api_with_compression.py::test_populate_compressed_samples[s3_ds]
0.00s teardown hub/core/tests/test_compression.py::test_video[avi]
0.00s teardown hub/core/tests/test_locking.py::test_dataset_locking[gcs_ds_generator]
0.00s teardown hub/api/tests/test_api.py::test_populate_dataset[memory_ds]
0.00s teardown hub/api/tests/test_update_samples.py::test_inplace_updates[compression4]
0.00s setup    hub/api/tests/test_events.py::test_pytorch_progress_event
0.00s teardown hub/core/tests/test_compression.py::test_verify[jpeg2000]
0.00s teardown hub/core/transform/test_transform.py::test_transform_hub_read[s3_ds-None-processed]
0.00s teardown hub/core/transform/test_transform.py::test_single_transform_hub_dataset[s3_ds-processed]
0.00s teardown hub/api/tests/test_api.py::test_append_with_tensor[size0-dest_args0-src_args1]
0.00s teardown hub/core/transform/test_transform.py::test_transform_hub_read_pipeline[s3_ds-jpeg-processed]
0.00s teardown hub/core/transform/test_transform.py::test_transform_hub_read[s3_ds-jpeg-processed]
0.00s call     hub/api/tests/test_api.py::test_fails_on_wrong_tensor_syntax
0.00s teardown hub/api/tests/test_pickle.py::test_dataset[s3_ds]
0.00s teardown hub/core/transform/test_transform.py::test_transform_hub_read_pipeline[s3_ds-png-threaded]
0.00s teardown hub/api/tests/test_api_with_compression.py::test_uncompressed[gcs_ds]
0.00s teardown hub/api/tests/test_api_with_compression.py::test_uncompressed[s3_ds]
0.00s teardown hub/api/tests/test_api.py::test_populate_dataset[s3_ds]
0.00s teardown hub/core/tests/test_compression.py::test_multi_array[webp]
0.00s teardown hub/core/transform/test_transform.py::test_transform_hub_read_pipeline[s3_ds-None-processed]
0.00s teardown hub/api/tests/test_api.py::test_append_with_tensor[size0-dest_args0-src_args2]
0.00s call     hub/core/meta/encode/tests/test_shape_encoder_updates.py::test_update_replace
0.00s teardown hub/api/tests/test_update_samples.py::test_inplace_updates[compression2]
0.00s setup    hub/api/tests/test_agreement.py::test_agreement_logged_in
0.00s teardown hub/api/tests/test_api_with_compression.py::test_iterate_compressed_samples[gcs_ds]
0.00s teardown hub/api/tests/test_json.py::test_list_with_numpy
0.00s teardown hub/api/tests/test_api.py::test_persist[s3_ds_generator]
0.00s teardown hub/api/tests/test_pickle.py::test_dataset[memory_ds]
0.00s teardown hub/core/transform/test_transform.py::test_transform_hub_read_pipeline[s3_ds-jpeg-threaded]
0.00s teardown hub/core/transform/test_transform.py::test_transform_hub_read_pipeline[s3_ds-png-processed]
0.00s teardown hub/api/tests/test_update_samples.py::test_warnings
0.00s teardown hub/api/tests/test_api.py::test_append_with_tensor[size0-dest_args0-src_args0]
0.00s teardown hub/api/tests/test_update_samples.py::test_failures
0.00s teardown hub/api/tests/test_update_samples.py::test_pre_indexed_tensor
0.00s call     hub/core/transform/test_transform.py::test_pbar_description
0.00s setup    hub/api/tests/test_events.py::test_compute_progress_event
0.00s teardown hub/api/tests/test_api.py::test_array_interface
0.00s teardown hub/api/tests/test_api.py::test_append_with_tensor[size0-dest_args1-src_args1]
0.00s teardown hub/api/tests/test_api.py::test_persist[hub_cloud_ds_generator]
0.00s teardown hub/core/storage/tests/test_readonly.py::test_readonly_del[s3_storage]
0.00s teardown hub/api/tests/test_api.py::test_populate_dataset[gcs_ds]
0.00s teardown hub/api/tests/test_api.py::test_append_with_tensor[size0-dest_args2-src_args1]
0.00s teardown hub/api/tests/test_api.py::test_append_with_tensor[size0-dest_args1-src_args2]
0.00s teardown hub/api/tests/test_api.py::test_append_with_tensor[size0-dest_args1-src_args0]
0.00s teardown hub/api/tests/test_update_samples.py::test_inplace_updates[compression3]
0.00s teardown hub/api/tests/test_api.py::test_append_with_tensor[size0-dest_args2-src_args0]
0.00s teardown hub/api/tests/test_api.py::test_append_with_tensor[size0-dest_args2-src_args2]
0.00s teardown hub/api/tests/test_dataset.py::test_dataset_empty_load
0.00s teardown hub/core/tests/test_locking.py::test_vc_locking[s3_ds_generator]
0.00s teardown hub/core/tests/test_locking.py::test_vc_locking[gcs_ds_generator]
0.00s setup    hub/api/tests/test_dataset.py::test_dataset_empty_load
0.00s teardown hub/auto/tests/test_ingestion.py::test_ingestion_exception
0.00s teardown hub/api/tests/test_api.py::test_invalid_tensor_name
0.00s setup    hub/core/chunk/test_uncompressed.py::test_update
0.00s teardown hub/core/tests/test_compression.py::test_array[webp]
0.00s setup    hub/api/tests/test_api.py::test_empty_dataset
0.00s teardown hub/api/tests/test_json.py::test_json_with_schema
0.00s teardown hub/api/tests/test_api.py::test_persist_with[s3_ds_generator]
0.00s setup    hub/client/test_client.py::test_client_utils
0.00s teardown hub/core/storage/tests/test_readonly.py::test_readonly_flush[gcs_storage]
0.00s teardown hub/core/test_serialize.py::test_numpy_and_base_types
0.00s teardown hub/core/tests/test_compute.py::test_compute_with_progress_bar[serial]
0.00s teardown hub/core/storage/tests/test_storage_provider.py::test_storage_provider[gcs_storage]
0.00s teardown hub/api/tests/test_api.py::test_persist_clear_cache[s3_ds_generator]
0.00s setup    hub/api/tests/test_api.py::test_tensor_creation_fail_recovery
0.00s teardown hub/core/storage/tests/test_readonly.py::test_readonly_clear[gcs_storage]
0.00s call     hub/core/meta/encode/tests/test_byte_positions_encoder.py::test_failures
0.00s teardown hub/api/tests/test_api.py::test_empty_dataset
0.00s teardown hub/core/storage/tests/test_storage_provider.py::test_pickling[gcs_storage]
0.00s teardown hub/core/storage/tests/test_readonly.py::test_readonly_del[gcs_storage]
0.00s teardown hub/core/storage/tests/test_readonly.py::test_readonly_set[s3_storage]
0.00s teardown hub/core/storage/tests/test_storage_provider.py::test_storage_provider[s3_storage]
0.00s teardown hub/api/tests/test_api.py::test_persist_with[gcs_ds_generator]
0.00s setup    hub/api/tests/test_agreement.py::test_not_agreement_logged_in
0.00s teardown hub/core/chunk/test_uncompressed.py::test_read_write_numpy
0.00s teardown hub/core/storage/tests/test_readonly.py::test_readonly_clear[s3_storage]
0.00s teardown hub/core/tests/test_compression.py::test_verify[dib]
0.00s teardown hub/core/storage/tests/test_readonly.py::test_readonly_flush[s3_storage]
0.00s setup    hub/api/tests/test_dataset.py::test_new_dataset
0.00s teardown hub/core/tests/test_compression.py::test_multi_array[gif]
0.00s teardown hub/core/tests/test_compression.py::test_verify[gif]
0.00s teardown hub/core/storage/tests/test_storage_provider.py::test_pickling[s3_storage]
0.00s teardown hub/core/tests/test_compression.py::test_array[ico]
0.00s teardown hub/core/tests/test_compression.py::test_multi_array[jpeg2000]
0.00s teardown hub/api/tests/test_text.py::test_text
0.00s teardown hub/api/tests/test_api.py::test_persist_clear_cache[gcs_ds_generator]
0.00s teardown hub/core/tests/test_compression.py::test_array[jpeg2000]
0.00s teardown hub/core/tests/test_compression.py::test_multi_array[dib]
0.00s teardown hub/core/storage/tests/test_readonly.py::test_readonly_set[gcs_storage]
0.00s teardown hub/core/tests/test_compression.py::test_array[bmp]
0.00s teardown hub/core/tiling/test_serialize.py::test_serialize_tiles_gzip
0.00s teardown hub/core/index/tests/test_index.py::test_merge_slices[first_longer]
0.00s teardown hub/core/tests/test_compression.py::test_multi_array[bmp]
0.00s setup    hub/core/tiling/test_serialize.py::test_break_into_tiles
0.00s teardown hub/client/test_client.py::test_client_utils
0.00s setup    hub/core/chunk/test_uncompressed.py::test_read_write_numpy_big
0.00s teardown hub/api/tests/test_api_with_compression.py::test_compression_aliases
0.00s teardown hub/core/tests/test_compression.py::test_multi_array[ico]
0.00s teardown hub/core/tests/test_compression.py::test_verify[bmp]
0.00s teardown hub/core/tests/test_compression.py::test_audio[flac]
0.00s teardown hub/core/tests/test_compression.py::test_verify[ico]
0.00s teardown hub/core/tests/test_serialize.py::test_chunk_serialize
0.00s teardown hub/api/tests/test_api.py::test_dataset_delete
0.00s setup    hub/core/tests/test_io.py::test_sequential_scheduler
0.00s teardown hub/core/tiling/test_optimizer.py::test_tile_shape
0.00s setup    hub/core/meta/encode/tests/test_shape_encoder_updates.py::test_update_split_up
0.00s teardown hub/core/tests/test_compression.py::test_verify[webp]
0.00s teardown hub/cli/test_cli.py::test_cli_auth
0.00s teardown hub/core/tests/test_compression.py::test_array[gif]
0.00s call     hub/core/storage/tests/test_readonly.py::test_readonly_del[local_storage]
0.00s teardown hub/core/tests/test_compression.py::test_verify[pcx]
0.00s teardown hub/core/tests/test_compression.py::test_array[dib]
0.00s teardown hub/core/index/tests/test_index.py::test_merge_slices[negative_step]
0.00s teardown hub/core/tests/test_compression.py::test_array[pcx]
0.00s teardown hub/core/tests/test_compression.py::test_verify[tiff]
0.00s setup    hub/api/tests/test_api.py::test_dataset_delete
0.00s teardown hub/core/tiling/test_optimizer.py::test_tile_shape_compressed[png]
0.00s setup    hub/core/tests/test_serialize.py::test_chunk_serialize
0.00s call     hub/core/index/tests/test_index.py::test_merge_slices[start_none]
0.00s call     hub/core/index/tests/test_index.py::test_merge_slices[negative_step]
0.00s teardown hub/auto/tests/test_kaggle.py::test_ingestion_simple
0.00s teardown hub/core/tests/test_compression.py::test_verify[ppm]
0.00s teardown hub/core/tests/test_compression.py::test_verify[sgi]
0.00s teardown hub/api/tests/test_api.py::test_tensor_creation_fail_recovery
0.00s teardown hub/core/tests/test_compression.py::test_audio[wav]
0.00s teardown hub/core/index/tests/test_index.py::test_merge_slices[irregular_steps]
0.00s teardown hub/core/tests/test_compression.py::test_verify[tga]
0.00s setup    hub/core/transform/test_transform.py::test_pbar_description
0.00s teardown hub/core/tests/test_compression.py::test_verify[xbm]
0.00s teardown hub/core/tests/test_compression.py::test_array[tiff]
0.00s teardown hub/core/tests/test_compression.py::test_multi_array[pcx]
0.00s teardown hub/client/test_client.py::test_client_workspace_organizations
0.00s teardown hub/auto/tests/test_kaggle.py::test_kaggle_exception
0.00s teardown hub/core/index/tests/test_index.py::test_merge_slices[stop_second_none]
0.00s teardown hub/core/tiling/test_optimizer.py::test_tile_shape_compressed[tiff]
0.00s teardown hub/client/test_client.py::test_client_requests
0.00s teardown hub/core/tests/test_io.py::test_sequential_scheduler
0.00s setup    hub/core/tests/test_serialize.py::test_chunkids_serialize
0.00s teardown hub/core/index/tests/test_index.py::test_merge_slices[second_longer]
0.00s teardown hub/core/tests/test_compression.py::test_array[xbm]
0.00s teardown hub/core/tests/test_compression.py::test_array[ppm]
0.00s setup    hub/core/meta/encode/tests/test_chunk_id_encoder.py::test_failures
0.00s teardown hub/auto/tests/test_kaggle.py::test_ingestion_sets
0.00s teardown hub/core/tests/test_compression.py::test_multi_array[xbm]
0.00s call     hub/core/storage/tests/test_readonly.py::test_readonly_set[local_storage]
0.00s teardown hub/cli/test_cli.py::test_get_datasets
0.00s call     hub/api/tests/test_api.py::test_compressions_list
0.00s setup    hub/core/meta/encode/tests/test_chunk_id_encoder.py::test_trivial
0.00s setup    hub/core/meta/encode/tests/test_byte_positions_encoder_updates.py::test_update_no_change
0.00s setup    hub/api/tests/test_api.py::test_compressions_list
0.00s teardown hub/core/index/tests/test_index.py::test_merge_slices[start_none]
0.00s teardown hub/core/tests/test_compression.py::test_multi_array[ppm]
0.00s setup    hub/core/meta/encode/tests/test_shape_encoder.py::test_trivial
0.00s call     hub/core/storage/tests/test_readonly.py::test_readonly_flush[local_storage]
0.00s call     hub/core/index/tests/test_index.py::test_merge_slices[second_longer]
0.00s teardown hub/core/tests/test_compression.py::test_array[sgi]
0.00s call     hub/core/storage/tests/test_readonly.py::test_readonly_clear[local_storage]
0.00s call     hub/core/index/tests/test_index.py::test_merge_slices[stop_first_none]
0.00s teardown hub/core/tests/test_compression.py::test_array[tga]
0.00s teardown hub/core/tests/test_compression.py::test_multi_array[tiff]
0.00s setup    hub/core/tests/test_compression.py::test_lz4_empty
0.00s setup    hub/core/meta/encode/tests/test_byte_positions_encoder_updates.py::test_update_squeeze_trivial
0.00s teardown hub/core/tests/test_compression.py::test_multi_array[sgi]
0.00s call     hub/core/storage/tests/test_readonly.py::test_readonly_clear[memory_storage]
0.00s setup    hub/api/tests/test_api.py::test_htypes_list
0.00s setup    hub/core/tiling/test_serialize.py::test_serialize_tiles_gzip
0.00s call     hub/core/storage/tests/test_readonly.py::test_readonly_set[memory_storage]
0.00s teardown hub/core/tests/test_compression.py::test_array[lz4]
0.00s teardown hub/api/tests/test_events.py::test_commit_checkout_event
0.00s teardown hub/core/index/tests/test_index.py::test_merge_slices[stop_both_none]
0.00s call     hub/core/storage/tests/test_readonly.py::test_readonly_flush[memory_storage]
0.00s teardown hub/core/tests/test_compression.py::test_multi_array[lz4]
0.00s teardown hub/core/index/tests/test_index.py::test_merge_slices[stop_first_none]
0.00s setup    hub/core/meta/encode/tests/test_byte_positions_encoder.py::test_failures
0.00s setup    hub/core/tiling/test_serialize.py::test_serialize_tiles
0.00s setup    hub/core/meta/encode/tests/test_shape_encoder_updates.py::test_update_no_change
0.00s teardown hub/core/tests/test_compression.py::test_multi_array[tga]
0.00s teardown hub/api/tests/test_agreement.py::test_agreement_logged_out
0.00s setup    hub/core/meta/encode/tests/test_shape_encoder.py::test_scalars
0.00s setup    hub/core/meta/encode/tests/test_byte_positions_encoder.py::test_non_uniform
0.00s call     hub/api/tests/test_api.py::test_htypes_list
0.00s setup    hub/core/tests/test_compression.py::test_lz4_bc
0.00s call     hub/core/index/tests/test_index.py::test_merge_slices[stop_second_none]
0.00s teardown hub/core/tests/test_serialize.py::test_chunkids_serialize
0.00s call     hub/core/index/tests/test_index.py::test_merge_slices[irregular_steps]
0.00s call     hub/core/index/tests/test_index.py::test_merge_slices[stop_both_none]
0.00s setup    hub/core/meta/encode/tests/test_shape_encoder_updates.py::test_update_squeeze_trivial
0.00s setup    hub/core/meta/encode/tests/test_shape_encoder.py::test_failures
0.00s setup    hub/core/meta/encode/tests/test_chunk_id_encoder.py::test_ids
0.00s setup    hub/core/meta/encode/tests/test_shape_encoder.py::test_fixed
0.00s setup    hub/core/meta/encode/tests/test_byte_positions_encoder_updates.py::test_update_squeeze_complex
0.00s teardown hub/core/meta/encode/tests/test_chunk_id_encoder.py::test_ids
0.00s setup    hub/core/meta/encode/tests/test_shape_encoder_updates.py::test_update_squeeze_complex
0.00s setup    hub/core/meta/encode/tests/test_shape_encoder_updates.py::test_update_move_up
0.00s call     hub/core/tests/test_compression.py::test_lz4_empty
0.00s setup    hub/core/meta/encode/tests/test_shape_encoder_updates.py::test_update_squeeze_up
0.00s setup    hub/core/meta/encode/tests/test_shape_encoder_updates.py::test_update_squeeze_down
0.00s setup    hub/core/meta/encode/tests/test_shape_encoder_updates.py::test_update_split_middle
0.00s setup    hub/core/meta/encode/tests/test_shape_encoder.py::test_empty
0.00s setup    hub/core/meta/encode/tests/test_shape_encoder.py::test_dynamic
0.00s setup    hub/core/meta/encode/tests/test_shape_encoder_updates.py::test_update_split_down
0.00s teardown hub/core/meta/encode/tests/test_byte_positions_encoder_updates.py::test_update_squeeze_complex
0.00s teardown hub/core/meta/encode/tests/test_byte_positions_encoder.py::test_trivial
0.00s teardown hub/core/meta/encode/tests/test_shape_encoder.py::test_failures
0.00s setup    hub/core/meta/encode/tests/test_shape_encoder_updates.py::test_update_move_down
0.00s setup    hub/core/meta/encode/tests/test_shape_encoder_updates.py::test_update_replace
0.00s teardown hub/core/meta/encode/tests/test_shape_encoder_updates.py::test_update_split_middle
0.00s teardown hub/core/meta/encode/tests/test_byte_positions_encoder.py::test_failures
0.00s teardown hub/core/meta/encode/tests/test_chunk_id_encoder.py::test_trivial
0.00s teardown hub/api/tests/test_api.py::test_cloud_delete_doesnt_exist
0.00s teardown hub/api/tests/test_api.py::test_hub_dataset_suffix_bug
0.00s teardown hub/api/tests/test_api.py::test_compressions_list
0.00s teardown hub/core/tiling/test_serialize.py::test_break_into_tiles
0.00s teardown hub/api/tests/test_dataset.py::test_update_privacy
0.00s teardown hub/core/meta/encode/tests/test_chunk_id_encoder.py::test_failures
0.00s teardown hub/core/tiling/test_serialize.py::test_serialize_tiles
0.00s teardown hub/core/meta/encode/tests/test_byte_positions_encoder_updates.py::test_update_no_change
0.00s teardown hub/core/meta/encode/tests/test_byte_positions_encoder.py::test_non_uniform
0.00s teardown hub/api/tests/test_events.py::test_pytorch_progress_event
0.00s teardown hub/core/meta/encode/tests/test_byte_positions_encoder_updates.py::test_update_squeeze_trivial
0.00s teardown hub/core/meta/encode/tests/test_shape_encoder_updates.py::test_update_move_up
0.00s teardown hub/core/meta/encode/tests/test_shape_encoder_updates.py::test_update_no_change
0.00s teardown hub/core/meta/encode/tests/test_shape_encoder.py::test_empty
0.00s teardown hub/core/meta/encode/tests/test_shape_encoder_updates.py::test_update_squeeze_trivial
0.00s teardown hub/api/tests/test_agreement.py::test_not_agreement_logged_in
0.00s teardown hub/core/transform/test_transform.py::test_pbar_description
0.00s teardown hub/api/tests/test_api.py::test_htypes_list
0.00s teardown hub/api/tests/test_agreement.py::test_agreement_logged_in
0.00s teardown hub/core/meta/encode/tests/test_shape_encoder_updates.py::test_update_split_up
0.00s teardown hub/core/meta/encode/tests/test_shape_encoder.py::test_dynamic
0.00s teardown hub/api/tests/test_events.py::test_compute_progress_event
0.00s teardown hub/core/meta/encode/tests/test_shape_encoder.py::test_trivial
0.00s teardown hub/api/tests/test_events.py::test_query_progress_event
0.00s teardown hub/core/meta/encode/tests/test_shape_encoder.py::test_scalars
0.00s teardown hub/core/meta/encode/tests/test_shape_encoder_updates.py::test_update_squeeze_complex
0.00s teardown hub/core/meta/encode/tests/test_shape_encoder_updates.py::test_update_move_down
0.00s teardown hub/core/meta/encode/tests/test_shape_encoder_updates.py::test_update_replace
0.00s teardown hub/core/meta/encode/tests/test_shape_encoder_updates.py::test_update_squeeze_down
0.00s teardown hub/core/meta/encode/tests/test_shape_encoder.py::test_fixed
0.00s teardown hub/core/meta/encode/tests/test_shape_encoder_updates.py::test_update_squeeze_up
0.00s teardown hub/core/meta/encode/tests/test_shape_encoder_updates.py::test_update_split_down
0.00s teardown hub/core/tests/test_compression.py::test_lz4_empty
=========================== short test summary info ============================
FAILED api/tests/test_video.py::test_video[mp4-memory_ds] - hub.util.exceptio...
FAILED api/tests/test_video.py::test_video[mp4-local_ds] - hub.util.exception...
FAILED api/tests/test_video.py::test_video[mkv-memory_ds] - hub.util.exceptio...
FAILED api/tests/test_video.py::test_video[mkv-local_ds] - hub.util.exception...
FAILED api/tests/test_video.py::test_video[avi-memory_ds] - hub.util.exceptio...
FAILED api/tests/test_video.py::test_video[avi-local_ds] - hub.util.exception...
FAILED core/tests/test_compression.py::test_video[mp4] - hub.util.exceptions....
FAILED core/tests/test_compression.py::test_video[mkv] - hub.util.exceptions....
FAILED core/tests/test_compression.py::test_video[avi] - hub.util.exceptions....
!!!!!!!!!!!!!!!!!!!!!!!!!!!!!! KeyboardInterrupt !!!!!!!!!!!!!!!!!!!!!!!!!!!!!!!
/Users/abhinavtuli/miniconda3/lib/python3.9/threading.py:1049: KeyboardInterrupt
(to show a full traceback on KeyboardInterrupt use --full-trace)
= 9 failed, 373 passed, 111 skipped, 17 xfailed, 20 warnings in 364.56s (0:06:04) =
